[1.760s] DEBUG:colcon:Command line arguments: ['/usr/bin/colcon', 'build', '--packages-select', 'acceleration']
[1.760s] DEBUG:colcon:Parsed command line arguments: Namespace(allow_overriding=[], ament_cmake_args=None, base_paths=['.'], build_base='build', catkin_cmake_args=None, catkin_skip_building_tests=False, cmake_args=None, cmake_clean_cache=False, cmake_clean_first=False, cmake_force_configure=False, cmake_target=None, cmake_target_skip_unavailable=False, continue_on_error=False, event_handlers=None, executor='parallel', ignore_user_meta=False, install_base='install', log_base=None, log_level=None, main=<bound method BuildVerb.main of <colcon_core.verb.build.BuildVerb object at 0x7ff6ce26b8b0>>, merge_install=False, metas=['./colcon.meta'], packages_above=None, packages_above_and_dependencies=None, packages_above_depth=None, packages_end=None, packages_ignore=None, packages_ignore_regex=None, packages_select=['acceleration'], packages_select_build_failed=False, packages_select_by_dep=None, packages_select_regex=None, packages_select_test_failures=False, packages_skip=None, packages_skip_build_finished=False, packages_skip_by_dep=None, packages_skip_regex=None, packages_skip_test_passed=False, packages_skip_up_to=None, packages_start=None, packages_up_to=None, packages_up_to_regex=None, parallel_workers=6, paths=None, symlink_install=False, test_result_base=None, verb_extension=<colcon_core.verb.build.BuildVerb object at 0x7ff6ce26b8b0>, verb_name='build', verb_parser=<colcon_defaults.argument_parser.defaults.DefaultArgumentsDecorator object at 0x7ff6ce293220>)
[1.835s] Level 1:colcon.colcon_core.package_discovery:discover_packages(colcon_meta) check parameters
[1.835s] Level 1:colcon.colcon_core.package_discovery:discover_packages(recursive) check parameters
[1.835s] Level 1:colcon.colcon_core.package_discovery:discover_packages(ignore) check parameters
[1.835s] Level 1:colcon.colcon_core.package_discovery:discover_packages(path) check parameters
[1.835s] Level 1:colcon.colcon_core.package_discovery:discover_packages(colcon_meta) discover
[1.835s] Level 1:colcon.colcon_core.package_discovery:discover_packages(recursive) discover
[1.836s] INFO:colcon.colcon_core.package_discovery:Crawling recursively for packages in '/home/darragh/formula_trinity/fsai/acceleration_test'
[1.836s] Level 1:colcon.colcon_core.package_identification:_identify(.) by extensions ['ignore', 'ignore_ament_install']
[1.836s] Level 1:colcon.colcon_core.package_identification:_identify(.) by extension 'ignore'
[1.836s] Level 1:colcon.colcon_core.package_identification:_identify(.) by extension 'ignore_ament_install'
[1.836s] Level 1:colcon.colcon_core.package_identification:_identify(.) by extensions ['colcon_pkg']
[1.836s] Level 1:colcon.colcon_core.package_identification:_identify(.) by extension 'colcon_pkg'
[1.836s] Level 1:colcon.colcon_core.package_identification:_identify(.) by extensions ['colcon_meta']
[1.836s] Level 1:colcon.colcon_core.package_identification:_identify(.) by extension 'colcon_meta'
[1.836s] Level 1:colcon.colcon_core.package_identification:_identify(.) by extensions ['ros']
[1.836s] Level 1:colcon.colcon_core.package_identification:_identify(.) by extension 'ros'
[1.845s] Level 1:colcon.colcon_core.package_identification:_identify(.) by extensions ['cmake', 'python']
[1.845s] Level 1:colcon.colcon_core.package_identification:_identify(.) by extension 'cmake'
[1.845s] Level 1:colcon.colcon_core.package_identification:_identify(.) by extension 'python'
[1.845s] Level 1:colcon.colcon_core.package_identification:_identify(.) by extensions ['python_setup_py']
[1.845s] Level 1:colcon.colcon_core.package_identification:_identify(.) by extension 'python_setup_py'
[1.845s] Level 1:colcon.colcon_core.package_identification:_identify(build) by extensions ['ignore', 'ignore_ament_install']
[1.845s] Level 1:colcon.colcon_core.package_identification:_identify(build) by extension 'ignore'
[1.845s] Level 1:colcon.colcon_core.package_identification:_identify(build) ignored
[1.845s] Level 1:colcon.colcon_core.package_identification:_identify(install) by extensions ['ignore', 'ignore_ament_install']
[1.845s] Level 1:colcon.colcon_core.package_identification:_identify(install) by extension 'ignore'
[1.846s] Level 1:colcon.colcon_core.package_identification:_identify(install) ignored
[1.846s] Level 1:colcon.colcon_core.package_identification:_identify(log) by extensions ['ignore', 'ignore_ament_install']
[1.846s] Level 1:colcon.colcon_core.package_identification:_identify(log) by extension 'ignore'
[1.846s] Level 1:colcon.colcon_core.package_identification:_identify(log) ignored
[1.846s] Level 1:colcon.colcon_core.package_identification:_identify(src) by extensions ['ignore', 'ignore_ament_install']
[1.846s] Level 1:colcon.colcon_core.package_identification:_identify(src) by extension 'ignore'
[1.846s] Level 1:colcon.colcon_core.package_identification:_identify(src) by extension 'ignore_ament_install'
[1.846s] Level 1:colcon.colcon_core.package_identification:_identify(src) by extensions ['colcon_pkg']
[1.846s] Level 1:colcon.colcon_core.package_identification:_identify(src) by extension 'colcon_pkg'
[1.846s] Level 1:colcon.colcon_core.package_identification:_identify(src) by extensions ['colcon_meta']
[1.846s] Level 1:colcon.colcon_core.package_identification:_identify(src) by extension 'colcon_meta'
[1.846s] Level 1:colcon.colcon_core.package_identification:_identify(src) by extensions ['ros']
[1.846s] Level 1:colcon.colcon_core.package_identification:_identify(src) by extension 'ros'
[1.846s] Level 1:colcon.colcon_core.package_identification:_identify(src) by extensions ['cmake', 'python']
[1.846s] Level 1:colcon.colcon_core.package_identification:_identify(src) by extension 'cmake'
[1.846s] Level 1:colcon.colcon_core.package_identification:_identify(src) by extension 'python'
[1.846s] Level 1:colcon.colcon_core.package_identification:_identify(src) by extensions ['python_setup_py']
[1.846s] Level 1:colcon.colcon_core.package_identification:_identify(src) by extension 'python_setup_py'
[1.846s] Level 1:colcon.colcon_core.package_identification:_identify(src/acceleration) by extensions ['ignore', 'ignore_ament_install']
[1.846s] Level 1:colcon.colcon_core.package_identification:_identify(src/acceleration) by extension 'ignore'
[1.846s] Level 1:colcon.colcon_core.package_identification:_identify(src/acceleration) by extension 'ignore_ament_install'
[1.846s] Level 1:colcon.colcon_core.package_identification:_identify(src/acceleration) by extensions ['colcon_pkg']
[1.847s] Level 1:colcon.colcon_core.package_identification:_identify(src/acceleration) by extension 'colcon_pkg'
[1.847s] Level 1:colcon.colcon_core.package_identification:_identify(src/acceleration) by extensions ['colcon_meta']
[1.847s] Level 1:colcon.colcon_core.package_identification:_identify(src/acceleration) by extension 'colcon_meta'
[1.847s] Level 1:colcon.colcon_core.package_identification:_identify(src/acceleration) by extensions ['ros']
[1.847s] Level 1:colcon.colcon_core.package_identification:_identify(src/acceleration) by extension 'ros'
[1.849s] DEBUG:colcon.colcon_core.package_identification:Package 'src/acceleration' with type 'ros.ament_python' and name 'acceleration'
[1.849s] Level 1:colcon.colcon_core.package_identification:_identify(src/costom_msg) by extensions ['ignore', 'ignore_ament_install']
[1.849s] Level 1:colcon.colcon_core.package_identification:_identify(src/costom_msg) by extension 'ignore'
[1.849s] Level 1:colcon.colcon_core.package_identification:_identify(src/costom_msg) by extension 'ignore_ament_install'
[1.849s] Level 1:colcon.colcon_core.package_identification:_identify(src/costom_msg) by extensions ['colcon_pkg']
[1.849s] Level 1:colcon.colcon_core.package_identification:_identify(src/costom_msg) by extension 'colcon_pkg'
[1.849s] Level 1:colcon.colcon_core.package_identification:_identify(src/costom_msg) by extensions ['colcon_meta']
[1.849s] Level 1:colcon.colcon_core.package_identification:_identify(src/costom_msg) by extension 'colcon_meta'
[1.850s] Level 1:colcon.colcon_core.package_identification:_identify(src/costom_msg) by extensions ['ros']
[1.850s] Level 1:colcon.colcon_core.package_identification:_identify(src/costom_msg) by extension 'ros'
[1.850s] DEBUG:colcon.colcon_core.package_identification:Package 'src/costom_msg' with type 'ros.ament_cmake' and name 'costom_msg'
[1.850s] Level 1:colcon.colcon_core.package_discovery:discover_packages(recursive) using defaults
[1.850s] Level 1:colcon.colcon_core.package_discovery:discover_packages(ignore) discover
[1.850s] Level 1:colcon.colcon_core.package_discovery:discover_packages(ignore) using defaults
[1.850s] Level 1:colcon.colcon_core.package_discovery:discover_packages(path) discover
[1.850s] Level 1:colcon.colcon_core.package_discovery:discover_packages(path) using defaults
[1.963s] INFO:colcon.colcon_core.package_selection:Skipping not selected package 'costom_msg' in 'src/costom_msg'
[2.022s] Level 1:colcon.colcon_core.package_discovery:discover_packages(prefix_path) check parameters
[2.022s] Level 1:colcon.colcon_core.package_discovery:discover_packages(prefix_path) discover
[2.081s] DEBUG:colcon.colcon_installed_package_information.package_discovery:Found 1 installed packages in /home/darragh/formula_trinity/fsai/install
[2.111s] DEBUG:colcon.colcon_installed_package_information.package_discovery:Found 280 installed packages in /opt/ros/galactic
[2.112s] Level 1:colcon.colcon_core.package_discovery:discover_packages(prefix_path) using defaults
[2.233s] Level 5:colcon.colcon_core.verb:set package 'acceleration' build argument 'cmake_args' from command line to 'None'
[2.233s] Level 5:colcon.colcon_core.verb:set package 'acceleration' build argument 'cmake_target' from command line to 'None'
[2.233s] Level 5:colcon.colcon_core.verb:set package 'acceleration' build argument 'cmake_target_skip_unavailable' from command line to 'False'
[2.233s] Level 5:colcon.colcon_core.verb:set package 'acceleration' build argument 'cmake_clean_cache' from command line to 'False'
[2.233s] Level 5:colcon.colcon_core.verb:set package 'acceleration' build argument 'cmake_clean_first' from command line to 'False'
[2.233s] Level 5:colcon.colcon_core.verb:set package 'acceleration' build argument 'cmake_force_configure' from command line to 'False'
[2.233s] Level 5:colcon.colcon_core.verb:set package 'acceleration' build argument 'ament_cmake_args' from command line to 'None'
[2.233s] Level 5:colcon.colcon_core.verb:set package 'acceleration' build argument 'catkin_cmake_args' from command line to 'None'
[2.233s] Level 5:colcon.colcon_core.verb:set package 'acceleration' build argument 'catkin_skip_building_tests' from command line to 'False'
[2.233s] DEBUG:colcon.colcon_core.verb:Building package 'acceleration' with the following arguments: {'ament_cmake_args': None, 'build_base': '/home/darragh/formula_trinity/fsai/acceleration_test/build/acceleration', 'catkin_cmake_args': None, 'catkin_skip_building_tests': False, 'cmake_args': None, 'cmake_clean_cache': False, 'cmake_clean_first': False, 'cmake_force_configure': False, 'cmake_target': None, 'cmake_target_skip_unavailable': False, 'install_base': '/home/darragh/formula_trinity/fsai/acceleration_test/install/acceleration', 'merge_install': False, 'path': '/home/darragh/formula_trinity/fsai/acceleration_test/src/acceleration', 'symlink_install': False, 'test_result_base': None}
[2.275s] INFO:colcon.colcon_core.executor:Executing jobs using 'parallel' executor
[2.304s] DEBUG:colcon.colcon_parallel_executor.executor.parallel:run_until_complete
[2.304s] INFO:colcon.colcon_ros.task.ament_python.build:Building ROS package in '/home/darragh/formula_trinity/fsai/acceleration_test/src/acceleration' with build type 'ament_python'
[2.305s] Level 1:colcon.colcon_core.shell:create_environment_hook('acceleration', 'ament_prefix_path')
[2.336s] INFO:colcon.colcon_core.plugin_system:Skipping extension 'colcon_core.shell.bat': Not used on non-Windows systems
[2.336s] INFO:colcon.colcon_core.shell:Creating environment hook '/home/darragh/formula_trinity/fsai/acceleration_test/install/acceleration/share/acceleration/hook/ament_prefix_path.ps1'
[2.337s] INFO:colcon.colcon_core.shell:Creating environment descriptor '/home/darragh/formula_trinity/fsai/acceleration_test/install/acceleration/share/acceleration/hook/ament_prefix_path.dsv'
[2.337s] INFO:colcon.colcon_core.shell:Creating environment hook '/home/darragh/formula_trinity/fsai/acceleration_test/install/acceleration/share/acceleration/hook/ament_prefix_path.sh'
[2.366s] INFO:colcon.colcon_core.shell:Skip shell extension 'powershell' for command environment: Not usable outside of PowerShell
[2.367s] DEBUG:colcon.colcon_core.shell:Skip shell extension 'dsv' for command environment
[2.656s] INFO:colcon.colcon_core.task.python.build:Building Python package in '/home/darragh/formula_trinity/fsai/acceleration_test/src/acceleration'
[2.693s] INFO:colcon.colcon_core.shell:Skip shell extension 'powershell' for command environment: Not usable outside of PowerShell
[2.693s] DEBUG:colcon.colcon_core.shell:Skip shell extension 'dsv' for command environment
[3.147s] DEBUG:colcon.colcon_core.event_handler.log_command:Invoking command in '/home/darragh/formula_trinity/fsai/acceleration_test/src/acceleration': AMENT_PREFIX_PATH=/home/darragh/formula_trinity/fsai/acceleration_test/install/costom_msg:${AMENT_PREFIX_PATH} CMAKE_PREFIX_PATH=/home/darragh/formula_trinity/fsai/acceleration_test/install/costom_msg LD_LIBRARY_PATH=/home/darragh/formula_trinity/fsai/acceleration_test/install/costom_msg/lib:${LD_LIBRARY_PATH} PYTHONPATH=/home/darragh/formula_trinity/fsai/acceleration_test/build/acceleration/prefix_override:/home/darragh/formula_trinity/fsai/acceleration_test/install/acceleration/lib/python3.8/site-packages:/home/darragh/formula_trinity/fsai/acceleration_test/install/costom_msg/lib/python3.8/site-packages:${PYTHONPATH} /usr/bin/python3 setup.py egg_info --egg-base ../../build/acceleration build --build-base /home/darragh/formula_trinity/fsai/acceleration_test/build/acceleration/build install --record /home/darragh/formula_trinity/fsai/acceleration_test/build/acceleration/install.log --single-version-externally-managed
[3.389s] DEBUG:colcon.colcon_core.event_handler.log_command:Invoked command in '/home/darragh/formula_trinity/fsai/acceleration_test/src/acceleration' returned '0': AMENT_PREFIX_PATH=/home/darragh/formula_trinity/fsai/acceleration_test/install/costom_msg:${AMENT_PREFIX_PATH} CMAKE_PREFIX_PATH=/home/darragh/formula_trinity/fsai/acceleration_test/install/costom_msg LD_LIBRARY_PATH=/home/darragh/formula_trinity/fsai/acceleration_test/install/costom_msg/lib:${LD_LIBRARY_PATH} PYTHONPATH=/home/darragh/formula_trinity/fsai/acceleration_test/build/acceleration/prefix_override:/home/darragh/formula_trinity/fsai/acceleration_test/install/acceleration/lib/python3.8/site-packages:/home/darragh/formula_trinity/fsai/acceleration_test/install/costom_msg/lib/python3.8/site-packages:${PYTHONPATH} /usr/bin/python3 setup.py egg_info --egg-base ../../build/acceleration build --build-base /home/darragh/formula_trinity/fsai/acceleration_test/build/acceleration/build install --record /home/darragh/formula_trinity/fsai/acceleration_test/build/acceleration/install.log --single-version-externally-managed
[3.429s] Level 1:colcon.colcon_core.environment:checking '/home/darragh/formula_trinity/fsai/acceleration_test/install/acceleration' for CMake module files
[3.430s] Level 1:colcon.colcon_core.environment:checking '/home/darragh/formula_trinity/fsai/acceleration_test/install/acceleration' for CMake config files
[3.430s] Level 1:colcon.colcon_core.environment:checking '/home/darragh/formula_trinity/fsai/acceleration_test/install/acceleration/lib'
[3.430s] Level 1:colcon.colcon_core.environment:checking '/home/darragh/formula_trinity/fsai/acceleration_test/install/acceleration/bin'
[3.431s] Level 1:colcon.colcon_core.environment:checking '/home/darragh/formula_trinity/fsai/acceleration_test/install/acceleration/lib/pkgconfig/acceleration.pc'
[3.431s] Level 1:colcon.colcon_core.environment:checking '/home/darragh/formula_trinity/fsai/acceleration_test/install/acceleration/lib/python3.8/site-packages'
[3.431s] Level 1:colcon.colcon_core.shell:create_environment_hook('acceleration', 'pythonpath')
[3.460s] INFO:colcon.colcon_core.shell:Creating environment hook '/home/darragh/formula_trinity/fsai/acceleration_test/install/acceleration/share/acceleration/hook/pythonpath.ps1'
[3.461s] INFO:colcon.colcon_core.shell:Creating environment descriptor '/home/darragh/formula_trinity/fsai/acceleration_test/install/acceleration/share/acceleration/hook/pythonpath.dsv'
[3.461s] INFO:colcon.colcon_core.shell:Creating environment hook '/home/darragh/formula_trinity/fsai/acceleration_test/install/acceleration/share/acceleration/hook/pythonpath.sh'
[3.462s] Level 1:colcon.colcon_core.environment:checking '/home/darragh/formula_trinity/fsai/acceleration_test/install/acceleration/bin'
[3.462s] Level 1:colcon.colcon_core.environment:create_environment_scripts_only(acceleration)
[3.498s] INFO:colcon.colcon_core.shell:Creating package script '/home/darragh/formula_trinity/fsai/acceleration_test/install/acceleration/share/acceleration/package.ps1'
[3.499s] INFO:colcon.colcon_core.shell:Creating package descriptor '/home/darragh/formula_trinity/fsai/acceleration_test/install/acceleration/share/acceleration/package.dsv'
[3.499s] INFO:colcon.colcon_core.shell:Creating package script '/home/darragh/formula_trinity/fsai/acceleration_test/install/acceleration/share/acceleration/package.sh'
[3.500s] INFO:colcon.colcon_core.shell:Creating package script '/home/darragh/formula_trinity/fsai/acceleration_test/install/acceleration/share/acceleration/package.bash'
[3.500s] INFO:colcon.colcon_core.shell:Creating package script '/home/darragh/formula_trinity/fsai/acceleration_test/install/acceleration/share/acceleration/package.zsh'
[3.501s] Level 1:colcon.colcon_core.environment:create_file_with_runtime_dependencies(/home/darragh/formula_trinity/fsai/acceleration_test/install/acceleration/share/colcon-core/packages/acceleration)
[3.501s] DEBUG:colcon.colcon_parallel_executor.executor.parallel:closing loop
[3.501s] DEBUG:colcon.colcon_parallel_executor.executor.parallel:loop closed
[3.501s] DEBUG:colcon.colcon_parallel_executor.executor.parallel:run_until_complete finished with '0'
[3.502s] DEBUG:colcon.colcon_core.event_reactor:joining thread
[3.545s] INFO:colcon.colcon_core.plugin_system:Skipping extension 'colcon_notification.desktop_notification.terminal_notifier': Not used on non-Darwin systems
[3.545s] INFO:colcon.colcon_core.plugin_system:Skipping extension 'colcon_notification.desktop_notification.win32': Not used on non-Windows systems
[3.545s] INFO:colcon.colcon_notification.desktop_notification:Sending desktop notification using 'notify2'
[3.566s] DEBUG:colcon.colcon_core.event_reactor:joined thread
[3.600s] INFO:colcon.colcon_core.shell:Creating prefix script '/home/darragh/formula_trinity/fsai/acceleration_test/install/local_setup.ps1'
[3.602s] INFO:colcon.colcon_core.shell:Creating prefix util module '/home/darragh/formula_trinity/fsai/acceleration_test/install/_local_setup_util_ps1.py'
[3.603s] INFO:colcon.colcon_core.shell:Creating prefix chain script '/home/darragh/formula_trinity/fsai/acceleration_test/install/setup.ps1'
[3.633s] INFO:colcon.colcon_core.shell:Creating prefix script '/home/darragh/formula_trinity/fsai/acceleration_test/install/local_setup.sh'
[3.634s] INFO:colcon.colcon_core.shell:Creating prefix util module '/home/darragh/formula_trinity/fsai/acceleration_test/install/_local_setup_util_sh.py'
[3.634s] INFO:colcon.colcon_core.shell:Creating prefix chain script '/home/darragh/formula_trinity/fsai/acceleration_test/install/setup.sh'
[3.665s] INFO:colcon.colcon_core.shell:Creating prefix script '/home/darragh/formula_trinity/fsai/acceleration_test/install/local_setup.bash'
[3.666s] INFO:colcon.colcon_core.shell:Creating prefix chain script '/home/darragh/formula_trinity/fsai/acceleration_test/install/setup.bash'
[3.696s] INFO:colcon.colcon_core.shell:Creating prefix script '/home/darragh/formula_trinity/fsai/acceleration_test/install/local_setup.zsh'
[3.696s] INFO:colcon.colcon_core.shell:Creating prefix chain script '/home/darragh/formula_trinity/fsai/acceleration_test/install/setup.zsh'
