running egg_info
creating ../../build/acceleration/acceleration.egg-info
writing ../../build/acceleration/acceleration.egg-info/PKG-INFO
writing dependency_links to ../../build/acceleration/acceleration.egg-info/dependency_links.txt
writing entry points to ../../build/acceleration/acceleration.egg-info/entry_points.txt
writing requirements to ../../build/acceleration/acceleration.egg-info/requires.txt
writing top-level names to ../../build/acceleration/acceleration.egg-info/top_level.txt
writing manifest file '../../build/acceleration/acceleration.egg-info/SOURCES.txt'
reading manifest file '../../build/acceleration/acceleration.egg-info/SOURCES.txt'
writing manifest file '../../build/acceleration/acceleration.egg-info/SOURCES.txt'
running build
running build_py
creating /home/darragh/formula_trinity/fsai/acceleration_test/build/acceleration/build
creating /home/darragh/formula_trinity/fsai/acceleration_test/build/acceleration/build/lib
creating /home/darragh/formula_trinity/fsai/acceleration_test/build/acceleration/build/lib/acceleration
copying acceleration/__init__.py -> /home/darragh/formula_trinity/fsai/acceleration_test/build/acceleration/build/lib/acceleration
copying acceleration/accel.py -> /home/darragh/formula_trinity/fsai/acceleration_test/build/acceleration/build/lib/acceleration
running install
running install_lib
creating /home/darragh/formula_trinity/fsai/acceleration_test/install/acceleration/lib/python3.8/site-packages/acceleration
copying /home/darragh/formula_trinity/fsai/acceleration_test/build/acceleration/build/lib/acceleration/__init__.py -> /home/darragh/formula_trinity/fsai/acceleration_test/install/acceleration/lib/python3.8/site-packages/acceleration
copying /home/darragh/formula_trinity/fsai/acceleration_test/build/acceleration/build/lib/acceleration/accel.py -> /home/darragh/formula_trinity/fsai/acceleration_test/install/acceleration/lib/python3.8/site-packages/acceleration
byte-compiling /home/darragh/formula_trinity/fsai/acceleration_test/install/acceleration/lib/python3.8/site-packages/acceleration/__init__.py to __init__.cpython-38.pyc
byte-compiling /home/darragh/formula_trinity/fsai/acceleration_test/install/acceleration/lib/python3.8/site-packages/acceleration/accel.py to accel.cpython-38.pyc
running install_data
creating /home/darragh/formula_trinity/fsai/acceleration_test/install/acceleration/share/ament_index
creating /home/darragh/formula_trinity/fsai/acceleration_test/install/acceleration/share/ament_index/resource_index
creating /home/darragh/formula_trinity/fsai/acceleration_test/install/acceleration/share/ament_index/resource_index/packages
copying resource/acceleration -> /home/darragh/formula_trinity/fsai/acceleration_test/install/acceleration/share/ament_index/resource_index/packages
copying package.xml -> /home/darragh/formula_trinity/fsai/acceleration_test/install/acceleration/share/acceleration
running install_egg_info
Copying ../../build/acceleration/acceleration.egg-info to /home/darragh/formula_trinity/fsai/acceleration_test/install/acceleration/lib/python3.8/site-packages/acceleration-0.0.0-py3.8.egg-info
running install_scripts
Installing accel_test script to /home/darragh/formula_trinity/fsai/acceleration_test/install/acceleration/lib/acceleration
writing list of installed files to '/home/darragh/formula_trinity/fsai/acceleration_test/build/acceleration/install.log'
