[1.035s] Invoking command in '/home/darragh/formula_trinity/fsai/acceleration_test/src/acceleration': AMENT_PREFIX_PATH=/home/darragh/formula_trinity/fsai/acceleration_test/install/costom_msg:${AMENT_PREFIX_PATH} CMAKE_PREFIX_PATH=/home/darragh/formula_trinity/fsai/acceleration_test/install/costom_msg:${CMAKE_PREFIX_PATH} LD_LIBRARY_PATH=/home/darragh/formula_trinity/fsai/acceleration_test/install/costom_msg/lib:${LD_LIBRARY_PATH} PYTHONPATH=/home/darragh/formula_trinity/fsai/acceleration_test/build/acceleration/prefix_override:/home/darragh/formula_trinity/fsai/acceleration_test/install/acceleration/lib/python3.8/site-packages:/home/darragh/formula_trinity/fsai/acceleration_test/install/costom_msg/lib/python3.8/site-packages:${PYTHONPATH} /usr/bin/python3 setup.py egg_info --egg-base ../../build/acceleration build --build-base /home/darragh/formula_trinity/fsai/acceleration_test/build/acceleration/build install --record /home/darragh/formula_trinity/fsai/acceleration_test/build/acceleration/install.log --single-version-externally-managed
[1.206s] running egg_info
[1.206s] creating ../../build/acceleration/acceleration.egg-info
[1.206s] writing ../../build/acceleration/acceleration.egg-info/PKG-INFO
[1.207s] writing dependency_links to ../../build/acceleration/acceleration.egg-info/dependency_links.txt
[1.207s] writing entry points to ../../build/acceleration/acceleration.egg-info/entry_points.txt
[1.207s] writing requirements to ../../build/acceleration/acceleration.egg-info/requires.txt
[1.207s] writing top-level names to ../../build/acceleration/acceleration.egg-info/top_level.txt
[1.211s] writing manifest file '../../build/acceleration/acceleration.egg-info/SOURCES.txt'
[1.238s] reading manifest file '../../build/acceleration/acceleration.egg-info/SOURCES.txt'
[1.238s] writing manifest file '../../build/acceleration/acceleration.egg-info/SOURCES.txt'
[1.239s] running build
[1.239s] running build_py
[1.239s] creating /home/darragh/formula_trinity/fsai/acceleration_test/build/acceleration/build
[1.239s] creating /home/darragh/formula_trinity/fsai/acceleration_test/build/acceleration/build/lib
[1.239s] creating /home/darragh/formula_trinity/fsai/acceleration_test/build/acceleration/build/lib/acceleration
[1.239s] copying acceleration/__init__.py -> /home/darragh/formula_trinity/fsai/acceleration_test/build/acceleration/build/lib/acceleration
[1.240s] copying acceleration/accel.py -> /home/darragh/formula_trinity/fsai/acceleration_test/build/acceleration/build/lib/acceleration
[1.240s] running install
[1.240s] running install_lib
[1.240s] creating /home/darragh/formula_trinity/fsai/acceleration_test/install/acceleration/lib/python3.8/site-packages/acceleration
[1.240s] copying /home/darragh/formula_trinity/fsai/acceleration_test/build/acceleration/build/lib/acceleration/__init__.py -> /home/darragh/formula_trinity/fsai/acceleration_test/install/acceleration/lib/python3.8/site-packages/acceleration
[1.241s] copying /home/darragh/formula_trinity/fsai/acceleration_test/build/acceleration/build/lib/acceleration/accel.py -> /home/darragh/formula_trinity/fsai/acceleration_test/install/acceleration/lib/python3.8/site-packages/acceleration
[1.241s] byte-compiling /home/darragh/formula_trinity/fsai/acceleration_test/install/acceleration/lib/python3.8/site-packages/acceleration/__init__.py to __init__.cpython-38.pyc
[1.241s] byte-compiling /home/darragh/formula_trinity/fsai/acceleration_test/install/acceleration/lib/python3.8/site-packages/acceleration/accel.py to accel.cpython-38.pyc
[1.242s] running install_data
[1.242s] creating /home/darragh/formula_trinity/fsai/acceleration_test/install/acceleration/share/ament_index
[1.242s] creating /home/darragh/formula_trinity/fsai/acceleration_test/install/acceleration/share/ament_index/resource_index
[1.242s] creating /home/darragh/formula_trinity/fsai/acceleration_test/install/acceleration/share/ament_index/resource_index/packages
[1.243s] copying resource/acceleration -> /home/darragh/formula_trinity/fsai/acceleration_test/install/acceleration/share/ament_index/resource_index/packages
[1.243s] copying package.xml -> /home/darragh/formula_trinity/fsai/acceleration_test/install/acceleration/share/acceleration
[1.243s] running install_egg_info
[1.244s] Copying ../../build/acceleration/acceleration.egg-info to /home/darragh/formula_trinity/fsai/acceleration_test/install/acceleration/lib/python3.8/site-packages/acceleration-0.0.0-py3.8.egg-info
[1.244s] running install_scripts
[1.257s] Installing accel_test script to /home/darragh/formula_trinity/fsai/acceleration_test/install/acceleration/lib/acceleration
[1.258s] writing list of installed files to '/home/darragh/formula_trinity/fsai/acceleration_test/build/acceleration/install.log'
[1.281s] Invoked command in '/home/darragh/formula_trinity/fsai/acceleration_test/src/acceleration' returned '0': AMENT_PREFIX_PATH=/home/darragh/formula_trinity/fsai/acceleration_test/install/costom_msg:${AMENT_PREFIX_PATH} CMAKE_PREFIX_PATH=/home/darragh/formula_trinity/fsai/acceleration_test/install/costom_msg:${CMAKE_PREFIX_PATH} LD_LIBRARY_PATH=/home/darragh/formula_trinity/fsai/acceleration_test/install/costom_msg/lib:${LD_LIBRARY_PATH} PYTHONPATH=/home/darragh/formula_trinity/fsai/acceleration_test/build/acceleration/prefix_override:/home/darragh/formula_trinity/fsai/acceleration_test/install/acceleration/lib/python3.8/site-packages:/home/darragh/formula_trinity/fsai/acceleration_test/install/costom_msg/lib/python3.8/site-packages:${PYTHONPATH} /usr/bin/python3 setup.py egg_info --egg-base ../../build/acceleration build --build-base /home/darragh/formula_trinity/fsai/acceleration_test/build/acceleration/build install --record /home/darragh/formula_trinity/fsai/acceleration_test/build/acceleration/install.log --single-version-externally-managed
