[0.893s] Invoking command in '/home/darragh/formula_trinity/fsai/acceleration_test/src/acceleration': AMENT_PREFIX_PATH=/home/darragh/formula_trinity/fsai/acceleration_test/install/costom_msg:${AMENT_PREFIX_PATH} CMAKE_PREFIX_PATH=/home/darragh/formula_trinity/fsai/acceleration_test/install/costom_msg LD_LIBRARY_PATH=/home/darragh/formula_trinity/fsai/acceleration_test/install/costom_msg/lib:${LD_LIBRARY_PATH} PYTHONPATH=/home/darragh/formula_trinity/fsai/acceleration_test/build/acceleration/prefix_override:/home/darragh/formula_trinity/fsai/acceleration_test/install/acceleration/lib/python3.8/site-packages:/home/darragh/formula_trinity/fsai/acceleration_test/install/costom_msg/lib/python3.8/site-packages:${PYTHONPATH} /usr/bin/python3 setup.py egg_info --egg-base ../../build/acceleration build --build-base /home/darragh/formula_trinity/fsai/acceleration_test/build/acceleration/build install --record /home/darragh/formula_trinity/fsai/acceleration_test/build/acceleration/install.log --single-version-externally-managed
[1.072s] running egg_info
[1.072s] writing ../../build/acceleration/acceleration.egg-info/PKG-INFO
[1.072s] writing dependency_links to ../../build/acceleration/acceleration.egg-info/dependency_links.txt
[1.072s] writing entry points to ../../build/acceleration/acceleration.egg-info/entry_points.txt
[1.073s] writing requirements to ../../build/acceleration/acceleration.egg-info/requires.txt
[1.073s] writing top-level names to ../../build/acceleration/acceleration.egg-info/top_level.txt
[1.102s] reading manifest file '../../build/acceleration/acceleration.egg-info/SOURCES.txt'
[1.103s] writing manifest file '../../build/acceleration/acceleration.egg-info/SOURCES.txt'
[1.103s] running build
[1.103s] running build_py
[1.103s] copying acceleration/accel.py -> /home/darragh/formula_trinity/fsai/acceleration_test/build/acceleration/build/lib/acceleration
[1.103s] running install
[1.104s] running install_lib
[1.105s] copying /home/darragh/formula_trinity/fsai/acceleration_test/build/acceleration/build/lib/acceleration/accel.py -> /home/darragh/formula_trinity/fsai/acceleration_test/install/acceleration/lib/python3.8/site-packages/acceleration
[1.105s] byte-compiling /home/darragh/formula_trinity/fsai/acceleration_test/install/acceleration/lib/python3.8/site-packages/acceleration/accel.py to accel.cpython-38.pyc
[1.107s] running install_data
[1.108s] running install_egg_info
[1.110s] removing '/home/darragh/formula_trinity/fsai/acceleration_test/install/acceleration/lib/python3.8/site-packages/acceleration-0.0.0-py3.8.egg-info' (and everything under it)
[1.112s] Copying ../../build/acceleration/acceleration.egg-info to /home/darragh/formula_trinity/fsai/acceleration_test/install/acceleration/lib/python3.8/site-packages/acceleration-0.0.0-py3.8.egg-info
[1.112s] running install_scripts
[1.128s] Installing accel_test script to /home/darragh/formula_trinity/fsai/acceleration_test/install/acceleration/lib/acceleration
[1.129s] writing list of installed files to '/home/darragh/formula_trinity/fsai/acceleration_test/build/acceleration/install.log'
[1.170s] Invoked command in '/home/darragh/formula_trinity/fsai/acceleration_test/src/acceleration' returned '0': AMENT_PREFIX_PATH=/home/darragh/formula_trinity/fsai/acceleration_test/install/costom_msg:${AMENT_PREFIX_PATH} CMAKE_PREFIX_PATH=/home/darragh/formula_trinity/fsai/acceleration_test/install/costom_msg LD_LIBRARY_PATH=/home/darragh/formula_trinity/fsai/acceleration_test/install/costom_msg/lib:${LD_LIBRARY_PATH} PYTHONPATH=/home/darragh/formula_trinity/fsai/acceleration_test/build/acceleration/prefix_override:/home/darragh/formula_trinity/fsai/acceleration_test/install/acceleration/lib/python3.8/site-packages:/home/darragh/formula_trinity/fsai/acceleration_test/install/costom_msg/lib/python3.8/site-packages:${PYTHONPATH} /usr/bin/python3 setup.py egg_info --egg-base ../../build/acceleration build --build-base /home/darragh/formula_trinity/fsai/acceleration_test/build/acceleration/build install --record /home/darragh/formula_trinity/fsai/acceleration_test/build/acceleration/install.log --single-version-externally-managed
