[1.034s] Invoking command in '/home/darragh/formula_trinity/fsai/acceleration_test/src/acceleration': AMENT_PREFIX_PATH=/home/darragh/formula_trinity/fsai/acceleration_test/install/costom_msg:${AMENT_PREFIX_PATH} CMAKE_PREFIX_PATH=/home/darragh/formula_trinity/fsai/acceleration_test/install/costom_msg:${CMAKE_PREFIX_PATH} LD_LIBRARY_PATH=/home/darragh/formula_trinity/fsai/acceleration_test/install/costom_msg/lib:${LD_LIBRARY_PATH} PYTHONPATH=/home/darragh/formula_trinity/fsai/acceleration_test/build/acceleration/prefix_override:/home/darragh/formula_trinity/fsai/acceleration_test/install/acceleration/lib/python3.8/site-packages:/home/darragh/formula_trinity/fsai/acceleration_test/install/costom_msg/lib/python3.8/site-packages:${PYTHONPATH} /usr/bin/python3 setup.py egg_info --egg-base ../../build/acceleration build --build-base /home/darragh/formula_trinity/fsai/acceleration_test/build/acceleration/build install --record /home/darragh/formula_trinity/fsai/acceleration_test/build/acceleration/install.log --single-version-externally-managed
[1.219s] running egg_info
[1.219s] writing ../../build/acceleration/acceleration.egg-info/PKG-INFO
[1.220s] writing dependency_links to ../../build/acceleration/acceleration.egg-info/dependency_links.txt
[1.220s] writing entry points to ../../build/acceleration/acceleration.egg-info/entry_points.txt
[1.220s] writing requirements to ../../build/acceleration/acceleration.egg-info/requires.txt
[1.220s] writing top-level names to ../../build/acceleration/acceleration.egg-info/top_level.txt
[1.252s] reading manifest file '../../build/acceleration/acceleration.egg-info/SOURCES.txt'
[1.253s] writing manifest file '../../build/acceleration/acceleration.egg-info/SOURCES.txt'
[1.253s] running build
[1.253s] running build_py
[1.253s] copying acceleration/accel.py -> /home/darragh/formula_trinity/fsai/acceleration_test/build/acceleration/build/lib/acceleration
[1.254s] running install
[1.255s] running install_lib
[1.256s] copying /home/darragh/formula_trinity/fsai/acceleration_test/build/acceleration/build/lib/acceleration/accel.py -> /home/darragh/formula_trinity/fsai/acceleration_test/install/acceleration/lib/python3.8/site-packages/acceleration
[1.256s] byte-compiling /home/darragh/formula_trinity/fsai/acceleration_test/install/acceleration/lib/python3.8/site-packages/acceleration/accel.py to accel.cpython-38.pyc
[1.258s] running install_data
[1.259s] copying package.xml -> /home/darragh/formula_trinity/fsai/acceleration_test/install/acceleration/share/acceleration
[1.259s] running install_egg_info
[1.261s] removing '/home/darragh/formula_trinity/fsai/acceleration_test/install/acceleration/lib/python3.8/site-packages/acceleration-0.0.0-py3.8.egg-info' (and everything under it)
[1.261s] Copying ../../build/acceleration/acceleration.egg-info to /home/darragh/formula_trinity/fsai/acceleration_test/install/acceleration/lib/python3.8/site-packages/acceleration-0.0.0-py3.8.egg-info
[1.262s] running install_scripts
[1.280s] Installing accel_test script to /home/darragh/formula_trinity/fsai/acceleration_test/install/acceleration/lib/acceleration
[1.280s] writing list of installed files to '/home/darragh/formula_trinity/fsai/acceleration_test/build/acceleration/install.log'
[1.324s] Invoked command in '/home/darragh/formula_trinity/fsai/acceleration_test/src/acceleration' returned '0': AMENT_PREFIX_PATH=/home/darragh/formula_trinity/fsai/acceleration_test/install/costom_msg:${AMENT_PREFIX_PATH} CMAKE_PREFIX_PATH=/home/darragh/formula_trinity/fsai/acceleration_test/install/costom_msg:${CMAKE_PREFIX_PATH} LD_LIBRARY_PATH=/home/darragh/formula_trinity/fsai/acceleration_test/install/costom_msg/lib:${LD_LIBRARY_PATH} PYTHONPATH=/home/darragh/formula_trinity/fsai/acceleration_test/build/acceleration/prefix_override:/home/darragh/formula_trinity/fsai/acceleration_test/install/acceleration/lib/python3.8/site-packages:/home/darragh/formula_trinity/fsai/acceleration_test/install/costom_msg/lib/python3.8/site-packages:${PYTHONPATH} /usr/bin/python3 setup.py egg_info --egg-base ../../build/acceleration build --build-base /home/darragh/formula_trinity/fsai/acceleration_test/build/acceleration/build install --record /home/darragh/formula_trinity/fsai/acceleration_test/build/acceleration/install.log --single-version-externally-managed
