[0.189s] Invoking command in '/home/darragh/formula_trinity/fsai/acceleration_test/build/costom_msg': CMAKE_PREFIX_PATH=${CMAKE_PREFIX_PATH}:/home/darragh/formula_trinity/eufs/install/eufs_launcher:/home/darragh/formula_trinity/eufs/install/eufs_tracks:/home/darragh/formula_trinity/eufs/install/eufs_rqt:/home/darragh/formula_trinity/eufs/install/eufs_racecar:/opt/ros/galactic /usr/bin/cmake /home/darragh/formula_trinity/fsai/acceleration_test/src/costom_msg -DCMAKE_INSTALL_PREFIX=/home/darragh/formula_trinity/fsai/acceleration_test/install/costom_msg
[0.204s] -- Found ament_cmake: 1.1.6 (/opt/ros/galactic/share/ament_cmake/cmake)
[0.234s] -- Found PythonInterp: /usr/bin/python3 (found suitable version "3.8.10", minimum required is "3") 
[0.234s] -- Using PYTHON_EXECUTABLE: /usr/bin/python3
[0.300s] -- Found rosidl_default_generators: 1.1.1 (/opt/ros/galactic/share/rosidl_default_generators/cmake)
[0.306s] -- Using all available rosidl_typesupport_c: rosidl_typesupport_fastrtps_c;rosidl_typesupport_introspection_c
[0.309s] -- Found rosidl_adapter: 2.2.3 (/opt/ros/galactic/share/rosidl_adapter/cmake)
[0.457s] -- Using all available rosidl_typesupport_cpp: rosidl_typesupport_fastrtps_cpp;rosidl_typesupport_introspection_cpp
[0.502s] -- Found PythonInterp: /usr/bin/python3 (found version "3.8.10") 
[0.625s] -- Found ament_cmake_ros: 0.9.2 (/opt/ros/galactic/share/ament_cmake_ros/cmake)
[0.753s] -- Using all available rosidl_typesupport_c: rosidl_typesupport_fastrtps_c;rosidl_typesupport_introspection_c
[0.762s] -- Using all available rosidl_typesupport_cpp: rosidl_typesupport_fastrtps_cpp;rosidl_typesupport_introspection_cpp
[0.790s] -- Found PythonInterp: /usr/bin/python3 (found suitable version "3.8.10", minimum required is "3.5") 
[0.795s] -- Found python_cmake_module: 0.8.1 (/opt/ros/galactic/share/python_cmake_module/cmake)
[0.837s] -- Found PythonLibs: /usr/lib/x86_64-linux-gnu/libpython3.8.so (found suitable version "3.8.10", minimum required is "3.5") 
[0.838s] -- Using PYTHON_EXECUTABLE: /usr/bin/python3
[0.838s] -- Using PYTHON_INCLUDE_DIRS: /usr/include/python3.8
[0.838s] -- Using PYTHON_LIBRARIES: /usr/lib/x86_64-linux-gnu/libpython3.8.so
[0.866s] -- Found PythonExtra: .so  
[0.915s] -- Found ament_lint_auto: 0.10.7 (/opt/ros/galactic/share/ament_lint_auto/cmake)
[0.960s] -- Added test 'copyright' to check source files copyright and LICENSE
[0.965s] -- Added test 'lint_cmake' to check CMake code style
[0.967s] -- Added test 'xmllint' to check XML markup files
[0.972s] -- Configuring done
[0.998s] -- Generating done
[1.000s] -- Build files have been written to: /home/darragh/formula_trinity/fsai/acceleration_test/build/costom_msg
[1.007s] Invoked command in '/home/darragh/formula_trinity/fsai/acceleration_test/build/costom_msg' returned '0': CMAKE_PREFIX_PATH=${CMAKE_PREFIX_PATH}:/home/darragh/formula_trinity/eufs/install/eufs_launcher:/home/darragh/formula_trinity/eufs/install/eufs_tracks:/home/darragh/formula_trinity/eufs/install/eufs_rqt:/home/darragh/formula_trinity/eufs/install/eufs_racecar:/opt/ros/galactic /usr/bin/cmake /home/darragh/formula_trinity/fsai/acceleration_test/src/costom_msg -DCMAKE_INSTALL_PREFIX=/home/darragh/formula_trinity/fsai/acceleration_test/install/costom_msg
[1.012s] Invoking command in '/home/darragh/formula_trinity/fsai/acceleration_test/build/costom_msg': CMAKE_PREFIX_PATH=${CMAKE_PREFIX_PATH}:/home/darragh/formula_trinity/eufs/install/eufs_launcher:/home/darragh/formula_trinity/eufs/install/eufs_tracks:/home/darragh/formula_trinity/eufs/install/eufs_rqt:/home/darragh/formula_trinity/eufs/install/eufs_racecar:/opt/ros/galactic /usr/bin/cmake --build /home/darragh/formula_trinity/fsai/acceleration_test/build/costom_msg -- -j6 -l6
[1.060s] [  3%] [34m[1mGenerating C code for ROS interfaces[0m
[1.060s] [35m[1mScanning dependencies of target costom_msg__cpp[0m
[1.076s] [  6%] [34m[1mGenerating C++ code for ROS interfaces[0m
[1.265s] [  6%] Built target costom_msg__cpp
[1.267s] [35m[1mScanning dependencies of target costom_msg__rosidl_generator_c[0m
[1.274s] [ 12%] [34m[1mGenerating C++ type support for eProsima Fast-RTPS[0m
[1.274s] [ 12%] [34m[1mGenerating C++ introspection for ROS interfaces[0m
[1.278s] [ 16%] [34m[1mGenerating C++ type support dispatch for ROS interfaces[0m
[1.282s] [ 19%] [32mBuilding C object CMakeFiles/costom_msg__rosidl_generator_c.dir/rosidl_generator_c/costom_msg/msg/detail/wheel_speeds_stamped__functions.c.o[0m
[1.341s] [ 22%] [32m[1mLinking C shared library libcostom_msg__rosidl_generator_c.so[0m
[1.381s] [ 22%] Built target costom_msg__rosidl_generator_c
[1.396s] [ 29%] [34m[1mGenerating C type support dispatch for ROS interfaces[0m
[1.397s] [ 29%] [34m[1mGenerating C introspection for ROS interfaces[0m
[1.453s] [35m[1mScanning dependencies of target costom_msg__rosidl_typesupport_cpp[0m
[1.468s] [35m[1mScanning dependencies of target costom_msg__rosidl_typesupport_introspection_cpp[0m
[1.469s] [35m[1mScanning dependencies of target costom_msg__rosidl_typesupport_fastrtps_cpp[0m
[1.473s] [ 32%] [32mBuilding CXX object CMakeFiles/costom_msg__rosidl_typesupport_cpp.dir/rosidl_typesupport_cpp/costom_msg/msg/wheel_speeds_stamped__type_support.cpp.o[0m
[1.487s] [ 35%] [32mBuilding CXX object CMakeFiles/costom_msg__rosidl_typesupport_introspection_cpp.dir/rosidl_typesupport_introspection_cpp/costom_msg/msg/detail/wheel_speeds_stamped__type_support.cpp.o[0m
[1.495s] [ 38%] [32mBuilding CXX object CMakeFiles/costom_msg__rosidl_typesupport_fastrtps_cpp.dir/rosidl_typesupport_fastrtps_cpp/costom_msg/msg/detail/dds_fastrtps/wheel_speeds_stamped__type_support.cpp.o[0m
[1.582s] [35m[1mScanning dependencies of target costom_msg__rosidl_typesupport_c[0m
[1.585s] [35m[1mScanning dependencies of target costom_msg__rosidl_typesupport_introspection_c[0m
[1.595s] [ 41%] [32mBuilding CXX object CMakeFiles/costom_msg__rosidl_typesupport_c.dir/rosidl_typesupport_c/costom_msg/msg/wheel_speeds_stamped__type_support.cpp.o[0m
[1.596s] [ 45%] [32mBuilding C object CMakeFiles/costom_msg__rosidl_typesupport_introspection_c.dir/rosidl_typesupport_introspection_c/costom_msg/msg/detail/wheel_speeds_stamped__type_support.c.o[0m
[1.625s] [ 48%] [32m[1mLinking CXX shared library libcostom_msg__rosidl_typesupport_c.so[0m
[1.625s] [ 51%] [32m[1mLinking C shared library libcostom_msg__rosidl_typesupport_introspection_c.so[0m
[1.657s] [ 51%] Built target costom_msg__rosidl_typesupport_introspection_c
[1.665s] [ 51%] Built target costom_msg__rosidl_typesupport_c
[1.751s] [ 54%] [32m[1mLinking CXX shared library libcostom_msg__rosidl_typesupport_cpp.so[0m
[1.766s] [ 58%] [32m[1mLinking CXX shared library libcostom_msg__rosidl_typesupport_introspection_cpp.so[0m
[1.795s] [ 58%] Built target costom_msg__rosidl_typesupport_cpp
[1.819s] [ 58%] Built target costom_msg__rosidl_typesupport_introspection_cpp
[1.867s] [ 61%] [32m[1mLinking CXX shared library libcostom_msg__rosidl_typesupport_fastrtps_cpp.so[0m
[2.004s] [ 61%] Built target costom_msg__rosidl_typesupport_fastrtps_cpp
[2.019s] [ 64%] [34m[1mGenerating C type support for eProsima Fast-RTPS[0m
[2.203s] [35m[1mScanning dependencies of target costom_msg__rosidl_typesupport_fastrtps_c[0m
[2.226s] [ 67%] [32mBuilding CXX object CMakeFiles/costom_msg__rosidl_typesupport_fastrtps_c.dir/rosidl_typesupport_fastrtps_c/costom_msg/msg/detail/wheel_speeds_stamped__type_support_c.cpp.o[0m
[2.505s] [ 70%] [32m[1mLinking CXX shared library libcostom_msg__rosidl_typesupport_fastrtps_c.so[0m
[2.609s] [ 70%] Built target costom_msg__rosidl_typesupport_fastrtps_c
[2.626s] [35m[1mScanning dependencies of target costom_msg[0m
[2.644s] [ 70%] Built target costom_msg
[2.656s] [35m[1mScanning dependencies of target costom_msg__py[0m
[2.666s] [ 74%] [34m[1mGenerating Python code for ROS interfaces[0m
[3.101s] [ 74%] Built target costom_msg__py
[3.114s] [35m[1mScanning dependencies of target costom_msg__python[0m
[3.170s] [ 77%] [32mBuilding C object CMakeFiles/costom_msg__python.dir/rosidl_generator_py/costom_msg/msg/_wheel_speeds_stamped_s.c.o[0m
[3.280s] [ 80%] [32m[1mLinking C shared library rosidl_generator_py/costom_msg/libcostom_msg__python.so[0m
[3.330s] [ 80%] Built target costom_msg__python
[3.344s] [35m[1mScanning dependencies of target costom_msg__rosidl_typesupport_c__pyext[0m
[3.345s] [35m[1mScanning dependencies of target costom_msg__rosidl_typesupport_introspection_c__pyext[0m
[3.347s] [35m[1mScanning dependencies of target costom_msg__rosidl_typesupport_fastrtps_c__pyext[0m
[3.361s] [ 83%] [32mBuilding C object CMakeFiles/costom_msg__rosidl_typesupport_fastrtps_c__pyext.dir/rosidl_generator_py/costom_msg/_costom_msg_s.ep.rosidl_typesupport_fastrtps_c.c.o[0m
[3.364s] [ 87%] [32mBuilding C object CMakeFiles/costom_msg__rosidl_typesupport_introspection_c__pyext.dir/rosidl_generator_py/costom_msg/_costom_msg_s.ep.rosidl_typesupport_introspection_c.c.o[0m
[3.364s] [ 90%] [32mBuilding C object CMakeFiles/costom_msg__rosidl_typesupport_c__pyext.dir/rosidl_generator_py/costom_msg/_costom_msg_s.ep.rosidl_typesupport_c.c.o[0m
[3.433s] [ 93%] [32m[1mLinking C shared library rosidl_generator_py/costom_msg/costom_msg_s__rosidl_typesupport_c.cpython-38-x86_64-linux-gnu.so[0m
[3.434s] [100%] [32m[1mLinking C shared library rosidl_generator_py/costom_msg/costom_msg_s__rosidl_typesupport_introspection_c.cpython-38-x86_64-linux-gnu.so[0m
[3.435s] [100%] [32m[1mLinking CXX shared library rosidl_generator_py/costom_msg/costom_msg_s__rosidl_typesupport_fastrtps_c.cpython-38-x86_64-linux-gnu.so[0m
[3.463s] [100%] Built target costom_msg__rosidl_typesupport_c__pyext
[3.472s] [100%] Built target costom_msg__rosidl_typesupport_introspection_c__pyext
[3.501s] [100%] Built target costom_msg__rosidl_typesupport_fastrtps_c__pyext
[3.516s] Invoked command in '/home/darragh/formula_trinity/fsai/acceleration_test/build/costom_msg' returned '0': CMAKE_PREFIX_PATH=${CMAKE_PREFIX_PATH}:/home/darragh/formula_trinity/eufs/install/eufs_launcher:/home/darragh/formula_trinity/eufs/install/eufs_tracks:/home/darragh/formula_trinity/eufs/install/eufs_rqt:/home/darragh/formula_trinity/eufs/install/eufs_racecar:/opt/ros/galactic /usr/bin/cmake --build /home/darragh/formula_trinity/fsai/acceleration_test/build/costom_msg -- -j6 -l6
[3.582s] Invoking command in '/home/darragh/formula_trinity/fsai/acceleration_test/build/costom_msg': CMAKE_PREFIX_PATH=${CMAKE_PREFIX_PATH}:/home/darragh/formula_trinity/eufs/install/eufs_launcher:/home/darragh/formula_trinity/eufs/install/eufs_tracks:/home/darragh/formula_trinity/eufs/install/eufs_rqt:/home/darragh/formula_trinity/eufs/install/eufs_racecar:/opt/ros/galactic /usr/bin/cmake --install /home/darragh/formula_trinity/fsai/acceleration_test/build/costom_msg
[3.596s] -- Install configuration: ""
[3.597s] -- Installing: /home/darragh/formula_trinity/fsai/acceleration_test/install/costom_msg/share/ament_index/resource_index/rosidl_interfaces/costom_msg
[3.597s] -- Installing: /home/darragh/formula_trinity/fsai/acceleration_test/install/costom_msg/include/costom_msg
[3.597s] -- Installing: /home/darragh/formula_trinity/fsai/acceleration_test/install/costom_msg/include/costom_msg/msg
[3.597s] -- Installing: /home/darragh/formula_trinity/fsai/acceleration_test/install/costom_msg/include/costom_msg/msg/wheel_speeds_stamped.h
[3.597s] -- Installing: /home/darragh/formula_trinity/fsai/acceleration_test/install/costom_msg/include/costom_msg/msg/detail
[3.597s] -- Installing: /home/darragh/formula_trinity/fsai/acceleration_test/install/costom_msg/include/costom_msg/msg/detail/wheel_speeds_stamped__functions.c
[3.598s] -- Installing: /home/darragh/formula_trinity/fsai/acceleration_test/install/costom_msg/include/costom_msg/msg/detail/wheel_speeds_stamped__type_support.h
[3.598s] -- Installing: /home/darragh/formula_trinity/fsai/acceleration_test/install/costom_msg/include/costom_msg/msg/detail/wheel_speeds_stamped__struct.h
[3.598s] -- Installing: /home/darragh/formula_trinity/fsai/acceleration_test/install/costom_msg/include/costom_msg/msg/detail/wheel_speeds_stamped__functions.h
[3.598s] -- Installing: /home/darragh/formula_trinity/fsai/acceleration_test/install/costom_msg/include/costom_msg/msg/rosidl_generator_c__visibility_control.h
[3.599s] -- Installing: /home/darragh/formula_trinity/fsai/acceleration_test/install/costom_msg/share/costom_msg/environment/library_path.sh
[3.599s] -- Installing: /home/darragh/formula_trinity/fsai/acceleration_test/install/costom_msg/share/costom_msg/environment/library_path.dsv
[3.599s] -- Installing: /home/darragh/formula_trinity/fsai/acceleration_test/install/costom_msg/lib/libcostom_msg__rosidl_generator_c.so
[3.599s] -- Set runtime path of "/home/darragh/formula_trinity/fsai/acceleration_test/install/costom_msg/lib/libcostom_msg__rosidl_generator_c.so" to ""
[3.599s] -- Up-to-date: /home/darragh/formula_trinity/fsai/acceleration_test/install/costom_msg/include/costom_msg
[3.599s] -- Up-to-date: /home/darragh/formula_trinity/fsai/acceleration_test/install/costom_msg/include/costom_msg/msg
[3.599s] -- Up-to-date: /home/darragh/formula_trinity/fsai/acceleration_test/install/costom_msg/include/costom_msg/msg/detail
[3.600s] -- Installing: /home/darragh/formula_trinity/fsai/acceleration_test/install/costom_msg/include/costom_msg/msg/detail/wheel_speeds_stamped__rosidl_typesupport_fastrtps_c.h
[3.600s] -- Installing: /home/darragh/formula_trinity/fsai/acceleration_test/install/costom_msg/include/costom_msg/msg/rosidl_typesupport_fastrtps_c__visibility_control.h
[3.600s] -- Installing: /home/darragh/formula_trinity/fsai/acceleration_test/install/costom_msg/lib/libcostom_msg__rosidl_typesupport_fastrtps_c.so
[3.600s] -- Set runtime path of "/home/darragh/formula_trinity/fsai/acceleration_test/install/costom_msg/lib/libcostom_msg__rosidl_typesupport_fastrtps_c.so" to ""
[3.600s] -- Up-to-date: /home/darragh/formula_trinity/fsai/acceleration_test/install/costom_msg/include/costom_msg
[3.600s] -- Up-to-date: /home/darragh/formula_trinity/fsai/acceleration_test/install/costom_msg/include/costom_msg/msg
[3.601s] -- Up-to-date: /home/darragh/formula_trinity/fsai/acceleration_test/install/costom_msg/include/costom_msg/msg/detail
[3.601s] -- Installing: /home/darragh/formula_trinity/fsai/acceleration_test/install/costom_msg/include/costom_msg/msg/detail/dds_fastrtps
[3.601s] -- Installing: /home/darragh/formula_trinity/fsai/acceleration_test/install/costom_msg/include/costom_msg/msg/detail/wheel_speeds_stamped__rosidl_typesupport_fastrtps_cpp.hpp
[3.601s] -- Installing: /home/darragh/formula_trinity/fsai/acceleration_test/install/costom_msg/include/costom_msg/msg/rosidl_typesupport_fastrtps_cpp__visibility_control.h
[3.601s] -- Installing: /home/darragh/formula_trinity/fsai/acceleration_test/install/costom_msg/lib/libcostom_msg__rosidl_typesupport_fastrtps_cpp.so
[3.601s] -- Set runtime path of "/home/darragh/formula_trinity/fsai/acceleration_test/install/costom_msg/lib/libcostom_msg__rosidl_typesupport_fastrtps_cpp.so" to ""
[3.601s] -- Up-to-date: /home/darragh/formula_trinity/fsai/acceleration_test/install/costom_msg/include/costom_msg
[3.601s] -- Up-to-date: /home/darragh/formula_trinity/fsai/acceleration_test/install/costom_msg/include/costom_msg/msg
[3.601s] -- Up-to-date: /home/darragh/formula_trinity/fsai/acceleration_test/install/costom_msg/include/costom_msg/msg/detail
[3.601s] -- Installing: /home/darragh/formula_trinity/fsai/acceleration_test/install/costom_msg/include/costom_msg/msg/detail/wheel_speeds_stamped__rosidl_typesupport_introspection_c.h
[3.601s] -- Installing: /home/darragh/formula_trinity/fsai/acceleration_test/install/costom_msg/include/costom_msg/msg/detail/wheel_speeds_stamped__type_support.c
[3.602s] -- Installing: /home/darragh/formula_trinity/fsai/acceleration_test/install/costom_msg/include/costom_msg/msg/rosidl_typesupport_introspection_c__visibility_control.h
[3.602s] -- Installing: /home/darragh/formula_trinity/fsai/acceleration_test/install/costom_msg/lib/libcostom_msg__rosidl_typesupport_introspection_c.so
[3.602s] -- Set runtime path of "/home/darragh/formula_trinity/fsai/acceleration_test/install/costom_msg/lib/libcostom_msg__rosidl_typesupport_introspection_c.so" to ""
[3.602s] -- Installing: /home/darragh/formula_trinity/fsai/acceleration_test/install/costom_msg/lib/libcostom_msg__rosidl_typesupport_c.so
[3.602s] -- Set runtime path of "/home/darragh/formula_trinity/fsai/acceleration_test/install/costom_msg/lib/libcostom_msg__rosidl_typesupport_c.so" to ""
[3.602s] -- Up-to-date: /home/darragh/formula_trinity/fsai/acceleration_test/install/costom_msg/include/costom_msg
[3.602s] -- Up-to-date: /home/darragh/formula_trinity/fsai/acceleration_test/install/costom_msg/include/costom_msg/msg
[3.602s] -- Installing: /home/darragh/formula_trinity/fsai/acceleration_test/install/costom_msg/include/costom_msg/msg/wheel_speeds_stamped.hpp
[3.602s] -- Up-to-date: /home/darragh/formula_trinity/fsai/acceleration_test/install/costom_msg/include/costom_msg/msg/detail
[3.602s] -- Installing: /home/darragh/formula_trinity/fsai/acceleration_test/install/costom_msg/include/costom_msg/msg/detail/wheel_speeds_stamped__traits.hpp
[3.602s] -- Installing: /home/darragh/formula_trinity/fsai/acceleration_test/install/costom_msg/include/costom_msg/msg/detail/wheel_speeds_stamped__builder.hpp
[3.602s] -- Installing: /home/darragh/formula_trinity/fsai/acceleration_test/install/costom_msg/include/costom_msg/msg/detail/wheel_speeds_stamped__struct.hpp
[3.602s] -- Up-to-date: /home/darragh/formula_trinity/fsai/acceleration_test/install/costom_msg/include/costom_msg
[3.602s] -- Up-to-date: /home/darragh/formula_trinity/fsai/acceleration_test/install/costom_msg/include/costom_msg/msg
[3.602s] -- Up-to-date: /home/darragh/formula_trinity/fsai/acceleration_test/install/costom_msg/include/costom_msg/msg/detail
[3.602s] -- Installing: /home/darragh/formula_trinity/fsai/acceleration_test/install/costom_msg/include/costom_msg/msg/detail/wheel_speeds_stamped__rosidl_typesupport_introspection_cpp.hpp
[3.602s] -- Installing: /home/darragh/formula_trinity/fsai/acceleration_test/install/costom_msg/include/costom_msg/msg/detail/wheel_speeds_stamped__type_support.cpp
[3.602s] -- Installing: /home/darragh/formula_trinity/fsai/acceleration_test/install/costom_msg/lib/libcostom_msg__rosidl_typesupport_introspection_cpp.so
[3.602s] -- Set runtime path of "/home/darragh/formula_trinity/fsai/acceleration_test/install/costom_msg/lib/libcostom_msg__rosidl_typesupport_introspection_cpp.so" to ""
[3.603s] -- Installing: /home/darragh/formula_trinity/fsai/acceleration_test/install/costom_msg/lib/libcostom_msg__rosidl_typesupport_cpp.so
[3.603s] -- Set runtime path of "/home/darragh/formula_trinity/fsai/acceleration_test/install/costom_msg/lib/libcostom_msg__rosidl_typesupport_cpp.so" to ""
[3.603s] -- Installing: /home/darragh/formula_trinity/fsai/acceleration_test/install/costom_msg/share/costom_msg/environment/pythonpath.sh
[3.603s] -- Installing: /home/darragh/formula_trinity/fsai/acceleration_test/install/costom_msg/share/costom_msg/environment/pythonpath.dsv
[3.603s] -- Installing: /home/darragh/formula_trinity/fsai/acceleration_test/install/costom_msg/lib/python3.8/site-packages/costom_msg/__init__.py
[3.633s] Compiling '/home/darragh/formula_trinity/fsai/acceleration_test/install/costom_msg/lib/python3.8/site-packages/costom_msg/__init__.py'...
[3.637s] -- Installing: /home/darragh/formula_trinity/fsai/acceleration_test/install/costom_msg/lib/python3.8/site-packages/costom_msg/msg
[3.637s] -- Installing: /home/darragh/formula_trinity/fsai/acceleration_test/install/costom_msg/lib/python3.8/site-packages/costom_msg/msg/_wheel_speeds_stamped.py
[3.637s] -- Installing: /home/darragh/formula_trinity/fsai/acceleration_test/install/costom_msg/lib/python3.8/site-packages/costom_msg/msg/_wheel_speeds_stamped_s.c
[3.638s] -- Installing: /home/darragh/formula_trinity/fsai/acceleration_test/install/costom_msg/lib/python3.8/site-packages/costom_msg/msg/__init__.py
[3.638s] -- Installing: /home/darragh/formula_trinity/fsai/acceleration_test/install/costom_msg/lib/python3.8/site-packages/costom_msg/costom_msg_s__rosidl_typesupport_fastrtps_c.cpython-38-x86_64-linux-gnu.so
[3.639s] -- Set runtime path of "/home/darragh/formula_trinity/fsai/acceleration_test/install/costom_msg/lib/python3.8/site-packages/costom_msg/costom_msg_s__rosidl_typesupport_fastrtps_c.cpython-38-x86_64-linux-gnu.so" to ""
[3.639s] -- Installing: /home/darragh/formula_trinity/fsai/acceleration_test/install/costom_msg/lib/python3.8/site-packages/costom_msg/costom_msg_s__rosidl_typesupport_introspection_c.cpython-38-x86_64-linux-gnu.so
[3.640s] -- Set runtime path of "/home/darragh/formula_trinity/fsai/acceleration_test/install/costom_msg/lib/python3.8/site-packages/costom_msg/costom_msg_s__rosidl_typesupport_introspection_c.cpython-38-x86_64-linux-gnu.so" to ""
[3.640s] -- Installing: /home/darragh/formula_trinity/fsai/acceleration_test/install/costom_msg/lib/python3.8/site-packages/costom_msg/costom_msg_s__rosidl_typesupport_c.cpython-38-x86_64-linux-gnu.so
[3.641s] -- Set runtime path of "/home/darragh/formula_trinity/fsai/acceleration_test/install/costom_msg/lib/python3.8/site-packages/costom_msg/costom_msg_s__rosidl_typesupport_c.cpython-38-x86_64-linux-gnu.so" to ""
[3.642s] -- Installing: /home/darragh/formula_trinity/fsai/acceleration_test/install/costom_msg/lib/libcostom_msg__python.so
[3.642s] -- Set runtime path of "/home/darragh/formula_trinity/fsai/acceleration_test/install/costom_msg/lib/libcostom_msg__python.so" to ""
[3.642s] -- Installing: /home/darragh/formula_trinity/fsai/acceleration_test/install/costom_msg/share/costom_msg/msg/WheelSpeedsStamped.idl
[3.643s] -- Installing: /home/darragh/formula_trinity/fsai/acceleration_test/install/costom_msg/share/costom_msg/msg/WheelSpeedsStamped.msg
[3.643s] -- Installing: /home/darragh/formula_trinity/fsai/acceleration_test/install/costom_msg/share/ament_index/resource_index/package_run_dependencies/costom_msg
[3.643s] -- Installing: /home/darragh/formula_trinity/fsai/acceleration_test/install/costom_msg/share/ament_index/resource_index/parent_prefix_path/costom_msg
[3.643s] -- Installing: /home/darragh/formula_trinity/fsai/acceleration_test/install/costom_msg/share/costom_msg/environment/ament_prefix_path.sh
[3.644s] -- Installing: /home/darragh/formula_trinity/fsai/acceleration_test/install/costom_msg/share/costom_msg/environment/ament_prefix_path.dsv
[3.644s] -- Installing: /home/darragh/formula_trinity/fsai/acceleration_test/install/costom_msg/share/costom_msg/environment/path.sh
[3.644s] -- Installing: /home/darragh/formula_trinity/fsai/acceleration_test/install/costom_msg/share/costom_msg/environment/path.dsv
[3.644s] -- Installing: /home/darragh/formula_trinity/fsai/acceleration_test/install/costom_msg/share/costom_msg/local_setup.bash
[3.644s] -- Installing: /home/darragh/formula_trinity/fsai/acceleration_test/install/costom_msg/share/costom_msg/local_setup.sh
[3.645s] -- Installing: /home/darragh/formula_trinity/fsai/acceleration_test/install/costom_msg/share/costom_msg/local_setup.zsh
[3.645s] -- Installing: /home/darragh/formula_trinity/fsai/acceleration_test/install/costom_msg/share/costom_msg/local_setup.dsv
[3.645s] -- Installing: /home/darragh/formula_trinity/fsai/acceleration_test/install/costom_msg/share/costom_msg/package.dsv
[3.645s] -- Installing: /home/darragh/formula_trinity/fsai/acceleration_test/install/costom_msg/share/ament_index/resource_index/packages/costom_msg
[3.646s] -- Installing: /home/darragh/formula_trinity/fsai/acceleration_test/install/costom_msg/share/costom_msg/cmake/costom_msg__rosidl_generator_cExport.cmake
[3.646s] -- Installing: /home/darragh/formula_trinity/fsai/acceleration_test/install/costom_msg/share/costom_msg/cmake/costom_msg__rosidl_generator_cExport-noconfig.cmake
[3.646s] -- Installing: /home/darragh/formula_trinity/fsai/acceleration_test/install/costom_msg/share/costom_msg/cmake/costom_msg__rosidl_typesupport_introspection_cExport.cmake
[3.646s] -- Installing: /home/darragh/formula_trinity/fsai/acceleration_test/install/costom_msg/share/costom_msg/cmake/costom_msg__rosidl_typesupport_introspection_cExport-noconfig.cmake
[3.647s] -- Installing: /home/darragh/formula_trinity/fsai/acceleration_test/install/costom_msg/share/costom_msg/cmake/costom_msg__rosidl_typesupport_cExport.cmake
[3.647s] -- Installing: /home/darragh/formula_trinity/fsai/acceleration_test/install/costom_msg/share/costom_msg/cmake/costom_msg__rosidl_typesupport_cExport-noconfig.cmake
[3.647s] -- Installing: /home/darragh/formula_trinity/fsai/acceleration_test/install/costom_msg/share/costom_msg/cmake/costom_msg__rosidl_generator_cppExport.cmake
[3.647s] -- Installing: /home/darragh/formula_trinity/fsai/acceleration_test/install/costom_msg/share/costom_msg/cmake/costom_msg__rosidl_typesupport_introspection_cppExport.cmake
[3.648s] -- Installing: /home/darragh/formula_trinity/fsai/acceleration_test/install/costom_msg/share/costom_msg/cmake/costom_msg__rosidl_typesupport_introspection_cppExport-noconfig.cmake
[3.648s] -- Installing: /home/darragh/formula_trinity/fsai/acceleration_test/install/costom_msg/share/costom_msg/cmake/costom_msg__rosidl_typesupport_cppExport.cmake
[3.648s] -- Installing: /home/darragh/formula_trinity/fsai/acceleration_test/install/costom_msg/share/costom_msg/cmake/costom_msg__rosidl_typesupport_cppExport-noconfig.cmake
[3.648s] -- Installing: /home/darragh/formula_trinity/fsai/acceleration_test/install/costom_msg/share/costom_msg/cmake/rosidl_cmake-extras.cmake
[3.649s] -- Installing: /home/darragh/formula_trinity/fsai/acceleration_test/install/costom_msg/share/costom_msg/cmake/ament_cmake_export_dependencies-extras.cmake
[3.649s] -- Installing: /home/darragh/formula_trinity/fsai/acceleration_test/install/costom_msg/share/costom_msg/cmake/ament_cmake_export_libraries-extras.cmake
[3.649s] -- Installing: /home/darragh/formula_trinity/fsai/acceleration_test/install/costom_msg/share/costom_msg/cmake/ament_cmake_export_targets-extras.cmake
[3.649s] -- Installing: /home/darragh/formula_trinity/fsai/acceleration_test/install/costom_msg/share/costom_msg/cmake/ament_cmake_export_include_directories-extras.cmake
[3.649s] -- Installing: /home/darragh/formula_trinity/fsai/acceleration_test/install/costom_msg/share/costom_msg/cmake/rosidl_cmake_export_typesupport_libraries-extras.cmake
[3.650s] -- Installing: /home/darragh/formula_trinity/fsai/acceleration_test/install/costom_msg/share/costom_msg/cmake/rosidl_cmake_export_typesupport_targets-extras.cmake
[3.650s] -- Installing: /home/darragh/formula_trinity/fsai/acceleration_test/install/costom_msg/share/costom_msg/cmake/costom_msgConfig.cmake
[3.650s] -- Installing: /home/darragh/formula_trinity/fsai/acceleration_test/install/costom_msg/share/costom_msg/cmake/costom_msgConfig-version.cmake
[3.650s] -- Installing: /home/darragh/formula_trinity/fsai/acceleration_test/install/costom_msg/share/costom_msg/package.xml
[3.654s] Invoked command in '/home/darragh/formula_trinity/fsai/acceleration_test/build/costom_msg' returned '0': CMAKE_PREFIX_PATH=${CMAKE_PREFIX_PATH}:/home/darragh/formula_trinity/eufs/install/eufs_launcher:/home/darragh/formula_trinity/eufs/install/eufs_tracks:/home/darragh/formula_trinity/eufs/install/eufs_rqt:/home/darragh/formula_trinity/eufs/install/eufs_racecar:/opt/ros/galactic /usr/bin/cmake --install /home/darragh/formula_trinity/fsai/acceleration_test/build/costom_msg
