[1.673s] DEBUG:colcon:Command line arguments: ['/usr/bin/colcon', 'build']
[1.673s] DEBUG:colcon:Parsed command line arguments: Namespace(allow_overriding=[], ament_cmake_args=None, base_paths=['.'], build_base='build', catkin_cmake_args=None, catkin_skip_building_tests=False, cmake_args=None, cmake_clean_cache=False, cmake_clean_first=False, cmake_force_configure=False, cmake_target=None, cmake_target_skip_unavailable=False, continue_on_error=False, event_handlers=None, executor='parallel', ignore_user_meta=False, install_base='install', log_base=None, log_level=None, main=<bound method BuildVerb.main of <colcon_core.verb.build.BuildVerb object at 0x7f40d99ee910>>, merge_install=False, metas=['./colcon.meta'], packages_above=None, packages_above_and_dependencies=None, packages_above_depth=None, packages_end=None, packages_ignore=None, packages_ignore_regex=None, packages_select=None, packages_select_build_failed=False, packages_select_by_dep=None, packages_select_regex=None, packages_select_test_failures=False, packages_skip=None, packages_skip_build_finished=False, packages_skip_by_dep=None, packages_skip_regex=None, packages_skip_test_passed=False, packages_skip_up_to=None, packages_start=None, packages_up_to=None, packages_up_to_regex=None, parallel_workers=6, paths=None, symlink_install=False, test_result_base=None, verb_extension=<colcon_core.verb.build.BuildVerb object at 0x7f40d99ee910>, verb_name='build', verb_parser=<colcon_defaults.argument_parser.defaults.DefaultArgumentsDecorator object at 0x7f40d99e1130>)
[1.745s] Level 1:colcon.colcon_core.package_discovery:discover_packages(colcon_meta) check parameters
[1.745s] Level 1:colcon.colcon_core.package_discovery:discover_packages(recursive) check parameters
[1.745s] Level 1:colcon.colcon_core.package_discovery:discover_packages(ignore) check parameters
[1.745s] Level 1:colcon.colcon_core.package_discovery:discover_packages(path) check parameters
[1.745s] Level 1:colcon.colcon_core.package_discovery:discover_packages(colcon_meta) discover
[1.745s] Level 1:colcon.colcon_core.package_discovery:discover_packages(recursive) discover
[1.745s] INFO:colcon.colcon_core.package_discovery:Crawling recursively for packages in '/home/darragh/formula_trinity/fsai/acceleration_test'
[1.745s] Level 1:colcon.colcon_core.package_identification:_identify(.) by extensions ['ignore', 'ignore_ament_install']
[1.745s] Level 1:colcon.colcon_core.package_identification:_identify(.) by extension 'ignore'
[1.745s] Level 1:colcon.colcon_core.package_identification:_identify(.) by extension 'ignore_ament_install'
[1.745s] Level 1:colcon.colcon_core.package_identification:_identify(.) by extensions ['colcon_pkg']
[1.745s] Level 1:colcon.colcon_core.package_identification:_identify(.) by extension 'colcon_pkg'
[1.745s] Level 1:colcon.colcon_core.package_identification:_identify(.) by extensions ['colcon_meta']
[1.745s] Level 1:colcon.colcon_core.package_identification:_identify(.) by extension 'colcon_meta'
[1.745s] Level 1:colcon.colcon_core.package_identification:_identify(.) by extensions ['ros']
[1.745s] Level 1:colcon.colcon_core.package_identification:_identify(.) by extension 'ros'
[1.754s] Level 1:colcon.colcon_core.package_identification:_identify(.) by extensions ['cmake', 'python']
[1.754s] Level 1:colcon.colcon_core.package_identification:_identify(.) by extension 'cmake'
[1.754s] Level 1:colcon.colcon_core.package_identification:_identify(.) by extension 'python'
[1.754s] Level 1:colcon.colcon_core.package_identification:_identify(.) by extensions ['python_setup_py']
[1.754s] Level 1:colcon.colcon_core.package_identification:_identify(.) by extension 'python_setup_py'
[1.754s] Level 1:colcon.colcon_core.package_identification:_identify(build) by extensions ['ignore', 'ignore_ament_install']
[1.754s] Level 1:colcon.colcon_core.package_identification:_identify(build) by extension 'ignore'
[1.754s] Level 1:colcon.colcon_core.package_identification:_identify(build) ignored
[1.754s] Level 1:colcon.colcon_core.package_identification:_identify(install) by extensions ['ignore', 'ignore_ament_install']
[1.754s] Level 1:colcon.colcon_core.package_identification:_identify(install) by extension 'ignore'
[1.754s] Level 1:colcon.colcon_core.package_identification:_identify(install) ignored
[1.754s] Level 1:colcon.colcon_core.package_identification:_identify(log) by extensions ['ignore', 'ignore_ament_install']
[1.755s] Level 1:colcon.colcon_core.package_identification:_identify(log) by extension 'ignore'
[1.755s] Level 1:colcon.colcon_core.package_identification:_identify(log) ignored
[1.755s] Level 1:colcon.colcon_core.package_identification:_identify(src) by extensions ['ignore', 'ignore_ament_install']
[1.755s] Level 1:colcon.colcon_core.package_identification:_identify(src) by extension 'ignore'
[1.755s] Level 1:colcon.colcon_core.package_identification:_identify(src) by extension 'ignore_ament_install'
[1.755s] Level 1:colcon.colcon_core.package_identification:_identify(src) by extensions ['colcon_pkg']
[1.755s] Level 1:colcon.colcon_core.package_identification:_identify(src) by extension 'colcon_pkg'
[1.755s] Level 1:colcon.colcon_core.package_identification:_identify(src) by extensions ['colcon_meta']
[1.755s] Level 1:colcon.colcon_core.package_identification:_identify(src) by extension 'colcon_meta'
[1.755s] Level 1:colcon.colcon_core.package_identification:_identify(src) by extensions ['ros']
[1.755s] Level 1:colcon.colcon_core.package_identification:_identify(src) by extension 'ros'
[1.755s] Level 1:colcon.colcon_core.package_identification:_identify(src) by extensions ['cmake', 'python']
[1.755s] Level 1:colcon.colcon_core.package_identification:_identify(src) by extension 'cmake'
[1.755s] Level 1:colcon.colcon_core.package_identification:_identify(src) by extension 'python'
[1.755s] Level 1:colcon.colcon_core.package_identification:_identify(src) by extensions ['python_setup_py']
[1.755s] Level 1:colcon.colcon_core.package_identification:_identify(src) by extension 'python_setup_py'
[1.755s] Level 1:colcon.colcon_core.package_identification:_identify(src/acceleration) by extensions ['ignore', 'ignore_ament_install']
[1.755s] Level 1:colcon.colcon_core.package_identification:_identify(src/acceleration) by extension 'ignore'
[1.755s] Level 1:colcon.colcon_core.package_identification:_identify(src/acceleration) by extension 'ignore_ament_install'
[1.755s] Level 1:colcon.colcon_core.package_identification:_identify(src/acceleration) by extensions ['colcon_pkg']
[1.755s] Level 1:colcon.colcon_core.package_identification:_identify(src/acceleration) by extension 'colcon_pkg'
[1.755s] Level 1:colcon.colcon_core.package_identification:_identify(src/acceleration) by extensions ['colcon_meta']
[1.756s] Level 1:colcon.colcon_core.package_identification:_identify(src/acceleration) by extension 'colcon_meta'
[1.756s] Level 1:colcon.colcon_core.package_identification:_identify(src/acceleration) by extensions ['ros']
[1.756s] Level 1:colcon.colcon_core.package_identification:_identify(src/acceleration) by extension 'ros'
[1.758s] DEBUG:colcon.colcon_core.package_identification:Package 'src/acceleration' with type 'ros.ament_python' and name 'acceleration'
[1.758s] Level 1:colcon.colcon_core.package_identification:_identify(src/costom_msg) by extensions ['ignore', 'ignore_ament_install']
[1.758s] Level 1:colcon.colcon_core.package_identification:_identify(src/costom_msg) by extension 'ignore'
[1.758s] Level 1:colcon.colcon_core.package_identification:_identify(src/costom_msg) by extension 'ignore_ament_install'
[1.758s] Level 1:colcon.colcon_core.package_identification:_identify(src/costom_msg) by extensions ['colcon_pkg']
[1.758s] Level 1:colcon.colcon_core.package_identification:_identify(src/costom_msg) by extension 'colcon_pkg'
[1.758s] Level 1:colcon.colcon_core.package_identification:_identify(src/costom_msg) by extensions ['colcon_meta']
[1.758s] Level 1:colcon.colcon_core.package_identification:_identify(src/costom_msg) by extension 'colcon_meta'
[1.758s] Level 1:colcon.colcon_core.package_identification:_identify(src/costom_msg) by extensions ['ros']
[1.758s] Level 1:colcon.colcon_core.package_identification:_identify(src/costom_msg) by extension 'ros'
[1.758s] DEBUG:colcon.colcon_core.package_identification:Package 'src/costom_msg' with type 'ros.ament_cmake' and name 'costom_msg'
[1.758s] Level 1:colcon.colcon_core.package_discovery:discover_packages(recursive) using defaults
[1.758s] Level 1:colcon.colcon_core.package_discovery:discover_packages(ignore) discover
[1.758s] Level 1:colcon.colcon_core.package_discovery:discover_packages(ignore) using defaults
[1.758s] Level 1:colcon.colcon_core.package_discovery:discover_packages(path) discover
[1.758s] Level 1:colcon.colcon_core.package_discovery:discover_packages(path) using defaults
[1.922s] Level 1:colcon.colcon_core.package_discovery:discover_packages(prefix_path) check parameters
[1.922s] Level 1:colcon.colcon_core.package_discovery:discover_packages(prefix_path) discover
[1.978s] DEBUG:colcon.colcon_installed_package_information.package_discovery:Found 2 installed packages in /home/darragh/formula_trinity/fsai/acceleration_test/install
[2.006s] DEBUG:colcon.colcon_installed_package_information.package_discovery:Found 1 installed packages in /home/darragh/formula_trinity/fsai/install
[2.035s] DEBUG:colcon.colcon_installed_package_information.package_discovery:Found 277 installed packages in /opt/ros/galactic
[2.036s] Level 1:colcon.colcon_core.package_discovery:discover_packages(prefix_path) using defaults
[2.161s] Level 5:colcon.colcon_core.verb:set package 'costom_msg' build argument 'cmake_args' from command line to 'None'
[2.161s] Level 5:colcon.colcon_core.verb:set package 'costom_msg' build argument 'cmake_target' from command line to 'None'
[2.161s] Level 5:colcon.colcon_core.verb:set package 'costom_msg' build argument 'cmake_target_skip_unavailable' from command line to 'False'
[2.161s] Level 5:colcon.colcon_core.verb:set package 'costom_msg' build argument 'cmake_clean_cache' from command line to 'False'
[2.161s] Level 5:colcon.colcon_core.verb:set package 'costom_msg' build argument 'cmake_clean_first' from command line to 'False'
[2.161s] Level 5:colcon.colcon_core.verb:set package 'costom_msg' build argument 'cmake_force_configure' from command line to 'False'
[2.161s] Level 5:colcon.colcon_core.verb:set package 'costom_msg' build argument 'ament_cmake_args' from command line to 'None'
[2.161s] Level 5:colcon.colcon_core.verb:set package 'costom_msg' build argument 'catkin_cmake_args' from command line to 'None'
[2.161s] Level 5:colcon.colcon_core.verb:set package 'costom_msg' build argument 'catkin_skip_building_tests' from command line to 'False'
[2.161s] DEBUG:colcon.colcon_core.verb:Building package 'costom_msg' with the following arguments: {'ament_cmake_args': None, 'build_base': '/home/darragh/formula_trinity/fsai/acceleration_test/build/costom_msg', 'catkin_cmake_args': None, 'catkin_skip_building_tests': False, 'cmake_args': None, 'cmake_clean_cache': False, 'cmake_clean_first': False, 'cmake_force_configure': False, 'cmake_target': None, 'cmake_target_skip_unavailable': False, 'install_base': '/home/darragh/formula_trinity/fsai/acceleration_test/install/costom_msg', 'merge_install': False, 'path': '/home/darragh/formula_trinity/fsai/acceleration_test/src/costom_msg', 'symlink_install': False, 'test_result_base': None}
[2.188s] Level 5:colcon.colcon_core.verb:set package 'acceleration' build argument 'cmake_args' from command line to 'None'
[2.188s] Level 5:colcon.colcon_core.verb:set package 'acceleration' build argument 'cmake_target' from command line to 'None'
[2.188s] Level 5:colcon.colcon_core.verb:set package 'acceleration' build argument 'cmake_target_skip_unavailable' from command line to 'False'
[2.188s] Level 5:colcon.colcon_core.verb:set package 'acceleration' build argument 'cmake_clean_cache' from command line to 'False'
[2.188s] Level 5:colcon.colcon_core.verb:set package 'acceleration' build argument 'cmake_clean_first' from command line to 'False'
[2.188s] Level 5:colcon.colcon_core.verb:set package 'acceleration' build argument 'cmake_force_configure' from command line to 'False'
[2.188s] Level 5:colcon.colcon_core.verb:set package 'acceleration' build argument 'ament_cmake_args' from command line to 'None'
[2.188s] Level 5:colcon.colcon_core.verb:set package 'acceleration' build argument 'catkin_cmake_args' from command line to 'None'
[2.188s] Level 5:colcon.colcon_core.verb:set package 'acceleration' build argument 'catkin_skip_building_tests' from command line to 'False'
[2.188s] DEBUG:colcon.colcon_core.verb:Building package 'acceleration' with the following arguments: {'ament_cmake_args': None, 'build_base': '/home/darragh/formula_trinity/fsai/acceleration_test/build/acceleration', 'catkin_cmake_args': None, 'catkin_skip_building_tests': False, 'cmake_args': None, 'cmake_clean_cache': False, 'cmake_clean_first': False, 'cmake_force_configure': False, 'cmake_target': None, 'cmake_target_skip_unavailable': False, 'install_base': '/home/darragh/formula_trinity/fsai/acceleration_test/install/acceleration', 'merge_install': False, 'path': '/home/darragh/formula_trinity/fsai/acceleration_test/src/acceleration', 'symlink_install': False, 'test_result_base': None}
[2.215s] INFO:colcon.colcon_core.executor:Executing jobs using 'parallel' executor
[2.243s] DEBUG:colcon.colcon_parallel_executor.executor.parallel:run_until_complete
[2.244s] INFO:colcon.colcon_ros.task.ament_cmake.build:Building ROS package in '/home/darragh/formula_trinity/fsai/acceleration_test/src/costom_msg' with build type 'ament_cmake'
[2.244s] INFO:colcon.colcon_cmake.task.cmake.build:Building CMake package in '/home/darragh/formula_trinity/fsai/acceleration_test/src/costom_msg'
[2.274s] INFO:colcon.colcon_core.plugin_system:Skipping extension 'colcon_core.shell.bat': Not used on non-Windows systems
[2.274s] INFO:colcon.colcon_core.shell:Skip shell extension 'powershell' for command environment: Not usable outside of PowerShell
[2.274s] DEBUG:colcon.colcon_core.shell:Skip shell extension 'dsv' for command environment
[2.406s] DEBUG:colcon.colcon_core.event_handler.log_command:Invoking command in '/home/darragh/formula_trinity/fsai/acceleration_test/build/costom_msg': CMAKE_PREFIX_PATH=${CMAKE_PREFIX_PATH}:/opt/ros/galactic:/home/darragh/formula_trinity/fsai/acceleration_test/install/acceleration /usr/bin/cmake --build /home/darragh/formula_trinity/fsai/acceleration_test/build/costom_msg -- -j6 -l6
[2.678s] DEBUG:colcon.colcon_core.event_handler.log_command:Invoked command in '/home/darragh/formula_trinity/fsai/acceleration_test/build/costom_msg' returned '0': CMAKE_PREFIX_PATH=${CMAKE_PREFIX_PATH}:/opt/ros/galactic:/home/darragh/formula_trinity/fsai/acceleration_test/install/acceleration /usr/bin/cmake --build /home/darragh/formula_trinity/fsai/acceleration_test/build/costom_msg -- -j6 -l6
[2.775s] DEBUG:colcon.colcon_core.event_handler.log_command:Invoking command in '/home/darragh/formula_trinity/fsai/acceleration_test/build/costom_msg': CMAKE_PREFIX_PATH=${CMAKE_PREFIX_PATH}:/opt/ros/galactic:/home/darragh/formula_trinity/fsai/acceleration_test/install/acceleration /usr/bin/cmake --install /home/darragh/formula_trinity/fsai/acceleration_test/build/costom_msg
[2.834s] Level 1:colcon.colcon_core.environment:create_environment_scripts_only(costom_msg)
[2.835s] DEBUG:colcon.colcon_core.event_handler.log_command:Invoked command in '/home/darragh/formula_trinity/fsai/acceleration_test/build/costom_msg' returned '0': CMAKE_PREFIX_PATH=${CMAKE_PREFIX_PATH}:/opt/ros/galactic:/home/darragh/formula_trinity/fsai/acceleration_test/install/acceleration /usr/bin/cmake --install /home/darragh/formula_trinity/fsai/acceleration_test/build/costom_msg
[2.875s] Level 1:colcon.colcon_core.environment:checking '/home/darragh/formula_trinity/fsai/acceleration_test/install/costom_msg' for CMake module files
[2.876s] Level 1:colcon.colcon_core.environment:checking '/home/darragh/formula_trinity/fsai/acceleration_test/install/costom_msg' for CMake config files
[2.876s] Level 1:colcon.colcon_core.shell:create_environment_hook('costom_msg', 'cmake_prefix_path')
[2.904s] INFO:colcon.colcon_core.shell:Creating environment hook '/home/darragh/formula_trinity/fsai/acceleration_test/install/costom_msg/share/costom_msg/hook/cmake_prefix_path.ps1'
[2.905s] INFO:colcon.colcon_core.shell:Creating environment descriptor '/home/darragh/formula_trinity/fsai/acceleration_test/install/costom_msg/share/costom_msg/hook/cmake_prefix_path.dsv'
[2.905s] INFO:colcon.colcon_core.shell:Creating environment hook '/home/darragh/formula_trinity/fsai/acceleration_test/install/costom_msg/share/costom_msg/hook/cmake_prefix_path.sh'
[2.906s] Level 1:colcon.colcon_core.environment:checking '/home/darragh/formula_trinity/fsai/acceleration_test/install/costom_msg/lib'
[2.906s] Level 1:colcon.colcon_core.shell:create_environment_hook('costom_msg', 'ld_library_path_lib')
[2.934s] INFO:colcon.colcon_core.shell:Creating environment hook '/home/darragh/formula_trinity/fsai/acceleration_test/install/costom_msg/share/costom_msg/hook/ld_library_path_lib.ps1'
[2.934s] INFO:colcon.colcon_core.shell:Creating environment descriptor '/home/darragh/formula_trinity/fsai/acceleration_test/install/costom_msg/share/costom_msg/hook/ld_library_path_lib.dsv'
[2.934s] INFO:colcon.colcon_core.shell:Creating environment hook '/home/darragh/formula_trinity/fsai/acceleration_test/install/costom_msg/share/costom_msg/hook/ld_library_path_lib.sh'
[2.934s] Level 1:colcon.colcon_core.environment:checking '/home/darragh/formula_trinity/fsai/acceleration_test/install/costom_msg/bin'
[2.935s] Level 1:colcon.colcon_core.environment:checking '/home/darragh/formula_trinity/fsai/acceleration_test/install/costom_msg/lib/pkgconfig/costom_msg.pc'
[2.935s] Level 1:colcon.colcon_core.environment:checking '/home/darragh/formula_trinity/fsai/acceleration_test/install/costom_msg/lib/python3.8/site-packages'
[2.935s] Level 1:colcon.colcon_core.shell:create_environment_hook('costom_msg', 'pythonpath')
[2.963s] INFO:colcon.colcon_core.shell:Creating environment hook '/home/darragh/formula_trinity/fsai/acceleration_test/install/costom_msg/share/costom_msg/hook/pythonpath.ps1'
[2.963s] INFO:colcon.colcon_core.shell:Creating environment descriptor '/home/darragh/formula_trinity/fsai/acceleration_test/install/costom_msg/share/costom_msg/hook/pythonpath.dsv'
[2.964s] INFO:colcon.colcon_core.shell:Creating environment hook '/home/darragh/formula_trinity/fsai/acceleration_test/install/costom_msg/share/costom_msg/hook/pythonpath.sh'
[2.964s] Level 1:colcon.colcon_core.environment:checking '/home/darragh/formula_trinity/fsai/acceleration_test/install/costom_msg/bin'
[2.992s] INFO:colcon.colcon_core.shell:Creating package script '/home/darragh/formula_trinity/fsai/acceleration_test/install/costom_msg/share/costom_msg/package.ps1'
[2.993s] INFO:colcon.colcon_core.shell:Creating package descriptor '/home/darragh/formula_trinity/fsai/acceleration_test/install/costom_msg/share/costom_msg/package.dsv'
[2.993s] INFO:colcon.colcon_core.shell:Creating package script '/home/darragh/formula_trinity/fsai/acceleration_test/install/costom_msg/share/costom_msg/package.sh'
[2.994s] INFO:colcon.colcon_core.shell:Creating package script '/home/darragh/formula_trinity/fsai/acceleration_test/install/costom_msg/share/costom_msg/package.bash'
[2.994s] INFO:colcon.colcon_core.shell:Creating package script '/home/darragh/formula_trinity/fsai/acceleration_test/install/costom_msg/share/costom_msg/package.zsh'
[2.994s] Level 1:colcon.colcon_core.environment:create_file_with_runtime_dependencies(/home/darragh/formula_trinity/fsai/acceleration_test/install/costom_msg/share/colcon-core/packages/costom_msg)
[3.078s] Level 1:colcon.colcon_core.environment:create_environment_scripts_only(costom_msg)
[3.106s] Level 1:colcon.colcon_core.environment:checking '/home/darragh/formula_trinity/fsai/acceleration_test/install/costom_msg' for CMake module files
[3.106s] Level 1:colcon.colcon_core.environment:checking '/home/darragh/formula_trinity/fsai/acceleration_test/install/costom_msg' for CMake config files
[3.106s] Level 1:colcon.colcon_core.shell:create_environment_hook('costom_msg', 'cmake_prefix_path')
[3.134s] INFO:colcon.colcon_core.shell:Creating environment hook '/home/darragh/formula_trinity/fsai/acceleration_test/install/costom_msg/share/costom_msg/hook/cmake_prefix_path.ps1'
[3.135s] INFO:colcon.colcon_core.shell:Creating environment descriptor '/home/darragh/formula_trinity/fsai/acceleration_test/install/costom_msg/share/costom_msg/hook/cmake_prefix_path.dsv'
[3.135s] INFO:colcon.colcon_core.shell:Creating environment hook '/home/darragh/formula_trinity/fsai/acceleration_test/install/costom_msg/share/costom_msg/hook/cmake_prefix_path.sh'
[3.135s] Level 1:colcon.colcon_core.environment:checking '/home/darragh/formula_trinity/fsai/acceleration_test/install/costom_msg/lib'
[3.135s] Level 1:colcon.colcon_core.shell:create_environment_hook('costom_msg', 'ld_library_path_lib')
[3.163s] INFO:colcon.colcon_core.shell:Creating environment hook '/home/darragh/formula_trinity/fsai/acceleration_test/install/costom_msg/share/costom_msg/hook/ld_library_path_lib.ps1'
[3.164s] INFO:colcon.colcon_core.shell:Creating environment descriptor '/home/darragh/formula_trinity/fsai/acceleration_test/install/costom_msg/share/costom_msg/hook/ld_library_path_lib.dsv'
[3.164s] INFO:colcon.colcon_core.shell:Creating environment hook '/home/darragh/formula_trinity/fsai/acceleration_test/install/costom_msg/share/costom_msg/hook/ld_library_path_lib.sh'
[3.164s] Level 1:colcon.colcon_core.environment:checking '/home/darragh/formula_trinity/fsai/acceleration_test/install/costom_msg/bin'
[3.164s] Level 1:colcon.colcon_core.environment:checking '/home/darragh/formula_trinity/fsai/acceleration_test/install/costom_msg/lib/pkgconfig/costom_msg.pc'
[3.165s] Level 1:colcon.colcon_core.environment:checking '/home/darragh/formula_trinity/fsai/acceleration_test/install/costom_msg/lib/python3.8/site-packages'
[3.165s] Level 1:colcon.colcon_core.shell:create_environment_hook('costom_msg', 'pythonpath')
[3.193s] INFO:colcon.colcon_core.shell:Creating environment hook '/home/darragh/formula_trinity/fsai/acceleration_test/install/costom_msg/share/costom_msg/hook/pythonpath.ps1'
[3.193s] INFO:colcon.colcon_core.shell:Creating environment descriptor '/home/darragh/formula_trinity/fsai/acceleration_test/install/costom_msg/share/costom_msg/hook/pythonpath.dsv'
[3.193s] INFO:colcon.colcon_core.shell:Creating environment hook '/home/darragh/formula_trinity/fsai/acceleration_test/install/costom_msg/share/costom_msg/hook/pythonpath.sh'
[3.194s] Level 1:colcon.colcon_core.environment:checking '/home/darragh/formula_trinity/fsai/acceleration_test/install/costom_msg/bin'
[3.222s] INFO:colcon.colcon_core.shell:Creating package script '/home/darragh/formula_trinity/fsai/acceleration_test/install/costom_msg/share/costom_msg/package.ps1'
[3.222s] INFO:colcon.colcon_core.shell:Creating package descriptor '/home/darragh/formula_trinity/fsai/acceleration_test/install/costom_msg/share/costom_msg/package.dsv'
[3.223s] INFO:colcon.colcon_core.shell:Creating package script '/home/darragh/formula_trinity/fsai/acceleration_test/install/costom_msg/share/costom_msg/package.sh'
[3.223s] INFO:colcon.colcon_core.shell:Creating package script '/home/darragh/formula_trinity/fsai/acceleration_test/install/costom_msg/share/costom_msg/package.bash'
[3.223s] INFO:colcon.colcon_core.shell:Creating package script '/home/darragh/formula_trinity/fsai/acceleration_test/install/costom_msg/share/costom_msg/package.zsh'
[3.223s] Level 1:colcon.colcon_core.environment:create_file_with_runtime_dependencies(/home/darragh/formula_trinity/fsai/acceleration_test/install/costom_msg/share/colcon-core/packages/costom_msg)
[3.224s] INFO:colcon.colcon_ros.task.ament_python.build:Building ROS package in '/home/darragh/formula_trinity/fsai/acceleration_test/src/acceleration' with build type 'ament_python'
[3.224s] Level 1:colcon.colcon_core.shell:create_environment_hook('acceleration', 'ament_prefix_path')
[3.253s] INFO:colcon.colcon_core.shell:Creating environment hook '/home/darragh/formula_trinity/fsai/acceleration_test/install/acceleration/share/acceleration/hook/ament_prefix_path.ps1'
[3.253s] INFO:colcon.colcon_core.shell:Creating environment descriptor '/home/darragh/formula_trinity/fsai/acceleration_test/install/acceleration/share/acceleration/hook/ament_prefix_path.dsv'
[3.254s] INFO:colcon.colcon_core.shell:Creating environment hook '/home/darragh/formula_trinity/fsai/acceleration_test/install/acceleration/share/acceleration/hook/ament_prefix_path.sh'
[3.282s] INFO:colcon.colcon_core.shell:Skip shell extension 'powershell' for command environment: Not usable outside of PowerShell
[3.282s] DEBUG:colcon.colcon_core.shell:Skip shell extension 'dsv' for command environment
[3.581s] INFO:colcon.colcon_core.task.python.build:Building Python package in '/home/darragh/formula_trinity/fsai/acceleration_test/src/acceleration'
[3.619s] INFO:colcon.colcon_core.shell:Skip shell extension 'powershell' for command environment: Not usable outside of PowerShell
[3.619s] DEBUG:colcon.colcon_core.shell:Skip shell extension 'dsv' for command environment
[4.094s] DEBUG:colcon.colcon_core.event_handler.log_command:Invoking command in '/home/darragh/formula_trinity/fsai/acceleration_test/src/acceleration': LD_LIBRARY_PATH=/home/darragh/formula_trinity/fsai/acceleration_test/install/costom_msg/lib:/usr/lib/x86_64-linux-gnu/gazebo-11/plugins:/opt/ros/galactic/opt/yaml_cpp_vendor/lib:/opt/ros/galactic/opt/rviz_ogre_vendor/lib:/opt/ros/galactic/lib/x86_64-linux-gnu:/opt/ros/galactic/lib PYTHONPATH=/home/darragh/formula_trinity/fsai/acceleration_test/build/acceleration/prefix_override:/home/darragh/formula_trinity/fsai/acceleration_test/install/acceleration/lib/python3.8/site-packages:/home/darragh/formula_trinity/fsai/acceleration_test/install/costom_msg/lib/python3.8/site-packages:/opt/ros/galactic/lib/python3.8/site-packages:/home/darragh/formula_trinity/fsai/acceleration_test/install/acceleration/lib/python3.8/site-packages /usr/bin/python3 setup.py egg_info --egg-base ../../build/acceleration build --build-base /home/darragh/formula_trinity/fsai/acceleration_test/build/acceleration/build install --record /home/darragh/formula_trinity/fsai/acceleration_test/build/acceleration/install.log --single-version-externally-managed
[4.330s] DEBUG:colcon.colcon_core.event_handler.log_command:Invoked command in '/home/darragh/formula_trinity/fsai/acceleration_test/src/acceleration' returned '0': LD_LIBRARY_PATH=/home/darragh/formula_trinity/fsai/acceleration_test/install/costom_msg/lib:/usr/lib/x86_64-linux-gnu/gazebo-11/plugins:/opt/ros/galactic/opt/yaml_cpp_vendor/lib:/opt/ros/galactic/opt/rviz_ogre_vendor/lib:/opt/ros/galactic/lib/x86_64-linux-gnu:/opt/ros/galactic/lib PYTHONPATH=/home/darragh/formula_trinity/fsai/acceleration_test/build/acceleration/prefix_override:/home/darragh/formula_trinity/fsai/acceleration_test/install/acceleration/lib/python3.8/site-packages:/home/darragh/formula_trinity/fsai/acceleration_test/install/costom_msg/lib/python3.8/site-packages:/opt/ros/galactic/lib/python3.8/site-packages:/home/darragh/formula_trinity/fsai/acceleration_test/install/acceleration/lib/python3.8/site-packages /usr/bin/python3 setup.py egg_info --egg-base ../../build/acceleration build --build-base /home/darragh/formula_trinity/fsai/acceleration_test/build/acceleration/build install --record /home/darragh/formula_trinity/fsai/acceleration_test/build/acceleration/install.log --single-version-externally-managed
[4.363s] Level 1:colcon.colcon_core.environment:checking '/home/darragh/formula_trinity/fsai/acceleration_test/install/acceleration' for CMake module files
[4.363s] Level 1:colcon.colcon_core.environment:checking '/home/darragh/formula_trinity/fsai/acceleration_test/install/acceleration' for CMake config files
[4.363s] Level 1:colcon.colcon_core.environment:checking '/home/darragh/formula_trinity/fsai/acceleration_test/install/acceleration/lib'
[4.363s] Level 1:colcon.colcon_core.environment:checking '/home/darragh/formula_trinity/fsai/acceleration_test/install/acceleration/bin'
[4.364s] Level 1:colcon.colcon_core.environment:checking '/home/darragh/formula_trinity/fsai/acceleration_test/install/acceleration/lib/pkgconfig/acceleration.pc'
[4.364s] Level 1:colcon.colcon_core.environment:checking '/home/darragh/formula_trinity/fsai/acceleration_test/install/acceleration/lib/python3.8/site-packages'
[4.364s] Level 1:colcon.colcon_core.shell:create_environment_hook('acceleration', 'pythonpath')
[4.392s] INFO:colcon.colcon_core.shell:Creating environment hook '/home/darragh/formula_trinity/fsai/acceleration_test/install/acceleration/share/acceleration/hook/pythonpath.ps1'
[4.392s] INFO:colcon.colcon_core.shell:Creating environment descriptor '/home/darragh/formula_trinity/fsai/acceleration_test/install/acceleration/share/acceleration/hook/pythonpath.dsv'
[4.392s] INFO:colcon.colcon_core.shell:Creating environment hook '/home/darragh/formula_trinity/fsai/acceleration_test/install/acceleration/share/acceleration/hook/pythonpath.sh'
[4.393s] Level 1:colcon.colcon_core.environment:checking '/home/darragh/formula_trinity/fsai/acceleration_test/install/acceleration/bin'
[4.393s] Level 1:colcon.colcon_core.environment:create_environment_scripts_only(acceleration)
[4.421s] INFO:colcon.colcon_core.shell:Creating package script '/home/darragh/formula_trinity/fsai/acceleration_test/install/acceleration/share/acceleration/package.ps1'
[4.421s] INFO:colcon.colcon_core.shell:Creating package descriptor '/home/darragh/formula_trinity/fsai/acceleration_test/install/acceleration/share/acceleration/package.dsv'
[4.421s] INFO:colcon.colcon_core.shell:Creating package script '/home/darragh/formula_trinity/fsai/acceleration_test/install/acceleration/share/acceleration/package.sh'
[4.422s] INFO:colcon.colcon_core.shell:Creating package script '/home/darragh/formula_trinity/fsai/acceleration_test/install/acceleration/share/acceleration/package.bash'
[4.422s] INFO:colcon.colcon_core.shell:Creating package script '/home/darragh/formula_trinity/fsai/acceleration_test/install/acceleration/share/acceleration/package.zsh'
[4.422s] Level 1:colcon.colcon_core.environment:create_file_with_runtime_dependencies(/home/darragh/formula_trinity/fsai/acceleration_test/install/acceleration/share/colcon-core/packages/acceleration)
[4.422s] DEBUG:colcon.colcon_parallel_executor.executor.parallel:closing loop
[4.423s] DEBUG:colcon.colcon_parallel_executor.executor.parallel:loop closed
[4.423s] DEBUG:colcon.colcon_parallel_executor.executor.parallel:run_until_complete finished with '0'
[4.423s] DEBUG:colcon.colcon_core.event_reactor:joining thread
[4.462s] INFO:colcon.colcon_core.plugin_system:Skipping extension 'colcon_notification.desktop_notification.terminal_notifier': Not used on non-Darwin systems
[4.462s] INFO:colcon.colcon_core.plugin_system:Skipping extension 'colcon_notification.desktop_notification.win32': Not used on non-Windows systems
[4.462s] INFO:colcon.colcon_notification.desktop_notification:Sending desktop notification using 'notify2'
[4.487s] DEBUG:colcon.colcon_core.event_reactor:joined thread
[4.521s] INFO:colcon.colcon_core.shell:Creating prefix script '/home/darragh/formula_trinity/fsai/acceleration_test/install/local_setup.ps1'
[4.522s] INFO:colcon.colcon_core.shell:Creating prefix util module '/home/darragh/formula_trinity/fsai/acceleration_test/install/_local_setup_util_ps1.py'
[4.523s] INFO:colcon.colcon_core.shell:Creating prefix chain script '/home/darragh/formula_trinity/fsai/acceleration_test/install/setup.ps1'
[4.552s] INFO:colcon.colcon_core.shell:Creating prefix script '/home/darragh/formula_trinity/fsai/acceleration_test/install/local_setup.sh'
[4.553s] INFO:colcon.colcon_core.shell:Creating prefix util module '/home/darragh/formula_trinity/fsai/acceleration_test/install/_local_setup_util_sh.py'
[4.553s] INFO:colcon.colcon_core.shell:Creating prefix chain script '/home/darragh/formula_trinity/fsai/acceleration_test/install/setup.sh'
[4.582s] INFO:colcon.colcon_core.shell:Creating prefix script '/home/darragh/formula_trinity/fsai/acceleration_test/install/local_setup.bash'
[4.582s] INFO:colcon.colcon_core.shell:Creating prefix chain script '/home/darragh/formula_trinity/fsai/acceleration_test/install/setup.bash'
[4.610s] INFO:colcon.colcon_core.shell:Creating prefix script '/home/darragh/formula_trinity/fsai/acceleration_test/install/local_setup.zsh'
[4.611s] INFO:colcon.colcon_core.shell:Creating prefix chain script '/home/darragh/formula_trinity/fsai/acceleration_test/install/setup.zsh'
