[0.865s] Invoking command in '/home/darragh/formula_trinity/fsai/acceleration_test/src/acceleration': LD_LIBRARY_PATH=/home/darragh/formula_trinity/fsai/acceleration_test/install/costom_msg/lib:/usr/lib/x86_64-linux-gnu/gazebo-11/plugins:/opt/ros/galactic/opt/yaml_cpp_vendor/lib:/opt/ros/galactic/opt/rviz_ogre_vendor/lib:/opt/ros/galactic/lib/x86_64-linux-gnu:/opt/ros/galactic/lib PYTHONPATH=/home/darragh/formula_trinity/fsai/acceleration_test/build/acceleration/prefix_override:/home/darragh/formula_trinity/fsai/acceleration_test/install/acceleration/lib/python3.8/site-packages:/home/darragh/formula_trinity/fsai/acceleration_test/install/costom_msg/lib/python3.8/site-packages:/opt/ros/galactic/lib/python3.8/site-packages:/home/darragh/formula_trinity/fsai/acceleration_test/install/acceleration/lib/python3.8/site-packages /usr/bin/python3 setup.py egg_info --egg-base ../../build/acceleration build --build-base /home/darragh/formula_trinity/fsai/acceleration_test/build/acceleration/build install --record /home/darragh/formula_trinity/fsai/acceleration_test/build/acceleration/install.log --single-version-externally-managed
[1.028s] running egg_info
[1.028s] writing ../../build/acceleration/acceleration.egg-info/PKG-INFO
[1.028s] writing dependency_links to ../../build/acceleration/acceleration.egg-info/dependency_links.txt
[1.029s] writing entry points to ../../build/acceleration/acceleration.egg-info/entry_points.txt
[1.029s] writing requirements to ../../build/acceleration/acceleration.egg-info/requires.txt
[1.029s] writing top-level names to ../../build/acceleration/acceleration.egg-info/top_level.txt
[1.056s] reading manifest file '../../build/acceleration/acceleration.egg-info/SOURCES.txt'
[1.057s] writing manifest file '../../build/acceleration/acceleration.egg-info/SOURCES.txt'
[1.057s] running build
[1.057s] running build_py
[1.057s] copying acceleration/accel.py -> /home/darragh/formula_trinity/fsai/acceleration_test/build/acceleration/build/lib/acceleration
[1.057s] running install
[1.057s] running install_lib
[1.058s] copying /home/darragh/formula_trinity/fsai/acceleration_test/build/acceleration/build/lib/acceleration/accel.py -> /home/darragh/formula_trinity/fsai/acceleration_test/install/acceleration/lib/python3.8/site-packages/acceleration
[1.058s] byte-compiling /home/darragh/formula_trinity/fsai/acceleration_test/install/acceleration/lib/python3.8/site-packages/acceleration/accel.py to accel.cpython-38.pyc
[1.060s] running install_data
[1.060s] running install_egg_info
[1.062s] removing '/home/darragh/formula_trinity/fsai/acceleration_test/install/acceleration/lib/python3.8/site-packages/acceleration-0.0.0-py3.8.egg-info' (and everything under it)
[1.062s] Copying ../../build/acceleration/acceleration.egg-info to /home/darragh/formula_trinity/fsai/acceleration_test/install/acceleration/lib/python3.8/site-packages/acceleration-0.0.0-py3.8.egg-info
[1.062s] running install_scripts
[1.075s] Installing accel_test script to /home/darragh/formula_trinity/fsai/acceleration_test/install/acceleration/lib/acceleration
[1.076s] writing list of installed files to '/home/darragh/formula_trinity/fsai/acceleration_test/build/acceleration/install.log'
[1.099s] Invoked command in '/home/darragh/formula_trinity/fsai/acceleration_test/src/acceleration' returned '0': LD_LIBRARY_PATH=/home/darragh/formula_trinity/fsai/acceleration_test/install/costom_msg/lib:/usr/lib/x86_64-linux-gnu/gazebo-11/plugins:/opt/ros/galactic/opt/yaml_cpp_vendor/lib:/opt/ros/galactic/opt/rviz_ogre_vendor/lib:/opt/ros/galactic/lib/x86_64-linux-gnu:/opt/ros/galactic/lib PYTHONPATH=/home/darragh/formula_trinity/fsai/acceleration_test/build/acceleration/prefix_override:/home/darragh/formula_trinity/fsai/acceleration_test/install/acceleration/lib/python3.8/site-packages:/home/darragh/formula_trinity/fsai/acceleration_test/install/costom_msg/lib/python3.8/site-packages:/opt/ros/galactic/lib/python3.8/site-packages:/home/darragh/formula_trinity/fsai/acceleration_test/install/acceleration/lib/python3.8/site-packages /usr/bin/python3 setup.py egg_info --egg-base ../../build/acceleration build --build-base /home/darragh/formula_trinity/fsai/acceleration_test/build/acceleration/build install --record /home/darragh/formula_trinity/fsai/acceleration_test/build/acceleration/install.log --single-version-externally-managed
