[1.745s] DEBUG:colcon:Command line arguments: ['/usr/bin/colcon', 'build']
[1.745s] DEBUG:colcon:Parsed command line arguments: Namespace(allow_overriding=[], ament_cmake_args=None, base_paths=['.'], build_base='build', catkin_cmake_args=None, catkin_skip_building_tests=False, cmake_args=None, cmake_clean_cache=False, cmake_clean_first=False, cmake_force_configure=False, cmake_target=None, cmake_target_skip_unavailable=False, continue_on_error=False, event_handlers=None, executor='parallel', ignore_user_meta=False, install_base='install', log_base=None, log_level=None, main=<bound method BuildVerb.main of <colcon_core.verb.build.BuildVerb object at 0x7febf1415670>>, merge_install=False, metas=['./colcon.meta'], packages_above=None, packages_above_and_dependencies=None, packages_above_depth=None, packages_end=None, packages_ignore=None, packages_ignore_regex=None, packages_select=None, packages_select_build_failed=False, packages_select_by_dep=None, packages_select_regex=None, packages_select_test_failures=False, packages_skip=None, packages_skip_build_finished=False, packages_skip_by_dep=None, packages_skip_regex=None, packages_skip_test_passed=False, packages_skip_up_to=None, packages_start=None, packages_up_to=None, packages_up_to_regex=None, parallel_workers=6, paths=None, symlink_install=False, test_result_base=None, verb_extension=<colcon_core.verb.build.BuildVerb object at 0x7febf1415670>, verb_name='build', verb_parser=<colcon_defaults.argument_parser.defaults.DefaultArgumentsDecorator object at 0x7febf14058e0>)
[1.820s] Level 1:colcon.colcon_core.package_discovery:discover_packages(colcon_meta) check parameters
[1.820s] Level 1:colcon.colcon_core.package_discovery:discover_packages(recursive) check parameters
[1.820s] Level 1:colcon.colcon_core.package_discovery:discover_packages(ignore) check parameters
[1.820s] Level 1:colcon.colcon_core.package_discovery:discover_packages(path) check parameters
[1.820s] Level 1:colcon.colcon_core.package_discovery:discover_packages(colcon_meta) discover
[1.820s] Level 1:colcon.colcon_core.package_discovery:discover_packages(recursive) discover
[1.820s] INFO:colcon.colcon_core.package_discovery:Crawling recursively for packages in '/home/darragh/formula_trinity/fsai/acceleration_test'
[1.820s] Level 1:colcon.colcon_core.package_identification:_identify(.) by extensions ['ignore', 'ignore_ament_install']
[1.820s] Level 1:colcon.colcon_core.package_identification:_identify(.) by extension 'ignore'
[1.820s] Level 1:colcon.colcon_core.package_identification:_identify(.) by extension 'ignore_ament_install'
[1.820s] Level 1:colcon.colcon_core.package_identification:_identify(.) by extensions ['colcon_pkg']
[1.820s] Level 1:colcon.colcon_core.package_identification:_identify(.) by extension 'colcon_pkg'
[1.820s] Level 1:colcon.colcon_core.package_identification:_identify(.) by extensions ['colcon_meta']
[1.820s] Level 1:colcon.colcon_core.package_identification:_identify(.) by extension 'colcon_meta'
[1.820s] Level 1:colcon.colcon_core.package_identification:_identify(.) by extensions ['ros']
[1.821s] Level 1:colcon.colcon_core.package_identification:_identify(.) by extension 'ros'
[1.829s] Level 1:colcon.colcon_core.package_identification:_identify(.) by extensions ['cmake', 'python']
[1.829s] Level 1:colcon.colcon_core.package_identification:_identify(.) by extension 'cmake'
[1.829s] Level 1:colcon.colcon_core.package_identification:_identify(.) by extension 'python'
[1.829s] Level 1:colcon.colcon_core.package_identification:_identify(.) by extensions ['python_setup_py']
[1.829s] Level 1:colcon.colcon_core.package_identification:_identify(.) by extension 'python_setup_py'
[1.830s] Level 1:colcon.colcon_core.package_identification:_identify(build) by extensions ['ignore', 'ignore_ament_install']
[1.830s] Level 1:colcon.colcon_core.package_identification:_identify(build) by extension 'ignore'
[1.830s] Level 1:colcon.colcon_core.package_identification:_identify(build) ignored
[1.830s] Level 1:colcon.colcon_core.package_identification:_identify(install) by extensions ['ignore', 'ignore_ament_install']
[1.830s] Level 1:colcon.colcon_core.package_identification:_identify(install) by extension 'ignore'
[1.830s] Level 1:colcon.colcon_core.package_identification:_identify(install) ignored
[1.830s] Level 1:colcon.colcon_core.package_identification:_identify(log) by extensions ['ignore', 'ignore_ament_install']
[1.830s] Level 1:colcon.colcon_core.package_identification:_identify(log) by extension 'ignore'
[1.830s] Level 1:colcon.colcon_core.package_identification:_identify(log) ignored
[1.830s] Level 1:colcon.colcon_core.package_identification:_identify(src) by extensions ['ignore', 'ignore_ament_install']
[1.830s] Level 1:colcon.colcon_core.package_identification:_identify(src) by extension 'ignore'
[1.830s] Level 1:colcon.colcon_core.package_identification:_identify(src) by extension 'ignore_ament_install'
[1.830s] Level 1:colcon.colcon_core.package_identification:_identify(src) by extensions ['colcon_pkg']
[1.830s] Level 1:colcon.colcon_core.package_identification:_identify(src) by extension 'colcon_pkg'
[1.830s] Level 1:colcon.colcon_core.package_identification:_identify(src) by extensions ['colcon_meta']
[1.830s] Level 1:colcon.colcon_core.package_identification:_identify(src) by extension 'colcon_meta'
[1.830s] Level 1:colcon.colcon_core.package_identification:_identify(src) by extensions ['ros']
[1.830s] Level 1:colcon.colcon_core.package_identification:_identify(src) by extension 'ros'
[1.830s] Level 1:colcon.colcon_core.package_identification:_identify(src) by extensions ['cmake', 'python']
[1.830s] Level 1:colcon.colcon_core.package_identification:_identify(src) by extension 'cmake'
[1.831s] Level 1:colcon.colcon_core.package_identification:_identify(src) by extension 'python'
[1.831s] Level 1:colcon.colcon_core.package_identification:_identify(src) by extensions ['python_setup_py']
[1.831s] Level 1:colcon.colcon_core.package_identification:_identify(src) by extension 'python_setup_py'
[1.831s] Level 1:colcon.colcon_core.package_identification:_identify(src/acceleration) by extensions ['ignore', 'ignore_ament_install']
[1.831s] Level 1:colcon.colcon_core.package_identification:_identify(src/acceleration) by extension 'ignore'
[1.831s] Level 1:colcon.colcon_core.package_identification:_identify(src/acceleration) by extension 'ignore_ament_install'
[1.831s] Level 1:colcon.colcon_core.package_identification:_identify(src/acceleration) by extensions ['colcon_pkg']
[1.831s] Level 1:colcon.colcon_core.package_identification:_identify(src/acceleration) by extension 'colcon_pkg'
[1.831s] Level 1:colcon.colcon_core.package_identification:_identify(src/acceleration) by extensions ['colcon_meta']
[1.831s] Level 1:colcon.colcon_core.package_identification:_identify(src/acceleration) by extension 'colcon_meta'
[1.831s] Level 1:colcon.colcon_core.package_identification:_identify(src/acceleration) by extensions ['ros']
[1.831s] Level 1:colcon.colcon_core.package_identification:_identify(src/acceleration) by extension 'ros'
[1.833s] DEBUG:colcon.colcon_core.package_identification:Package 'src/acceleration' with type 'ros.ament_python' and name 'acceleration'
[1.833s] Level 1:colcon.colcon_core.package_identification:_identify(src/costom_msg) by extensions ['ignore', 'ignore_ament_install']
[1.833s] Level 1:colcon.colcon_core.package_identification:_identify(src/costom_msg) by extension 'ignore'
[1.833s] Level 1:colcon.colcon_core.package_identification:_identify(src/costom_msg) by extension 'ignore_ament_install'
[1.833s] Level 1:colcon.colcon_core.package_identification:_identify(src/costom_msg) by extensions ['colcon_pkg']
[1.833s] Level 1:colcon.colcon_core.package_identification:_identify(src/costom_msg) by extension 'colcon_pkg'
[1.833s] Level 1:colcon.colcon_core.package_identification:_identify(src/costom_msg) by extensions ['colcon_meta']
[1.833s] Level 1:colcon.colcon_core.package_identification:_identify(src/costom_msg) by extension 'colcon_meta'
[1.833s] Level 1:colcon.colcon_core.package_identification:_identify(src/costom_msg) by extensions ['ros']
[1.833s] Level 1:colcon.colcon_core.package_identification:_identify(src/costom_msg) by extension 'ros'
[1.834s] DEBUG:colcon.colcon_core.package_identification:Package 'src/costom_msg' with type 'ros.ament_cmake' and name 'costom_msg'
[1.834s] Level 1:colcon.colcon_core.package_discovery:discover_packages(recursive) using defaults
[1.834s] Level 1:colcon.colcon_core.package_discovery:discover_packages(ignore) discover
[1.834s] Level 1:colcon.colcon_core.package_discovery:discover_packages(ignore) using defaults
[1.834s] Level 1:colcon.colcon_core.package_discovery:discover_packages(path) discover
[1.834s] Level 1:colcon.colcon_core.package_discovery:discover_packages(path) using defaults
[2.003s] Level 1:colcon.colcon_core.package_discovery:discover_packages(prefix_path) check parameters
[2.003s] Level 1:colcon.colcon_core.package_discovery:discover_packages(prefix_path) discover
[2.061s] DEBUG:colcon.colcon_installed_package_information.package_discovery:Found 1 installed packages in /home/darragh/formula_trinity/fsai/install
[2.091s] DEBUG:colcon.colcon_installed_package_information.package_discovery:Found 280 installed packages in /opt/ros/galactic
[2.092s] Level 1:colcon.colcon_core.package_discovery:discover_packages(prefix_path) using defaults
[2.218s] Level 5:colcon.colcon_core.verb:set package 'costom_msg' build argument 'cmake_args' from command line to 'None'
[2.218s] Level 5:colcon.colcon_core.verb:set package 'costom_msg' build argument 'cmake_target' from command line to 'None'
[2.218s] Level 5:colcon.colcon_core.verb:set package 'costom_msg' build argument 'cmake_target_skip_unavailable' from command line to 'False'
[2.218s] Level 5:colcon.colcon_core.verb:set package 'costom_msg' build argument 'cmake_clean_cache' from command line to 'False'
[2.218s] Level 5:colcon.colcon_core.verb:set package 'costom_msg' build argument 'cmake_clean_first' from command line to 'False'
[2.218s] Level 5:colcon.colcon_core.verb:set package 'costom_msg' build argument 'cmake_force_configure' from command line to 'False'
[2.218s] Level 5:colcon.colcon_core.verb:set package 'costom_msg' build argument 'ament_cmake_args' from command line to 'None'
[2.218s] Level 5:colcon.colcon_core.verb:set package 'costom_msg' build argument 'catkin_cmake_args' from command line to 'None'
[2.218s] Level 5:colcon.colcon_core.verb:set package 'costom_msg' build argument 'catkin_skip_building_tests' from command line to 'False'
[2.218s] DEBUG:colcon.colcon_core.verb:Building package 'costom_msg' with the following arguments: {'ament_cmake_args': None, 'build_base': '/home/darragh/formula_trinity/fsai/acceleration_test/build/costom_msg', 'catkin_cmake_args': None, 'catkin_skip_building_tests': False, 'cmake_args': None, 'cmake_clean_cache': False, 'cmake_clean_first': False, 'cmake_force_configure': False, 'cmake_target': None, 'cmake_target_skip_unavailable': False, 'install_base': '/home/darragh/formula_trinity/fsai/acceleration_test/install/costom_msg', 'merge_install': False, 'path': '/home/darragh/formula_trinity/fsai/acceleration_test/src/costom_msg', 'symlink_install': False, 'test_result_base': None}
[2.260s] Level 5:colcon.colcon_core.verb:set package 'acceleration' build argument 'cmake_args' from command line to 'None'
[2.260s] Level 5:colcon.colcon_core.verb:set package 'acceleration' build argument 'cmake_target' from command line to 'None'
[2.260s] Level 5:colcon.colcon_core.verb:set package 'acceleration' build argument 'cmake_target_skip_unavailable' from command line to 'False'
[2.260s] Level 5:colcon.colcon_core.verb:set package 'acceleration' build argument 'cmake_clean_cache' from command line to 'False'
[2.260s] Level 5:colcon.colcon_core.verb:set package 'acceleration' build argument 'cmake_clean_first' from command line to 'False'
[2.260s] Level 5:colcon.colcon_core.verb:set package 'acceleration' build argument 'cmake_force_configure' from command line to 'False'
[2.260s] Level 5:colcon.colcon_core.verb:set package 'acceleration' build argument 'ament_cmake_args' from command line to 'None'
[2.260s] Level 5:colcon.colcon_core.verb:set package 'acceleration' build argument 'catkin_cmake_args' from command line to 'None'
[2.260s] Level 5:colcon.colcon_core.verb:set package 'acceleration' build argument 'catkin_skip_building_tests' from command line to 'False'
[2.260s] DEBUG:colcon.colcon_core.verb:Building package 'acceleration' with the following arguments: {'ament_cmake_args': None, 'build_base': '/home/darragh/formula_trinity/fsai/acceleration_test/build/acceleration', 'catkin_cmake_args': None, 'catkin_skip_building_tests': False, 'cmake_args': None, 'cmake_clean_cache': False, 'cmake_clean_first': False, 'cmake_force_configure': False, 'cmake_target': None, 'cmake_target_skip_unavailable': False, 'install_base': '/home/darragh/formula_trinity/fsai/acceleration_test/install/acceleration', 'merge_install': False, 'path': '/home/darragh/formula_trinity/fsai/acceleration_test/src/acceleration', 'symlink_install': False, 'test_result_base': None}
[2.288s] INFO:colcon.colcon_core.executor:Executing jobs using 'parallel' executor
[2.316s] DEBUG:colcon.colcon_parallel_executor.executor.parallel:run_until_complete
[2.316s] INFO:colcon.colcon_ros.task.ament_cmake.build:Building ROS package in '/home/darragh/formula_trinity/fsai/acceleration_test/src/costom_msg' with build type 'ament_cmake'
[2.317s] INFO:colcon.colcon_cmake.task.cmake.build:Building CMake package in '/home/darragh/formula_trinity/fsai/acceleration_test/src/costom_msg'
[2.348s] INFO:colcon.colcon_core.plugin_system:Skipping extension 'colcon_core.shell.bat': Not used on non-Windows systems
[2.348s] INFO:colcon.colcon_core.shell:Skip shell extension 'powershell' for command environment: Not usable outside of PowerShell
[2.348s] DEBUG:colcon.colcon_core.shell:Skip shell extension 'dsv' for command environment
[2.445s] DEBUG:colcon.colcon_core.event_handler.log_command:Invoking command in '/home/darragh/formula_trinity/fsai/acceleration_test/build/costom_msg': CMAKE_PREFIX_PATH=/opt/ros/galactic /usr/bin/cmake --build /home/darragh/formula_trinity/fsai/acceleration_test/build/costom_msg -- -j6 -l6
[2.723s] DEBUG:colcon.colcon_core.event_handler.log_command:Invoked command in '/home/darragh/formula_trinity/fsai/acceleration_test/build/costom_msg' returned '0': CMAKE_PREFIX_PATH=/opt/ros/galactic /usr/bin/cmake --build /home/darragh/formula_trinity/fsai/acceleration_test/build/costom_msg -- -j6 -l6
[2.811s] DEBUG:colcon.colcon_core.event_handler.log_command:Invoking command in '/home/darragh/formula_trinity/fsai/acceleration_test/build/costom_msg': CMAKE_PREFIX_PATH=/opt/ros/galactic /usr/bin/cmake --install /home/darragh/formula_trinity/fsai/acceleration_test/build/costom_msg
[2.867s] Level 1:colcon.colcon_core.environment:create_environment_scripts_only(costom_msg)
[2.868s] DEBUG:colcon.colcon_core.event_handler.log_command:Invoked command in '/home/darragh/formula_trinity/fsai/acceleration_test/build/costom_msg' returned '0': CMAKE_PREFIX_PATH=/opt/ros/galactic /usr/bin/cmake --install /home/darragh/formula_trinity/fsai/acceleration_test/build/costom_msg
[2.903s] Level 1:colcon.colcon_core.environment:checking '/home/darragh/formula_trinity/fsai/acceleration_test/install/costom_msg' for CMake module files
[2.904s] Level 1:colcon.colcon_core.environment:checking '/home/darragh/formula_trinity/fsai/acceleration_test/install/costom_msg' for CMake config files
[2.904s] Level 1:colcon.colcon_core.shell:create_environment_hook('costom_msg', 'cmake_prefix_path')
[2.934s] INFO:colcon.colcon_core.shell:Creating environment hook '/home/darragh/formula_trinity/fsai/acceleration_test/install/costom_msg/share/costom_msg/hook/cmake_prefix_path.ps1'
[2.934s] INFO:colcon.colcon_core.shell:Creating environment descriptor '/home/darragh/formula_trinity/fsai/acceleration_test/install/costom_msg/share/costom_msg/hook/cmake_prefix_path.dsv'
[2.935s] INFO:colcon.colcon_core.shell:Creating environment hook '/home/darragh/formula_trinity/fsai/acceleration_test/install/costom_msg/share/costom_msg/hook/cmake_prefix_path.sh'
[2.936s] Level 1:colcon.colcon_core.environment:checking '/home/darragh/formula_trinity/fsai/acceleration_test/install/costom_msg/lib'
[2.936s] Level 1:colcon.colcon_core.shell:create_environment_hook('costom_msg', 'ld_library_path_lib')
[2.971s] INFO:colcon.colcon_core.shell:Creating environment hook '/home/darragh/formula_trinity/fsai/acceleration_test/install/costom_msg/share/costom_msg/hook/ld_library_path_lib.ps1'
[2.972s] INFO:colcon.colcon_core.shell:Creating environment descriptor '/home/darragh/formula_trinity/fsai/acceleration_test/install/costom_msg/share/costom_msg/hook/ld_library_path_lib.dsv'
[2.972s] INFO:colcon.colcon_core.shell:Creating environment hook '/home/darragh/formula_trinity/fsai/acceleration_test/install/costom_msg/share/costom_msg/hook/ld_library_path_lib.sh'
[2.972s] Level 1:colcon.colcon_core.environment:checking '/home/darragh/formula_trinity/fsai/acceleration_test/install/costom_msg/bin'
[2.972s] Level 1:colcon.colcon_core.environment:checking '/home/darragh/formula_trinity/fsai/acceleration_test/install/costom_msg/lib/pkgconfig/costom_msg.pc'
[2.972s] Level 1:colcon.colcon_core.environment:checking '/home/darragh/formula_trinity/fsai/acceleration_test/install/costom_msg/lib/python3.8/site-packages'
[2.972s] Level 1:colcon.colcon_core.shell:create_environment_hook('costom_msg', 'pythonpath')
[3.002s] INFO:colcon.colcon_core.shell:Creating environment hook '/home/darragh/formula_trinity/fsai/acceleration_test/install/costom_msg/share/costom_msg/hook/pythonpath.ps1'
[3.002s] INFO:colcon.colcon_core.shell:Creating environment descriptor '/home/darragh/formula_trinity/fsai/acceleration_test/install/costom_msg/share/costom_msg/hook/pythonpath.dsv'
[3.003s] INFO:colcon.colcon_core.shell:Creating environment hook '/home/darragh/formula_trinity/fsai/acceleration_test/install/costom_msg/share/costom_msg/hook/pythonpath.sh'
[3.003s] Level 1:colcon.colcon_core.environment:checking '/home/darragh/formula_trinity/fsai/acceleration_test/install/costom_msg/bin'
[3.040s] INFO:colcon.colcon_core.shell:Creating package script '/home/darragh/formula_trinity/fsai/acceleration_test/install/costom_msg/share/costom_msg/package.ps1'
[3.040s] INFO:colcon.colcon_core.shell:Creating package descriptor '/home/darragh/formula_trinity/fsai/acceleration_test/install/costom_msg/share/costom_msg/package.dsv'
[3.041s] INFO:colcon.colcon_core.shell:Creating package script '/home/darragh/formula_trinity/fsai/acceleration_test/install/costom_msg/share/costom_msg/package.sh'
[3.041s] INFO:colcon.colcon_core.shell:Creating package script '/home/darragh/formula_trinity/fsai/acceleration_test/install/costom_msg/share/costom_msg/package.bash'
[3.042s] INFO:colcon.colcon_core.shell:Creating package script '/home/darragh/formula_trinity/fsai/acceleration_test/install/costom_msg/share/costom_msg/package.zsh'
[3.042s] Level 1:colcon.colcon_core.environment:create_file_with_runtime_dependencies(/home/darragh/formula_trinity/fsai/acceleration_test/install/costom_msg/share/colcon-core/packages/costom_msg)
[3.149s] Level 1:colcon.colcon_core.environment:create_environment_scripts_only(costom_msg)
[3.178s] Level 1:colcon.colcon_core.environment:checking '/home/darragh/formula_trinity/fsai/acceleration_test/install/costom_msg' for CMake module files
[3.179s] Level 1:colcon.colcon_core.environment:checking '/home/darragh/formula_trinity/fsai/acceleration_test/install/costom_msg' for CMake config files
[3.179s] Level 1:colcon.colcon_core.shell:create_environment_hook('costom_msg', 'cmake_prefix_path')
[3.208s] INFO:colcon.colcon_core.shell:Creating environment hook '/home/darragh/formula_trinity/fsai/acceleration_test/install/costom_msg/share/costom_msg/hook/cmake_prefix_path.ps1'
[3.208s] INFO:colcon.colcon_core.shell:Creating environment descriptor '/home/darragh/formula_trinity/fsai/acceleration_test/install/costom_msg/share/costom_msg/hook/cmake_prefix_path.dsv'
[3.209s] INFO:colcon.colcon_core.shell:Creating environment hook '/home/darragh/formula_trinity/fsai/acceleration_test/install/costom_msg/share/costom_msg/hook/cmake_prefix_path.sh'
[3.209s] Level 1:colcon.colcon_core.environment:checking '/home/darragh/formula_trinity/fsai/acceleration_test/install/costom_msg/lib'
[3.209s] Level 1:colcon.colcon_core.shell:create_environment_hook('costom_msg', 'ld_library_path_lib')
[3.244s] INFO:colcon.colcon_core.shell:Creating environment hook '/home/darragh/formula_trinity/fsai/acceleration_test/install/costom_msg/share/costom_msg/hook/ld_library_path_lib.ps1'
[3.245s] INFO:colcon.colcon_core.shell:Creating environment descriptor '/home/darragh/formula_trinity/fsai/acceleration_test/install/costom_msg/share/costom_msg/hook/ld_library_path_lib.dsv'
[3.245s] INFO:colcon.colcon_core.shell:Creating environment hook '/home/darragh/formula_trinity/fsai/acceleration_test/install/costom_msg/share/costom_msg/hook/ld_library_path_lib.sh'
[3.245s] Level 1:colcon.colcon_core.environment:checking '/home/darragh/formula_trinity/fsai/acceleration_test/install/costom_msg/bin'
[3.245s] Level 1:colcon.colcon_core.environment:checking '/home/darragh/formula_trinity/fsai/acceleration_test/install/costom_msg/lib/pkgconfig/costom_msg.pc'
[3.245s] Level 1:colcon.colcon_core.environment:checking '/home/darragh/formula_trinity/fsai/acceleration_test/install/costom_msg/lib/python3.8/site-packages'
[3.246s] Level 1:colcon.colcon_core.shell:create_environment_hook('costom_msg', 'pythonpath')
[3.275s] INFO:colcon.colcon_core.shell:Creating environment hook '/home/darragh/formula_trinity/fsai/acceleration_test/install/costom_msg/share/costom_msg/hook/pythonpath.ps1'
[3.276s] INFO:colcon.colcon_core.shell:Creating environment descriptor '/home/darragh/formula_trinity/fsai/acceleration_test/install/costom_msg/share/costom_msg/hook/pythonpath.dsv'
[3.276s] INFO:colcon.colcon_core.shell:Creating environment hook '/home/darragh/formula_trinity/fsai/acceleration_test/install/costom_msg/share/costom_msg/hook/pythonpath.sh'
[3.276s] Level 1:colcon.colcon_core.environment:checking '/home/darragh/formula_trinity/fsai/acceleration_test/install/costom_msg/bin'
[3.306s] INFO:colcon.colcon_core.shell:Creating package script '/home/darragh/formula_trinity/fsai/acceleration_test/install/costom_msg/share/costom_msg/package.ps1'
[3.307s] INFO:colcon.colcon_core.shell:Creating package descriptor '/home/darragh/formula_trinity/fsai/acceleration_test/install/costom_msg/share/costom_msg/package.dsv'
[3.307s] INFO:colcon.colcon_core.shell:Creating package script '/home/darragh/formula_trinity/fsai/acceleration_test/install/costom_msg/share/costom_msg/package.sh'
[3.307s] INFO:colcon.colcon_core.shell:Creating package script '/home/darragh/formula_trinity/fsai/acceleration_test/install/costom_msg/share/costom_msg/package.bash'
[3.308s] INFO:colcon.colcon_core.shell:Creating package script '/home/darragh/formula_trinity/fsai/acceleration_test/install/costom_msg/share/costom_msg/package.zsh'
[3.308s] Level 1:colcon.colcon_core.environment:create_file_with_runtime_dependencies(/home/darragh/formula_trinity/fsai/acceleration_test/install/costom_msg/share/colcon-core/packages/costom_msg)
[3.308s] INFO:colcon.colcon_ros.task.ament_python.build:Building ROS package in '/home/darragh/formula_trinity/fsai/acceleration_test/src/acceleration' with build type 'ament_python'
[3.308s] Level 1:colcon.colcon_core.shell:create_environment_hook('acceleration', 'ament_prefix_path')
[3.340s] INFO:colcon.colcon_core.shell:Creating environment hook '/home/darragh/formula_trinity/fsai/acceleration_test/install/acceleration/share/acceleration/hook/ament_prefix_path.ps1'
[3.340s] INFO:colcon.colcon_core.shell:Creating environment descriptor '/home/darragh/formula_trinity/fsai/acceleration_test/install/acceleration/share/acceleration/hook/ament_prefix_path.dsv'
[3.340s] INFO:colcon.colcon_core.shell:Creating environment hook '/home/darragh/formula_trinity/fsai/acceleration_test/install/acceleration/share/acceleration/hook/ament_prefix_path.sh'
[3.371s] INFO:colcon.colcon_core.shell:Skip shell extension 'powershell' for command environment: Not usable outside of PowerShell
[3.371s] DEBUG:colcon.colcon_core.shell:Skip shell extension 'dsv' for command environment
[3.671s] INFO:colcon.colcon_core.task.python.build:Building Python package in '/home/darragh/formula_trinity/fsai/acceleration_test/src/acceleration'
[3.713s] INFO:colcon.colcon_core.shell:Skip shell extension 'powershell' for command environment: Not usable outside of PowerShell
[3.713s] DEBUG:colcon.colcon_core.shell:Skip shell extension 'dsv' for command environment
[4.236s] DEBUG:colcon.colcon_core.event_handler.log_command:Invoking command in '/home/darragh/formula_trinity/fsai/acceleration_test/src/acceleration': AMENT_PREFIX_PATH=/home/darragh/formula_trinity/fsai/acceleration_test/install/costom_msg:${AMENT_PREFIX_PATH} CMAKE_PREFIX_PATH=/home/darragh/formula_trinity/fsai/acceleration_test/install/costom_msg LD_LIBRARY_PATH=/home/darragh/formula_trinity/fsai/acceleration_test/install/costom_msg/lib:${LD_LIBRARY_PATH} PYTHONPATH=/home/darragh/formula_trinity/fsai/acceleration_test/build/acceleration/prefix_override:/home/darragh/formula_trinity/fsai/acceleration_test/install/acceleration/lib/python3.8/site-packages:/home/darragh/formula_trinity/fsai/acceleration_test/install/costom_msg/lib/python3.8/site-packages:${PYTHONPATH} /usr/bin/python3 setup.py egg_info --egg-base ../../build/acceleration build --build-base /home/darragh/formula_trinity/fsai/acceleration_test/build/acceleration/build install --record /home/darragh/formula_trinity/fsai/acceleration_test/build/acceleration/install.log --single-version-externally-managed
[4.536s] DEBUG:colcon.colcon_core.event_handler.log_command:Invoked command in '/home/darragh/formula_trinity/fsai/acceleration_test/src/acceleration' returned '0': AMENT_PREFIX_PATH=/home/darragh/formula_trinity/fsai/acceleration_test/install/costom_msg:${AMENT_PREFIX_PATH} CMAKE_PREFIX_PATH=/home/darragh/formula_trinity/fsai/acceleration_test/install/costom_msg LD_LIBRARY_PATH=/home/darragh/formula_trinity/fsai/acceleration_test/install/costom_msg/lib:${LD_LIBRARY_PATH} PYTHONPATH=/home/darragh/formula_trinity/fsai/acceleration_test/build/acceleration/prefix_override:/home/darragh/formula_trinity/fsai/acceleration_test/install/acceleration/lib/python3.8/site-packages:/home/darragh/formula_trinity/fsai/acceleration_test/install/costom_msg/lib/python3.8/site-packages:${PYTHONPATH} /usr/bin/python3 setup.py egg_info --egg-base ../../build/acceleration build --build-base /home/darragh/formula_trinity/fsai/acceleration_test/build/acceleration/build install --record /home/darragh/formula_trinity/fsai/acceleration_test/build/acceleration/install.log --single-version-externally-managed
[4.567s] Level 1:colcon.colcon_core.environment:checking '/home/darragh/formula_trinity/fsai/acceleration_test/install/acceleration' for CMake module files
[4.568s] Level 1:colcon.colcon_core.environment:checking '/home/darragh/formula_trinity/fsai/acceleration_test/install/acceleration' for CMake config files
[4.568s] Level 1:colcon.colcon_core.environment:checking '/home/darragh/formula_trinity/fsai/acceleration_test/install/acceleration/lib'
[4.568s] Level 1:colcon.colcon_core.environment:checking '/home/darragh/formula_trinity/fsai/acceleration_test/install/acceleration/bin'
[4.569s] Level 1:colcon.colcon_core.environment:checking '/home/darragh/formula_trinity/fsai/acceleration_test/install/acceleration/lib/pkgconfig/acceleration.pc'
[4.569s] Level 1:colcon.colcon_core.environment:checking '/home/darragh/formula_trinity/fsai/acceleration_test/install/acceleration/lib/python3.8/site-packages'
[4.569s] Level 1:colcon.colcon_core.shell:create_environment_hook('acceleration', 'pythonpath')
[4.603s] INFO:colcon.colcon_core.shell:Creating environment hook '/home/darragh/formula_trinity/fsai/acceleration_test/install/acceleration/share/acceleration/hook/pythonpath.ps1'
[4.604s] INFO:colcon.colcon_core.shell:Creating environment descriptor '/home/darragh/formula_trinity/fsai/acceleration_test/install/acceleration/share/acceleration/hook/pythonpath.dsv'
[4.605s] INFO:colcon.colcon_core.shell:Creating environment hook '/home/darragh/formula_trinity/fsai/acceleration_test/install/acceleration/share/acceleration/hook/pythonpath.sh'
[4.605s] Level 1:colcon.colcon_core.environment:checking '/home/darragh/formula_trinity/fsai/acceleration_test/install/acceleration/bin'
[4.605s] Level 1:colcon.colcon_core.environment:create_environment_scripts_only(acceleration)
[4.642s] INFO:colcon.colcon_core.shell:Creating package script '/home/darragh/formula_trinity/fsai/acceleration_test/install/acceleration/share/acceleration/package.ps1'
[4.643s] INFO:colcon.colcon_core.shell:Creating package descriptor '/home/darragh/formula_trinity/fsai/acceleration_test/install/acceleration/share/acceleration/package.dsv'
[4.643s] INFO:colcon.colcon_core.shell:Creating package script '/home/darragh/formula_trinity/fsai/acceleration_test/install/acceleration/share/acceleration/package.sh'
[4.643s] INFO:colcon.colcon_core.shell:Creating package script '/home/darragh/formula_trinity/fsai/acceleration_test/install/acceleration/share/acceleration/package.bash'
[4.644s] INFO:colcon.colcon_core.shell:Creating package script '/home/darragh/formula_trinity/fsai/acceleration_test/install/acceleration/share/acceleration/package.zsh'
[4.644s] Level 1:colcon.colcon_core.environment:create_file_with_runtime_dependencies(/home/darragh/formula_trinity/fsai/acceleration_test/install/acceleration/share/colcon-core/packages/acceleration)
[4.645s] DEBUG:colcon.colcon_parallel_executor.executor.parallel:closing loop
[4.645s] DEBUG:colcon.colcon_parallel_executor.executor.parallel:loop closed
[4.645s] DEBUG:colcon.colcon_parallel_executor.executor.parallel:run_until_complete finished with '0'
[4.645s] DEBUG:colcon.colcon_core.event_reactor:joining thread
[4.703s] INFO:colcon.colcon_core.plugin_system:Skipping extension 'colcon_notification.desktop_notification.terminal_notifier': Not used on non-Darwin systems
[4.703s] INFO:colcon.colcon_core.plugin_system:Skipping extension 'colcon_notification.desktop_notification.win32': Not used on non-Windows systems
[4.703s] INFO:colcon.colcon_notification.desktop_notification:Sending desktop notification using 'notify2'
[4.725s] DEBUG:colcon.colcon_core.event_reactor:joined thread
[4.759s] INFO:colcon.colcon_core.shell:Creating prefix script '/home/darragh/formula_trinity/fsai/acceleration_test/install/local_setup.ps1'
[4.760s] INFO:colcon.colcon_core.shell:Creating prefix util module '/home/darragh/formula_trinity/fsai/acceleration_test/install/_local_setup_util_ps1.py'
[4.762s] INFO:colcon.colcon_core.shell:Creating prefix chain script '/home/darragh/formula_trinity/fsai/acceleration_test/install/setup.ps1'
[4.795s] INFO:colcon.colcon_core.shell:Creating prefix script '/home/darragh/formula_trinity/fsai/acceleration_test/install/local_setup.sh'
[4.795s] INFO:colcon.colcon_core.shell:Creating prefix util module '/home/darragh/formula_trinity/fsai/acceleration_test/install/_local_setup_util_sh.py'
[4.796s] INFO:colcon.colcon_core.shell:Creating prefix chain script '/home/darragh/formula_trinity/fsai/acceleration_test/install/setup.sh'
[4.828s] INFO:colcon.colcon_core.shell:Creating prefix script '/home/darragh/formula_trinity/fsai/acceleration_test/install/local_setup.bash'
[4.829s] INFO:colcon.colcon_core.shell:Creating prefix chain script '/home/darragh/formula_trinity/fsai/acceleration_test/install/setup.bash'
[4.861s] INFO:colcon.colcon_core.shell:Creating prefix script '/home/darragh/formula_trinity/fsai/acceleration_test/install/local_setup.zsh'
[4.862s] INFO:colcon.colcon_core.shell:Creating prefix chain script '/home/darragh/formula_trinity/fsai/acceleration_test/install/setup.zsh'
