[0.136s] Invoking command in '/home/darragh/formula_trinity/fsai/acceleration_test/build/costom_msg': CMAKE_PREFIX_PATH=/opt/ros/galactic /usr/bin/cmake --build /home/darragh/formula_trinity/fsai/acceleration_test/build/costom_msg -- -j6 -l6
[0.199s] [  3%] Built target costom_msg__cpp
[0.200s] [ 12%] Built target costom_msg__rosidl_generator_c
[0.224s] [ 22%] Built target costom_msg__rosidl_typesupport_cpp
[0.227s] [ 32%] Built target costom_msg__rosidl_typesupport_c
[0.229s] [ 41%] Built target costom_msg__rosidl_typesupport_introspection_cpp
[0.230s] [ 51%] Built target costom_msg__rosidl_typesupport_fastrtps_cpp
[0.234s] [ 61%] Built target costom_msg__rosidl_typesupport_introspection_c
[0.256s] [ 70%] Built target costom_msg__rosidl_typesupport_fastrtps_c
[0.283s] [ 70%] Built target costom_msg
[0.310s] [ 74%] Built target costom_msg__py
[0.347s] [ 80%] Built target costom_msg__python
[0.376s] [ 87%] Built target costom_msg__rosidl_typesupport_c__pyext
[0.377s] [ 93%] Built target costom_msg__rosidl_typesupport_introspection_c__pyext
[0.383s] [100%] Built target costom_msg__rosidl_typesupport_fastrtps_c__pyext
[0.399s] Invoked command in '/home/darragh/formula_trinity/fsai/acceleration_test/build/costom_msg' returned '0': CMAKE_PREFIX_PATH=/opt/ros/galactic /usr/bin/cmake --build /home/darragh/formula_trinity/fsai/acceleration_test/build/costom_msg -- -j6 -l6
[0.477s] Invoking command in '/home/darragh/formula_trinity/fsai/acceleration_test/build/costom_msg': CMAKE_PREFIX_PATH=/opt/ros/galactic /usr/bin/cmake --install /home/darragh/formula_trinity/fsai/acceleration_test/build/costom_msg
[0.487s] -- Install configuration: ""
[0.487s] -- Up-to-date: /home/darragh/formula_trinity/fsai/acceleration_test/install/costom_msg/share/ament_index/resource_index/rosidl_interfaces/costom_msg
[0.487s] -- Up-to-date: /home/darragh/formula_trinity/fsai/acceleration_test/install/costom_msg/include/costom_msg
[0.487s] -- Up-to-date: /home/darragh/formula_trinity/fsai/acceleration_test/install/costom_msg/include/costom_msg/msg
[0.487s] -- Up-to-date: /home/darragh/formula_trinity/fsai/acceleration_test/install/costom_msg/include/costom_msg/msg/wheel_speeds_stamped.h
[0.487s] -- Up-to-date: /home/darragh/formula_trinity/fsai/acceleration_test/install/costom_msg/include/costom_msg/msg/detail
[0.487s] -- Up-to-date: /home/darragh/formula_trinity/fsai/acceleration_test/install/costom_msg/include/costom_msg/msg/detail/wheel_speeds_stamped__functions.c
[0.487s] -- Up-to-date: /home/darragh/formula_trinity/fsai/acceleration_test/install/costom_msg/include/costom_msg/msg/detail/wheel_speeds_stamped__type_support.h
[0.488s] -- Up-to-date: /home/darragh/formula_trinity/fsai/acceleration_test/install/costom_msg/include/costom_msg/msg/detail/wheel_speeds_stamped__struct.h
[0.488s] -- Up-to-date: /home/darragh/formula_trinity/fsai/acceleration_test/install/costom_msg/include/costom_msg/msg/detail/wheel_speeds_stamped__functions.h
[0.488s] -- Up-to-date: /home/darragh/formula_trinity/fsai/acceleration_test/install/costom_msg/include/costom_msg/msg/rosidl_generator_c__visibility_control.h
[0.488s] -- Up-to-date: /home/darragh/formula_trinity/fsai/acceleration_test/install/costom_msg/share/costom_msg/environment/library_path.sh
[0.488s] -- Up-to-date: /home/darragh/formula_trinity/fsai/acceleration_test/install/costom_msg/share/costom_msg/environment/library_path.dsv
[0.488s] -- Up-to-date: /home/darragh/formula_trinity/fsai/acceleration_test/install/costom_msg/lib/libcostom_msg__rosidl_generator_c.so
[0.489s] -- Up-to-date: /home/darragh/formula_trinity/fsai/acceleration_test/install/costom_msg/include/costom_msg
[0.489s] -- Up-to-date: /home/darragh/formula_trinity/fsai/acceleration_test/install/costom_msg/include/costom_msg/msg
[0.489s] -- Up-to-date: /home/darragh/formula_trinity/fsai/acceleration_test/install/costom_msg/include/costom_msg/msg/detail
[0.489s] -- Up-to-date: /home/darragh/formula_trinity/fsai/acceleration_test/install/costom_msg/include/costom_msg/msg/detail/wheel_speeds_stamped__rosidl_typesupport_fastrtps_c.h
[0.489s] -- Up-to-date: /home/darragh/formula_trinity/fsai/acceleration_test/install/costom_msg/include/costom_msg/msg/rosidl_typesupport_fastrtps_c__visibility_control.h
[0.490s] -- Up-to-date: /home/darragh/formula_trinity/fsai/acceleration_test/install/costom_msg/lib/libcostom_msg__rosidl_typesupport_fastrtps_c.so
[0.490s] -- Up-to-date: /home/darragh/formula_trinity/fsai/acceleration_test/install/costom_msg/include/costom_msg
[0.490s] -- Up-to-date: /home/darragh/formula_trinity/fsai/acceleration_test/install/costom_msg/include/costom_msg/msg
[0.490s] -- Up-to-date: /home/darragh/formula_trinity/fsai/acceleration_test/install/costom_msg/include/costom_msg/msg/detail
[0.490s] -- Up-to-date: /home/darragh/formula_trinity/fsai/acceleration_test/install/costom_msg/include/costom_msg/msg/detail/dds_fastrtps
[0.490s] -- Up-to-date: /home/darragh/formula_trinity/fsai/acceleration_test/install/costom_msg/include/costom_msg/msg/detail/wheel_speeds_stamped__rosidl_typesupport_fastrtps_cpp.hpp
[0.490s] -- Up-to-date: /home/darragh/formula_trinity/fsai/acceleration_test/install/costom_msg/include/costom_msg/msg/rosidl_typesupport_fastrtps_cpp__visibility_control.h
[0.490s] -- Up-to-date: /home/darragh/formula_trinity/fsai/acceleration_test/install/costom_msg/lib/libcostom_msg__rosidl_typesupport_fastrtps_cpp.so
[0.491s] -- Up-to-date: /home/darragh/formula_trinity/fsai/acceleration_test/install/costom_msg/include/costom_msg
[0.491s] -- Up-to-date: /home/darragh/formula_trinity/fsai/acceleration_test/install/costom_msg/include/costom_msg/msg
[0.491s] -- Up-to-date: /home/darragh/formula_trinity/fsai/acceleration_test/install/costom_msg/include/costom_msg/msg/detail
[0.491s] -- Up-to-date: /home/darragh/formula_trinity/fsai/acceleration_test/install/costom_msg/include/costom_msg/msg/detail/wheel_speeds_stamped__rosidl_typesupport_introspection_c.h
[0.491s] -- Up-to-date: /home/darragh/formula_trinity/fsai/acceleration_test/install/costom_msg/include/costom_msg/msg/detail/wheel_speeds_stamped__type_support.c
[0.491s] -- Up-to-date: /home/darragh/formula_trinity/fsai/acceleration_test/install/costom_msg/include/costom_msg/msg/rosidl_typesupport_introspection_c__visibility_control.h
[0.491s] -- Up-to-date: /home/darragh/formula_trinity/fsai/acceleration_test/install/costom_msg/lib/libcostom_msg__rosidl_typesupport_introspection_c.so
[0.491s] -- Up-to-date: /home/darragh/formula_trinity/fsai/acceleration_test/install/costom_msg/lib/libcostom_msg__rosidl_typesupport_c.so
[0.491s] -- Up-to-date: /home/darragh/formula_trinity/fsai/acceleration_test/install/costom_msg/include/costom_msg
[0.492s] -- Up-to-date: /home/darragh/formula_trinity/fsai/acceleration_test/install/costom_msg/include/costom_msg/msg
[0.492s] -- Up-to-date: /home/darragh/formula_trinity/fsai/acceleration_test/install/costom_msg/include/costom_msg/msg/wheel_speeds_stamped.hpp
[0.492s] -- Up-to-date: /home/darragh/formula_trinity/fsai/acceleration_test/install/costom_msg/include/costom_msg/msg/detail
[0.492s] -- Up-to-date: /home/darragh/formula_trinity/fsai/acceleration_test/install/costom_msg/include/costom_msg/msg/detail/wheel_speeds_stamped__traits.hpp
[0.492s] -- Up-to-date: /home/darragh/formula_trinity/fsai/acceleration_test/install/costom_msg/include/costom_msg/msg/detail/wheel_speeds_stamped__builder.hpp
[0.492s] -- Up-to-date: /home/darragh/formula_trinity/fsai/acceleration_test/install/costom_msg/include/costom_msg/msg/detail/wheel_speeds_stamped__struct.hpp
[0.492s] -- Up-to-date: /home/darragh/formula_trinity/fsai/acceleration_test/install/costom_msg/include/costom_msg
[0.492s] -- Up-to-date: /home/darragh/formula_trinity/fsai/acceleration_test/install/costom_msg/include/costom_msg/msg
[0.493s] -- Up-to-date: /home/darragh/formula_trinity/fsai/acceleration_test/install/costom_msg/include/costom_msg/msg/detail
[0.493s] -- Up-to-date: /home/darragh/formula_trinity/fsai/acceleration_test/install/costom_msg/include/costom_msg/msg/detail/wheel_speeds_stamped__rosidl_typesupport_introspection_cpp.hpp
[0.493s] -- Up-to-date: /home/darragh/formula_trinity/fsai/acceleration_test/install/costom_msg/include/costom_msg/msg/detail/wheel_speeds_stamped__type_support.cpp
[0.493s] -- Up-to-date: /home/darragh/formula_trinity/fsai/acceleration_test/install/costom_msg/lib/libcostom_msg__rosidl_typesupport_introspection_cpp.so
[0.493s] -- Up-to-date: /home/darragh/formula_trinity/fsai/acceleration_test/install/costom_msg/lib/libcostom_msg__rosidl_typesupport_cpp.so
[0.493s] -- Up-to-date: /home/darragh/formula_trinity/fsai/acceleration_test/install/costom_msg/share/costom_msg/environment/pythonpath.sh
[0.493s] -- Up-to-date: /home/darragh/formula_trinity/fsai/acceleration_test/install/costom_msg/share/costom_msg/environment/pythonpath.dsv
[0.493s] -- Up-to-date: /home/darragh/formula_trinity/fsai/acceleration_test/install/costom_msg/lib/python3.8/site-packages/costom_msg/__init__.py
[0.521s] -- Up-to-date: /home/darragh/formula_trinity/fsai/acceleration_test/install/costom_msg/lib/python3.8/site-packages/costom_msg/msg
[0.521s] -- Up-to-date: /home/darragh/formula_trinity/fsai/acceleration_test/install/costom_msg/lib/python3.8/site-packages/costom_msg/msg/_wheel_speeds_stamped.py
[0.521s] -- Up-to-date: /home/darragh/formula_trinity/fsai/acceleration_test/install/costom_msg/lib/python3.8/site-packages/costom_msg/msg/_wheel_speeds_stamped_s.c
[0.521s] -- Up-to-date: /home/darragh/formula_trinity/fsai/acceleration_test/install/costom_msg/lib/python3.8/site-packages/costom_msg/msg/__init__.py
[0.522s] -- Up-to-date: /home/darragh/formula_trinity/fsai/acceleration_test/install/costom_msg/lib/python3.8/site-packages/costom_msg/costom_msg_s__rosidl_typesupport_fastrtps_c.cpython-38-x86_64-linux-gnu.so
[0.523s] -- Up-to-date: /home/darragh/formula_trinity/fsai/acceleration_test/install/costom_msg/lib/python3.8/site-packages/costom_msg/costom_msg_s__rosidl_typesupport_introspection_c.cpython-38-x86_64-linux-gnu.so
[0.524s] -- Up-to-date: /home/darragh/formula_trinity/fsai/acceleration_test/install/costom_msg/lib/python3.8/site-packages/costom_msg/costom_msg_s__rosidl_typesupport_c.cpython-38-x86_64-linux-gnu.so
[0.525s] -- Up-to-date: /home/darragh/formula_trinity/fsai/acceleration_test/install/costom_msg/lib/libcostom_msg__python.so
[0.525s] -- Up-to-date: /home/darragh/formula_trinity/fsai/acceleration_test/install/costom_msg/share/costom_msg/msg/WheelSpeedsStamped.idl
[0.525s] -- Up-to-date: /home/darragh/formula_trinity/fsai/acceleration_test/install/costom_msg/share/costom_msg/msg/WheelSpeedsStamped.msg
[0.526s] -- Up-to-date: /home/darragh/formula_trinity/fsai/acceleration_test/install/costom_msg/share/ament_index/resource_index/package_run_dependencies/costom_msg
[0.526s] -- Up-to-date: /home/darragh/formula_trinity/fsai/acceleration_test/install/costom_msg/share/ament_index/resource_index/parent_prefix_path/costom_msg
[0.526s] -- Up-to-date: /home/darragh/formula_trinity/fsai/acceleration_test/install/costom_msg/share/costom_msg/environment/ament_prefix_path.sh
[0.526s] -- Up-to-date: /home/darragh/formula_trinity/fsai/acceleration_test/install/costom_msg/share/costom_msg/environment/ament_prefix_path.dsv
[0.527s] -- Up-to-date: /home/darragh/formula_trinity/fsai/acceleration_test/install/costom_msg/share/costom_msg/environment/path.sh
[0.527s] -- Up-to-date: /home/darragh/formula_trinity/fsai/acceleration_test/install/costom_msg/share/costom_msg/environment/path.dsv
[0.527s] -- Up-to-date: /home/darragh/formula_trinity/fsai/acceleration_test/install/costom_msg/share/costom_msg/local_setup.bash
[0.527s] -- Up-to-date: /home/darragh/formula_trinity/fsai/acceleration_test/install/costom_msg/share/costom_msg/local_setup.sh
[0.529s] -- Up-to-date: /home/darragh/formula_trinity/fsai/acceleration_test/install/costom_msg/share/costom_msg/local_setup.zsh
[0.529s] -- Up-to-date: /home/darragh/formula_trinity/fsai/acceleration_test/install/costom_msg/share/costom_msg/local_setup.dsv
[0.529s] -- Installing: /home/darragh/formula_trinity/fsai/acceleration_test/install/costom_msg/share/costom_msg/package.dsv
[0.529s] -- Up-to-date: /home/darragh/formula_trinity/fsai/acceleration_test/install/costom_msg/share/ament_index/resource_index/packages/costom_msg
[0.530s] -- Up-to-date: /home/darragh/formula_trinity/fsai/acceleration_test/install/costom_msg/share/costom_msg/cmake/costom_msg__rosidl_generator_cExport.cmake
[0.530s] -- Up-to-date: /home/darragh/formula_trinity/fsai/acceleration_test/install/costom_msg/share/costom_msg/cmake/costom_msg__rosidl_generator_cExport-noconfig.cmake
[0.530s] -- Up-to-date: /home/darragh/formula_trinity/fsai/acceleration_test/install/costom_msg/share/costom_msg/cmake/costom_msg__rosidl_typesupport_introspection_cExport.cmake
[0.530s] -- Up-to-date: /home/darragh/formula_trinity/fsai/acceleration_test/install/costom_msg/share/costom_msg/cmake/costom_msg__rosidl_typesupport_introspection_cExport-noconfig.cmake
[0.530s] -- Up-to-date: /home/darragh/formula_trinity/fsai/acceleration_test/install/costom_msg/share/costom_msg/cmake/costom_msg__rosidl_typesupport_cExport.cmake
[0.530s] -- Up-to-date: /home/darragh/formula_trinity/fsai/acceleration_test/install/costom_msg/share/costom_msg/cmake/costom_msg__rosidl_typesupport_cExport-noconfig.cmake
[0.531s] -- Up-to-date: /home/darragh/formula_trinity/fsai/acceleration_test/install/costom_msg/share/costom_msg/cmake/costom_msg__rosidl_generator_cppExport.cmake
[0.531s] -- Up-to-date: /home/darragh/formula_trinity/fsai/acceleration_test/install/costom_msg/share/costom_msg/cmake/costom_msg__rosidl_typesupport_introspection_cppExport.cmake
[0.531s] -- Up-to-date: /home/darragh/formula_trinity/fsai/acceleration_test/install/costom_msg/share/costom_msg/cmake/costom_msg__rosidl_typesupport_introspection_cppExport-noconfig.cmake
[0.531s] -- Up-to-date: /home/darragh/formula_trinity/fsai/acceleration_test/install/costom_msg/share/costom_msg/cmake/costom_msg__rosidl_typesupport_cppExport.cmake
[0.531s] -- Up-to-date: /home/darragh/formula_trinity/fsai/acceleration_test/install/costom_msg/share/costom_msg/cmake/costom_msg__rosidl_typesupport_cppExport-noconfig.cmake
[0.531s] -- Up-to-date: /home/darragh/formula_trinity/fsai/acceleration_test/install/costom_msg/share/costom_msg/cmake/rosidl_cmake-extras.cmake
[0.531s] -- Up-to-date: /home/darragh/formula_trinity/fsai/acceleration_test/install/costom_msg/share/costom_msg/cmake/ament_cmake_export_dependencies-extras.cmake
[0.531s] -- Up-to-date: /home/darragh/formula_trinity/fsai/acceleration_test/install/costom_msg/share/costom_msg/cmake/ament_cmake_export_libraries-extras.cmake
[0.531s] -- Up-to-date: /home/darragh/formula_trinity/fsai/acceleration_test/install/costom_msg/share/costom_msg/cmake/ament_cmake_export_targets-extras.cmake
[0.532s] -- Up-to-date: /home/darragh/formula_trinity/fsai/acceleration_test/install/costom_msg/share/costom_msg/cmake/ament_cmake_export_include_directories-extras.cmake
[0.532s] -- Up-to-date: /home/darragh/formula_trinity/fsai/acceleration_test/install/costom_msg/share/costom_msg/cmake/rosidl_cmake_export_typesupport_libraries-extras.cmake
[0.532s] -- Up-to-date: /home/darragh/formula_trinity/fsai/acceleration_test/install/costom_msg/share/costom_msg/cmake/rosidl_cmake_export_typesupport_targets-extras.cmake
[0.532s] -- Up-to-date: /home/darragh/formula_trinity/fsai/acceleration_test/install/costom_msg/share/costom_msg/cmake/costom_msgConfig.cmake
[0.532s] -- Up-to-date: /home/darragh/formula_trinity/fsai/acceleration_test/install/costom_msg/share/costom_msg/cmake/costom_msgConfig-version.cmake
[0.532s] -- Up-to-date: /home/darragh/formula_trinity/fsai/acceleration_test/install/costom_msg/share/costom_msg/package.xml
[0.533s] Invoked command in '/home/darragh/formula_trinity/fsai/acceleration_test/build/costom_msg' returned '0': CMAKE_PREFIX_PATH=/opt/ros/galactic /usr/bin/cmake --install /home/darragh/formula_trinity/fsai/acceleration_test/build/costom_msg
