[1.157s] DEBUG:colcon:Command line arguments: ['/usr/bin/colcon', 'build']
[1.157s] DEBUG:colcon:Parsed command line arguments: Namespace(allow_overriding=[], ament_cmake_args=None, base_paths=['.'], build_base='build', catkin_cmake_args=None, catkin_skip_building_tests=False, cmake_args=None, cmake_clean_cache=False, cmake_clean_first=False, cmake_force_configure=False, cmake_target=None, cmake_target_skip_unavailable=False, continue_on_error=False, event_handlers=None, executor='parallel', ignore_user_meta=False, install_base='install', log_base=None, log_level=None, main=<bound method BuildVerb.main of <colcon_core.verb.build.BuildVerb object at 0x7f1327700c10>>, merge_install=False, metas=['./colcon.meta'], packages_above=None, packages_above_and_dependencies=None, packages_above_depth=None, packages_end=None, packages_ignore=None, packages_ignore_regex=None, packages_select=None, packages_select_build_failed=False, packages_select_by_dep=None, packages_select_regex=None, packages_select_test_failures=False, packages_skip=None, packages_skip_build_finished=False, packages_skip_by_dep=None, packages_skip_regex=None, packages_skip_test_passed=False, packages_skip_up_to=None, packages_start=None, packages_up_to=None, packages_up_to_regex=None, parallel_workers=6, paths=None, symlink_install=False, test_result_base=None, verb_extension=<colcon_core.verb.build.BuildVerb object at 0x7f1327700c10>, verb_name='build', verb_parser=<colcon_defaults.argument_parser.defaults.DefaultArgumentsDecorator object at 0x7f13276d8e50>)
[1.216s] Level 1:colcon.colcon_core.package_discovery:discover_packages(colcon_meta) check parameters
[1.216s] Level 1:colcon.colcon_core.package_discovery:discover_packages(recursive) check parameters
[1.216s] Level 1:colcon.colcon_core.package_discovery:discover_packages(ignore) check parameters
[1.216s] Level 1:colcon.colcon_core.package_discovery:discover_packages(path) check parameters
[1.216s] Level 1:colcon.colcon_core.package_discovery:discover_packages(colcon_meta) discover
[1.216s] Level 1:colcon.colcon_core.package_discovery:discover_packages(recursive) discover
[1.216s] INFO:colcon.colcon_core.package_discovery:Crawling recursively for packages in '/home/darragh/formula_trinity/fsai/acceleration_test'
[1.216s] Level 1:colcon.colcon_core.package_identification:_identify(.) by extensions ['ignore', 'ignore_ament_install']
[1.216s] Level 1:colcon.colcon_core.package_identification:_identify(.) by extension 'ignore'
[1.216s] Level 1:colcon.colcon_core.package_identification:_identify(.) by extension 'ignore_ament_install'
[1.216s] Level 1:colcon.colcon_core.package_identification:_identify(.) by extensions ['colcon_pkg']
[1.216s] Level 1:colcon.colcon_core.package_identification:_identify(.) by extension 'colcon_pkg'
[1.216s] Level 1:colcon.colcon_core.package_identification:_identify(.) by extensions ['colcon_meta']
[1.216s] Level 1:colcon.colcon_core.package_identification:_identify(.) by extension 'colcon_meta'
[1.216s] Level 1:colcon.colcon_core.package_identification:_identify(.) by extensions ['ros']
[1.216s] Level 1:colcon.colcon_core.package_identification:_identify(.) by extension 'ros'
[1.226s] Level 1:colcon.colcon_core.package_identification:_identify(.) by extensions ['cmake', 'python']
[1.226s] Level 1:colcon.colcon_core.package_identification:_identify(.) by extension 'cmake'
[1.226s] Level 1:colcon.colcon_core.package_identification:_identify(.) by extension 'python'
[1.226s] Level 1:colcon.colcon_core.package_identification:_identify(.) by extensions ['python_setup_py']
[1.226s] Level 1:colcon.colcon_core.package_identification:_identify(.) by extension 'python_setup_py'
[1.226s] Level 1:colcon.colcon_core.package_identification:_identify(build) by extensions ['ignore', 'ignore_ament_install']
[1.226s] Level 1:colcon.colcon_core.package_identification:_identify(build) by extension 'ignore'
[1.226s] Level 1:colcon.colcon_core.package_identification:_identify(build) ignored
[1.226s] Level 1:colcon.colcon_core.package_identification:_identify(install) by extensions ['ignore', 'ignore_ament_install']
[1.226s] Level 1:colcon.colcon_core.package_identification:_identify(install) by extension 'ignore'
[1.226s] Level 1:colcon.colcon_core.package_identification:_identify(install) ignored
[1.226s] Level 1:colcon.colcon_core.package_identification:_identify(log) by extensions ['ignore', 'ignore_ament_install']
[1.226s] Level 1:colcon.colcon_core.package_identification:_identify(log) by extension 'ignore'
[1.226s] Level 1:colcon.colcon_core.package_identification:_identify(log) ignored
[1.227s] Level 1:colcon.colcon_core.package_identification:_identify(src) by extensions ['ignore', 'ignore_ament_install']
[1.227s] Level 1:colcon.colcon_core.package_identification:_identify(src) by extension 'ignore'
[1.227s] Level 1:colcon.colcon_core.package_identification:_identify(src) by extension 'ignore_ament_install'
[1.227s] Level 1:colcon.colcon_core.package_identification:_identify(src) by extensions ['colcon_pkg']
[1.227s] Level 1:colcon.colcon_core.package_identification:_identify(src) by extension 'colcon_pkg'
[1.227s] Level 1:colcon.colcon_core.package_identification:_identify(src) by extensions ['colcon_meta']
[1.227s] Level 1:colcon.colcon_core.package_identification:_identify(src) by extension 'colcon_meta'
[1.227s] Level 1:colcon.colcon_core.package_identification:_identify(src) by extensions ['ros']
[1.227s] Level 1:colcon.colcon_core.package_identification:_identify(src) by extension 'ros'
[1.227s] Level 1:colcon.colcon_core.package_identification:_identify(src) by extensions ['cmake', 'python']
[1.227s] Level 1:colcon.colcon_core.package_identification:_identify(src) by extension 'cmake'
[1.227s] Level 1:colcon.colcon_core.package_identification:_identify(src) by extension 'python'
[1.227s] Level 1:colcon.colcon_core.package_identification:_identify(src) by extensions ['python_setup_py']
[1.227s] Level 1:colcon.colcon_core.package_identification:_identify(src) by extension 'python_setup_py'
[1.227s] Level 1:colcon.colcon_core.package_identification:_identify(src/acceleration) by extensions ['ignore', 'ignore_ament_install']
[1.227s] Level 1:colcon.colcon_core.package_identification:_identify(src/acceleration) by extension 'ignore'
[1.227s] Level 1:colcon.colcon_core.package_identification:_identify(src/acceleration) by extension 'ignore_ament_install'
[1.227s] Level 1:colcon.colcon_core.package_identification:_identify(src/acceleration) by extensions ['colcon_pkg']
[1.227s] Level 1:colcon.colcon_core.package_identification:_identify(src/acceleration) by extension 'colcon_pkg'
[1.227s] Level 1:colcon.colcon_core.package_identification:_identify(src/acceleration) by extensions ['colcon_meta']
[1.227s] Level 1:colcon.colcon_core.package_identification:_identify(src/acceleration) by extension 'colcon_meta'
[1.227s] Level 1:colcon.colcon_core.package_identification:_identify(src/acceleration) by extensions ['ros']
[1.227s] Level 1:colcon.colcon_core.package_identification:_identify(src/acceleration) by extension 'ros'
[1.229s] DEBUG:colcon.colcon_core.package_identification:Package 'src/acceleration' with type 'ros.ament_python' and name 'acceleration'
[1.230s] Level 1:colcon.colcon_core.package_identification:_identify(src/costom_msg) by extensions ['ignore', 'ignore_ament_install']
[1.230s] Level 1:colcon.colcon_core.package_identification:_identify(src/costom_msg) by extension 'ignore'
[1.230s] Level 1:colcon.colcon_core.package_identification:_identify(src/costom_msg) by extension 'ignore_ament_install'
[1.230s] Level 1:colcon.colcon_core.package_identification:_identify(src/costom_msg) by extensions ['colcon_pkg']
[1.230s] Level 1:colcon.colcon_core.package_identification:_identify(src/costom_msg) by extension 'colcon_pkg'
[1.230s] Level 1:colcon.colcon_core.package_identification:_identify(src/costom_msg) by extensions ['colcon_meta']
[1.230s] Level 1:colcon.colcon_core.package_identification:_identify(src/costom_msg) by extension 'colcon_meta'
[1.230s] Level 1:colcon.colcon_core.package_identification:_identify(src/costom_msg) by extensions ['ros']
[1.230s] Level 1:colcon.colcon_core.package_identification:_identify(src/costom_msg) by extension 'ros'
[1.230s] DEBUG:colcon.colcon_core.package_identification:Package 'src/costom_msg' with type 'ros.ament_cmake' and name 'costom_msg'
[1.230s] Level 1:colcon.colcon_core.package_discovery:discover_packages(recursive) using defaults
[1.230s] Level 1:colcon.colcon_core.package_discovery:discover_packages(ignore) discover
[1.230s] Level 1:colcon.colcon_core.package_discovery:discover_packages(ignore) using defaults
[1.230s] Level 1:colcon.colcon_core.package_discovery:discover_packages(path) discover
[1.230s] Level 1:colcon.colcon_core.package_discovery:discover_packages(path) using defaults
[1.335s] Level 1:colcon.colcon_core.package_discovery:discover_packages(prefix_path) check parameters
[1.335s] Level 1:colcon.colcon_core.package_discovery:discover_packages(prefix_path) discover
[1.374s] DEBUG:colcon.colcon_installed_package_information.package_discovery:Found 1 installed packages in /home/darragh/formula_trinity/fsai/install
[1.374s] Level 1:colcon.colcon_core.package_discovery:discover_packages(prefix_path) using defaults
[1.412s] Level 5:colcon.colcon_core.verb:set package 'costom_msg' build argument 'cmake_args' from command line to 'None'
[1.412s] Level 5:colcon.colcon_core.verb:set package 'costom_msg' build argument 'cmake_target' from command line to 'None'
[1.412s] Level 5:colcon.colcon_core.verb:set package 'costom_msg' build argument 'cmake_target_skip_unavailable' from command line to 'False'
[1.412s] Level 5:colcon.colcon_core.verb:set package 'costom_msg' build argument 'cmake_clean_cache' from command line to 'False'
[1.412s] Level 5:colcon.colcon_core.verb:set package 'costom_msg' build argument 'cmake_clean_first' from command line to 'False'
[1.412s] Level 5:colcon.colcon_core.verb:set package 'costom_msg' build argument 'cmake_force_configure' from command line to 'False'
[1.412s] Level 5:colcon.colcon_core.verb:set package 'costom_msg' build argument 'ament_cmake_args' from command line to 'None'
[1.412s] Level 5:colcon.colcon_core.verb:set package 'costom_msg' build argument 'catkin_cmake_args' from command line to 'None'
[1.412s] Level 5:colcon.colcon_core.verb:set package 'costom_msg' build argument 'catkin_skip_building_tests' from command line to 'False'
[1.412s] DEBUG:colcon.colcon_core.verb:Building package 'costom_msg' with the following arguments: {'ament_cmake_args': None, 'build_base': '/home/darragh/formula_trinity/fsai/acceleration_test/build/costom_msg', 'catkin_cmake_args': None, 'catkin_skip_building_tests': False, 'cmake_args': None, 'cmake_clean_cache': False, 'cmake_clean_first': False, 'cmake_force_configure': False, 'cmake_target': None, 'cmake_target_skip_unavailable': False, 'install_base': '/home/darragh/formula_trinity/fsai/acceleration_test/install/costom_msg', 'merge_install': False, 'path': '/home/darragh/formula_trinity/fsai/acceleration_test/src/costom_msg', 'symlink_install': False, 'test_result_base': None}
[1.441s] Level 5:colcon.colcon_core.verb:set package 'acceleration' build argument 'cmake_args' from command line to 'None'
[1.441s] Level 5:colcon.colcon_core.verb:set package 'acceleration' build argument 'cmake_target' from command line to 'None'
[1.442s] Level 5:colcon.colcon_core.verb:set package 'acceleration' build argument 'cmake_target_skip_unavailable' from command line to 'False'
[1.442s] Level 5:colcon.colcon_core.verb:set package 'acceleration' build argument 'cmake_clean_cache' from command line to 'False'
[1.442s] Level 5:colcon.colcon_core.verb:set package 'acceleration' build argument 'cmake_clean_first' from command line to 'False'
[1.442s] Level 5:colcon.colcon_core.verb:set package 'acceleration' build argument 'cmake_force_configure' from command line to 'False'
[1.442s] Level 5:colcon.colcon_core.verb:set package 'acceleration' build argument 'ament_cmake_args' from command line to 'None'
[1.442s] Level 5:colcon.colcon_core.verb:set package 'acceleration' build argument 'catkin_cmake_args' from command line to 'None'
[1.442s] Level 5:colcon.colcon_core.verb:set package 'acceleration' build argument 'catkin_skip_building_tests' from command line to 'False'
[1.442s] DEBUG:colcon.colcon_core.verb:Building package 'acceleration' with the following arguments: {'ament_cmake_args': None, 'build_base': '/home/darragh/formula_trinity/fsai/acceleration_test/build/acceleration', 'catkin_cmake_args': None, 'catkin_skip_building_tests': False, 'cmake_args': None, 'cmake_clean_cache': False, 'cmake_clean_first': False, 'cmake_force_configure': False, 'cmake_target': None, 'cmake_target_skip_unavailable': False, 'install_base': '/home/darragh/formula_trinity/fsai/acceleration_test/install/acceleration', 'merge_install': False, 'path': '/home/darragh/formula_trinity/fsai/acceleration_test/src/acceleration', 'symlink_install': False, 'test_result_base': None}
[1.460s] INFO:colcon.colcon_core.executor:Executing jobs using 'parallel' executor
[1.478s] DEBUG:colcon.colcon_parallel_executor.executor.parallel:run_until_complete
[1.479s] INFO:colcon.colcon_ros.task.ament_cmake.build:Building ROS package in '/home/darragh/formula_trinity/fsai/acceleration_test/src/costom_msg' with build type 'ament_cmake'
[1.479s] INFO:colcon.colcon_cmake.task.cmake.build:Building CMake package in '/home/darragh/formula_trinity/fsai/acceleration_test/src/costom_msg'
[1.501s] INFO:colcon.colcon_core.plugin_system:Skipping extension 'colcon_core.shell.bat': Not used on non-Windows systems
[1.501s] INFO:colcon.colcon_core.shell:Skip shell extension 'powershell' for command environment: Not usable outside of PowerShell
[1.501s] DEBUG:colcon.colcon_core.shell:Skip shell extension 'dsv' for command environment
[1.549s] DEBUG:colcon.colcon_core.event_handler.log_command:Invoking command in '/home/darragh/formula_trinity/fsai/acceleration_test/build/costom_msg': /usr/bin/cmake --build /home/darragh/formula_trinity/fsai/acceleration_test/build/costom_msg -- -j6 -l6
[1.866s] DEBUG:colcon.colcon_core.event_handler.log_command:Invoked command in '/home/darragh/formula_trinity/fsai/acceleration_test/build/costom_msg' returned '0': /usr/bin/cmake --build /home/darragh/formula_trinity/fsai/acceleration_test/build/costom_msg -- -j6 -l6
[1.944s] DEBUG:colcon.colcon_core.event_handler.log_command:Invoking command in '/home/darragh/formula_trinity/fsai/acceleration_test/build/costom_msg': /usr/bin/cmake --install /home/darragh/formula_trinity/fsai/acceleration_test/build/costom_msg
[1.994s] Level 1:colcon.colcon_core.environment:create_environment_scripts_only(costom_msg)
[1.995s] DEBUG:colcon.colcon_core.event_handler.log_command:Invoked command in '/home/darragh/formula_trinity/fsai/acceleration_test/build/costom_msg' returned '0': /usr/bin/cmake --install /home/darragh/formula_trinity/fsai/acceleration_test/build/costom_msg
[2.021s] Level 1:colcon.colcon_core.environment:checking '/home/darragh/formula_trinity/fsai/acceleration_test/install/costom_msg' for CMake module files
[2.021s] Level 1:colcon.colcon_core.environment:checking '/home/darragh/formula_trinity/fsai/acceleration_test/install/costom_msg' for CMake config files
[2.022s] Level 1:colcon.colcon_core.shell:create_environment_hook('costom_msg', 'cmake_prefix_path')
[2.042s] INFO:colcon.colcon_core.shell:Creating environment hook '/home/darragh/formula_trinity/fsai/acceleration_test/install/costom_msg/share/costom_msg/hook/cmake_prefix_path.ps1'
[2.043s] INFO:colcon.colcon_core.shell:Creating environment descriptor '/home/darragh/formula_trinity/fsai/acceleration_test/install/costom_msg/share/costom_msg/hook/cmake_prefix_path.dsv'
[2.043s] INFO:colcon.colcon_core.shell:Creating environment hook '/home/darragh/formula_trinity/fsai/acceleration_test/install/costom_msg/share/costom_msg/hook/cmake_prefix_path.sh'
[2.044s] Level 1:colcon.colcon_core.environment:checking '/home/darragh/formula_trinity/fsai/acceleration_test/install/costom_msg/lib'
[2.045s] Level 1:colcon.colcon_core.shell:create_environment_hook('costom_msg', 'ld_library_path_lib')
[2.065s] INFO:colcon.colcon_core.shell:Creating environment hook '/home/darragh/formula_trinity/fsai/acceleration_test/install/costom_msg/share/costom_msg/hook/ld_library_path_lib.ps1'
[2.065s] INFO:colcon.colcon_core.shell:Creating environment descriptor '/home/darragh/formula_trinity/fsai/acceleration_test/install/costom_msg/share/costom_msg/hook/ld_library_path_lib.dsv'
[2.066s] INFO:colcon.colcon_core.shell:Creating environment hook '/home/darragh/formula_trinity/fsai/acceleration_test/install/costom_msg/share/costom_msg/hook/ld_library_path_lib.sh'
[2.066s] Level 1:colcon.colcon_core.environment:checking '/home/darragh/formula_trinity/fsai/acceleration_test/install/costom_msg/bin'
[2.066s] Level 1:colcon.colcon_core.environment:checking '/home/darragh/formula_trinity/fsai/acceleration_test/install/costom_msg/lib/pkgconfig/costom_msg.pc'
[2.067s] Level 1:colcon.colcon_core.environment:checking '/home/darragh/formula_trinity/fsai/acceleration_test/install/costom_msg/lib/python3.8/site-packages'
[2.067s] Level 1:colcon.colcon_core.shell:create_environment_hook('costom_msg', 'pythonpath')
[2.087s] INFO:colcon.colcon_core.shell:Creating environment hook '/home/darragh/formula_trinity/fsai/acceleration_test/install/costom_msg/share/costom_msg/hook/pythonpath.ps1'
[2.088s] INFO:colcon.colcon_core.shell:Creating environment descriptor '/home/darragh/formula_trinity/fsai/acceleration_test/install/costom_msg/share/costom_msg/hook/pythonpath.dsv'
[2.088s] INFO:colcon.colcon_core.shell:Creating environment hook '/home/darragh/formula_trinity/fsai/acceleration_test/install/costom_msg/share/costom_msg/hook/pythonpath.sh'
[2.089s] Level 1:colcon.colcon_core.environment:checking '/home/darragh/formula_trinity/fsai/acceleration_test/install/costom_msg/bin'
[2.109s] INFO:colcon.colcon_core.shell:Creating package script '/home/darragh/formula_trinity/fsai/acceleration_test/install/costom_msg/share/costom_msg/package.ps1'
[2.110s] INFO:colcon.colcon_core.shell:Creating package descriptor '/home/darragh/formula_trinity/fsai/acceleration_test/install/costom_msg/share/costom_msg/package.dsv'
[2.111s] INFO:colcon.colcon_core.shell:Creating package script '/home/darragh/formula_trinity/fsai/acceleration_test/install/costom_msg/share/costom_msg/package.sh'
[2.112s] INFO:colcon.colcon_core.shell:Creating package script '/home/darragh/formula_trinity/fsai/acceleration_test/install/costom_msg/share/costom_msg/package.bash'
[2.114s] INFO:colcon.colcon_core.shell:Creating package script '/home/darragh/formula_trinity/fsai/acceleration_test/install/costom_msg/share/costom_msg/package.zsh'
[2.116s] Level 1:colcon.colcon_core.environment:create_file_with_runtime_dependencies(/home/darragh/formula_trinity/fsai/acceleration_test/install/costom_msg/share/colcon-core/packages/costom_msg)
[2.196s] Level 1:colcon.colcon_core.environment:create_environment_scripts_only(costom_msg)
[2.215s] Level 1:colcon.colcon_core.environment:checking '/home/darragh/formula_trinity/fsai/acceleration_test/install/costom_msg' for CMake module files
[2.215s] Level 1:colcon.colcon_core.environment:checking '/home/darragh/formula_trinity/fsai/acceleration_test/install/costom_msg' for CMake config files
[2.215s] Level 1:colcon.colcon_core.shell:create_environment_hook('costom_msg', 'cmake_prefix_path')
[2.233s] INFO:colcon.colcon_core.shell:Creating environment hook '/home/darragh/formula_trinity/fsai/acceleration_test/install/costom_msg/share/costom_msg/hook/cmake_prefix_path.ps1'
[2.234s] INFO:colcon.colcon_core.shell:Creating environment descriptor '/home/darragh/formula_trinity/fsai/acceleration_test/install/costom_msg/share/costom_msg/hook/cmake_prefix_path.dsv'
[2.234s] INFO:colcon.colcon_core.shell:Creating environment hook '/home/darragh/formula_trinity/fsai/acceleration_test/install/costom_msg/share/costom_msg/hook/cmake_prefix_path.sh'
[2.235s] Level 1:colcon.colcon_core.environment:checking '/home/darragh/formula_trinity/fsai/acceleration_test/install/costom_msg/lib'
[2.235s] Level 1:colcon.colcon_core.shell:create_environment_hook('costom_msg', 'ld_library_path_lib')
[2.253s] INFO:colcon.colcon_core.shell:Creating environment hook '/home/darragh/formula_trinity/fsai/acceleration_test/install/costom_msg/share/costom_msg/hook/ld_library_path_lib.ps1'
[2.254s] INFO:colcon.colcon_core.shell:Creating environment descriptor '/home/darragh/formula_trinity/fsai/acceleration_test/install/costom_msg/share/costom_msg/hook/ld_library_path_lib.dsv'
[2.254s] INFO:colcon.colcon_core.shell:Creating environment hook '/home/darragh/formula_trinity/fsai/acceleration_test/install/costom_msg/share/costom_msg/hook/ld_library_path_lib.sh'
[2.254s] Level 1:colcon.colcon_core.environment:checking '/home/darragh/formula_trinity/fsai/acceleration_test/install/costom_msg/bin'
[2.254s] Level 1:colcon.colcon_core.environment:checking '/home/darragh/formula_trinity/fsai/acceleration_test/install/costom_msg/lib/pkgconfig/costom_msg.pc'
[2.254s] Level 1:colcon.colcon_core.environment:checking '/home/darragh/formula_trinity/fsai/acceleration_test/install/costom_msg/lib/python3.8/site-packages'
[2.255s] Level 1:colcon.colcon_core.shell:create_environment_hook('costom_msg', 'pythonpath')
[2.274s] INFO:colcon.colcon_core.shell:Creating environment hook '/home/darragh/formula_trinity/fsai/acceleration_test/install/costom_msg/share/costom_msg/hook/pythonpath.ps1'
[2.274s] INFO:colcon.colcon_core.shell:Creating environment descriptor '/home/darragh/formula_trinity/fsai/acceleration_test/install/costom_msg/share/costom_msg/hook/pythonpath.dsv'
[2.275s] INFO:colcon.colcon_core.shell:Creating environment hook '/home/darragh/formula_trinity/fsai/acceleration_test/install/costom_msg/share/costom_msg/hook/pythonpath.sh'
[2.275s] Level 1:colcon.colcon_core.environment:checking '/home/darragh/formula_trinity/fsai/acceleration_test/install/costom_msg/bin'
[2.294s] INFO:colcon.colcon_core.shell:Creating package script '/home/darragh/formula_trinity/fsai/acceleration_test/install/costom_msg/share/costom_msg/package.ps1'
[2.295s] INFO:colcon.colcon_core.shell:Creating package descriptor '/home/darragh/formula_trinity/fsai/acceleration_test/install/costom_msg/share/costom_msg/package.dsv'
[2.295s] INFO:colcon.colcon_core.shell:Creating package script '/home/darragh/formula_trinity/fsai/acceleration_test/install/costom_msg/share/costom_msg/package.sh'
[2.296s] INFO:colcon.colcon_core.shell:Creating package script '/home/darragh/formula_trinity/fsai/acceleration_test/install/costom_msg/share/costom_msg/package.bash'
[2.296s] INFO:colcon.colcon_core.shell:Creating package script '/home/darragh/formula_trinity/fsai/acceleration_test/install/costom_msg/share/costom_msg/package.zsh'
[2.296s] Level 1:colcon.colcon_core.environment:create_file_with_runtime_dependencies(/home/darragh/formula_trinity/fsai/acceleration_test/install/costom_msg/share/colcon-core/packages/costom_msg)
[2.297s] INFO:colcon.colcon_ros.task.ament_python.build:Building ROS package in '/home/darragh/formula_trinity/fsai/acceleration_test/src/acceleration' with build type 'ament_python'
[2.297s] Level 1:colcon.colcon_core.shell:create_environment_hook('acceleration', 'ament_prefix_path')
[2.316s] INFO:colcon.colcon_core.shell:Creating environment hook '/home/darragh/formula_trinity/fsai/acceleration_test/install/acceleration/share/acceleration/hook/ament_prefix_path.ps1'
[2.316s] INFO:colcon.colcon_core.shell:Creating environment descriptor '/home/darragh/formula_trinity/fsai/acceleration_test/install/acceleration/share/acceleration/hook/ament_prefix_path.dsv'
[2.317s] INFO:colcon.colcon_core.shell:Creating environment hook '/home/darragh/formula_trinity/fsai/acceleration_test/install/acceleration/share/acceleration/hook/ament_prefix_path.sh'
[2.335s] INFO:colcon.colcon_core.shell:Skip shell extension 'powershell' for command environment: Not usable outside of PowerShell
[2.335s] DEBUG:colcon.colcon_core.shell:Skip shell extension 'dsv' for command environment
[2.548s] INFO:colcon.colcon_core.task.python.build:Building Python package in '/home/darragh/formula_trinity/fsai/acceleration_test/src/acceleration'
[2.570s] INFO:colcon.colcon_core.shell:Skip shell extension 'powershell' for command environment: Not usable outside of PowerShell
[2.570s] DEBUG:colcon.colcon_core.shell:Skip shell extension 'dsv' for command environment
[3.005s] DEBUG:colcon.colcon_core.event_handler.log_command:Invoking command in '/home/darragh/formula_trinity/fsai/acceleration_test/src/acceleration': AMENT_PREFIX_PATH=/home/darragh/formula_trinity/fsai/acceleration_test/install/costom_msg CMAKE_PREFIX_PATH=/home/darragh/formula_trinity/fsai/acceleration_test/install/costom_msg LD_LIBRARY_PATH=/home/darragh/formula_trinity/fsai/acceleration_test/install/costom_msg/lib PYTHONPATH=/home/darragh/formula_trinity/fsai/acceleration_test/build/acceleration/prefix_override:/home/darragh/formula_trinity/fsai/acceleration_test/install/acceleration/lib/python3.8/site-packages:/home/darragh/formula_trinity/fsai/acceleration_test/install/costom_msg/lib/python3.8/site-packages /usr/bin/python3 setup.py egg_info --egg-base ../../build/acceleration build --build-base /home/darragh/formula_trinity/fsai/acceleration_test/build/acceleration/build install --record /home/darragh/formula_trinity/fsai/acceleration_test/build/acceleration/install.log --single-version-externally-managed
[3.228s] DEBUG:colcon.colcon_core.event_handler.log_command:Invoked command in '/home/darragh/formula_trinity/fsai/acceleration_test/src/acceleration' returned '0': AMENT_PREFIX_PATH=/home/darragh/formula_trinity/fsai/acceleration_test/install/costom_msg CMAKE_PREFIX_PATH=/home/darragh/formula_trinity/fsai/acceleration_test/install/costom_msg LD_LIBRARY_PATH=/home/darragh/formula_trinity/fsai/acceleration_test/install/costom_msg/lib PYTHONPATH=/home/darragh/formula_trinity/fsai/acceleration_test/build/acceleration/prefix_override:/home/darragh/formula_trinity/fsai/acceleration_test/install/acceleration/lib/python3.8/site-packages:/home/darragh/formula_trinity/fsai/acceleration_test/install/costom_msg/lib/python3.8/site-packages /usr/bin/python3 setup.py egg_info --egg-base ../../build/acceleration build --build-base /home/darragh/formula_trinity/fsai/acceleration_test/build/acceleration/build install --record /home/darragh/formula_trinity/fsai/acceleration_test/build/acceleration/install.log --single-version-externally-managed
[3.252s] Level 1:colcon.colcon_core.environment:checking '/home/darragh/formula_trinity/fsai/acceleration_test/install/acceleration' for CMake module files
[3.253s] Level 1:colcon.colcon_core.environment:checking '/home/darragh/formula_trinity/fsai/acceleration_test/install/acceleration' for CMake config files
[3.253s] Level 1:colcon.colcon_core.environment:checking '/home/darragh/formula_trinity/fsai/acceleration_test/install/acceleration/lib'
[3.253s] Level 1:colcon.colcon_core.environment:checking '/home/darragh/formula_trinity/fsai/acceleration_test/install/acceleration/bin'
[3.253s] Level 1:colcon.colcon_core.environment:checking '/home/darragh/formula_trinity/fsai/acceleration_test/install/acceleration/lib/pkgconfig/acceleration.pc'
[3.253s] Level 1:colcon.colcon_core.environment:checking '/home/darragh/formula_trinity/fsai/acceleration_test/install/acceleration/lib/python3.8/site-packages'
[3.253s] Level 1:colcon.colcon_core.shell:create_environment_hook('acceleration', 'pythonpath')
[3.274s] INFO:colcon.colcon_core.shell:Creating environment hook '/home/darragh/formula_trinity/fsai/acceleration_test/install/acceleration/share/acceleration/hook/pythonpath.ps1'
[3.274s] INFO:colcon.colcon_core.shell:Creating environment descriptor '/home/darragh/formula_trinity/fsai/acceleration_test/install/acceleration/share/acceleration/hook/pythonpath.dsv'
[3.274s] INFO:colcon.colcon_core.shell:Creating environment hook '/home/darragh/formula_trinity/fsai/acceleration_test/install/acceleration/share/acceleration/hook/pythonpath.sh'
[3.275s] Level 1:colcon.colcon_core.environment:checking '/home/darragh/formula_trinity/fsai/acceleration_test/install/acceleration/bin'
[3.275s] Level 1:colcon.colcon_core.environment:create_environment_scripts_only(acceleration)
[3.295s] INFO:colcon.colcon_core.shell:Creating package script '/home/darragh/formula_trinity/fsai/acceleration_test/install/acceleration/share/acceleration/package.ps1'
[3.296s] INFO:colcon.colcon_core.shell:Creating package descriptor '/home/darragh/formula_trinity/fsai/acceleration_test/install/acceleration/share/acceleration/package.dsv'
[3.296s] INFO:colcon.colcon_core.shell:Creating package script '/home/darragh/formula_trinity/fsai/acceleration_test/install/acceleration/share/acceleration/package.sh'
[3.296s] INFO:colcon.colcon_core.shell:Creating package script '/home/darragh/formula_trinity/fsai/acceleration_test/install/acceleration/share/acceleration/package.bash'
[3.297s] INFO:colcon.colcon_core.shell:Creating package script '/home/darragh/formula_trinity/fsai/acceleration_test/install/acceleration/share/acceleration/package.zsh'
[3.297s] Level 1:colcon.colcon_core.environment:create_file_with_runtime_dependencies(/home/darragh/formula_trinity/fsai/acceleration_test/install/acceleration/share/colcon-core/packages/acceleration)
[3.297s] DEBUG:colcon.colcon_parallel_executor.executor.parallel:closing loop
[3.298s] DEBUG:colcon.colcon_parallel_executor.executor.parallel:loop closed
[3.298s] DEBUG:colcon.colcon_parallel_executor.executor.parallel:run_until_complete finished with '0'
[3.298s] DEBUG:colcon.colcon_core.event_reactor:joining thread
[3.329s] INFO:colcon.colcon_core.plugin_system:Skipping extension 'colcon_notification.desktop_notification.terminal_notifier': Not used on non-Darwin systems
[3.329s] INFO:colcon.colcon_core.plugin_system:Skipping extension 'colcon_notification.desktop_notification.win32': Not used on non-Windows systems
[3.329s] INFO:colcon.colcon_notification.desktop_notification:Sending desktop notification using 'notify2'
[3.357s] DEBUG:colcon.colcon_core.event_reactor:joined thread
[3.384s] INFO:colcon.colcon_core.shell:Creating prefix script '/home/darragh/formula_trinity/fsai/acceleration_test/install/local_setup.ps1'
[3.385s] INFO:colcon.colcon_core.shell:Creating prefix util module '/home/darragh/formula_trinity/fsai/acceleration_test/install/_local_setup_util_ps1.py'
[3.387s] INFO:colcon.colcon_core.shell:Creating prefix chain script '/home/darragh/formula_trinity/fsai/acceleration_test/install/setup.ps1'
[3.409s] INFO:colcon.colcon_core.shell:Creating prefix script '/home/darragh/formula_trinity/fsai/acceleration_test/install/local_setup.sh'
[3.410s] INFO:colcon.colcon_core.shell:Creating prefix util module '/home/darragh/formula_trinity/fsai/acceleration_test/install/_local_setup_util_sh.py'
[3.411s] INFO:colcon.colcon_core.shell:Creating prefix chain script '/home/darragh/formula_trinity/fsai/acceleration_test/install/setup.sh'
[3.435s] INFO:colcon.colcon_core.shell:Creating prefix script '/home/darragh/formula_trinity/fsai/acceleration_test/install/local_setup.bash'
[3.436s] INFO:colcon.colcon_core.shell:Creating prefix chain script '/home/darragh/formula_trinity/fsai/acceleration_test/install/setup.bash'
[3.455s] INFO:colcon.colcon_core.shell:Creating prefix script '/home/darragh/formula_trinity/fsai/acceleration_test/install/local_setup.zsh'
[3.456s] INFO:colcon.colcon_core.shell:Creating prefix chain script '/home/darragh/formula_trinity/fsai/acceleration_test/install/setup.zsh'
