[0.064s] Invoking command in '/home/darragh/formula_trinity/fsai/acceleration_test/build/costom_msg': /usr/bin/cmake --build /home/darragh/formula_trinity/fsai/acceleration_test/build/costom_msg -- -j6 -l6
[0.114s] [  9%] Built target costom_msg__rosidl_generator_c
[0.118s] [ 12%] Built target costom_msg__cpp
[0.136s] [ 22%] Built target costom_msg__rosidl_typesupport_c
[0.138s] [ 32%] Built target costom_msg__rosidl_typesupport_introspection_c
[0.141s] [ 41%] Built target costom_msg__rosidl_typesupport_cpp
[0.143s] [ 51%] Built target costom_msg__rosidl_typesupport_fastrtps_cpp
[0.144s] [ 61%] Built target costom_msg__rosidl_typesupport_introspection_cpp
[0.167s] [ 70%] Built target costom_msg__rosidl_typesupport_fastrtps_c
[0.197s] [ 70%] Built target costom_msg
[0.226s] [ 74%] Built target costom_msg__py
[0.262s] [ 80%] Built target costom_msg__python
[0.291s] [ 87%] Built target costom_msg__rosidl_typesupport_fastrtps_c__pyext
[0.295s] [ 93%] Built target costom_msg__rosidl_typesupport_c__pyext
[0.300s] [100%] Built target costom_msg__rosidl_typesupport_introspection_c__pyext
[0.315s] Invoked command in '/home/darragh/formula_trinity/fsai/acceleration_test/build/costom_msg' returned '0': /usr/bin/cmake --build /home/darragh/formula_trinity/fsai/acceleration_test/build/costom_msg -- -j6 -l6
[0.374s] Invoking command in '/home/darragh/formula_trinity/fsai/acceleration_test/build/costom_msg': /usr/bin/cmake --install /home/darragh/formula_trinity/fsai/acceleration_test/build/costom_msg
[0.381s] -- Install configuration: ""
[0.381s] -- Up-to-date: /home/darragh/formula_trinity/fsai/acceleration_test/install/costom_msg/share/ament_index/resource_index/rosidl_interfaces/costom_msg
[0.382s] -- Up-to-date: /home/darragh/formula_trinity/fsai/acceleration_test/install/costom_msg/include/costom_msg
[0.382s] -- Up-to-date: /home/darragh/formula_trinity/fsai/acceleration_test/install/costom_msg/include/costom_msg/msg
[0.382s] -- Up-to-date: /home/darragh/formula_trinity/fsai/acceleration_test/install/costom_msg/include/costom_msg/msg/wheel_speeds_stamped.h
[0.383s] -- Up-to-date: /home/darragh/formula_trinity/fsai/acceleration_test/install/costom_msg/include/costom_msg/msg/detail
[0.383s] -- Up-to-date: /home/darragh/formula_trinity/fsai/acceleration_test/install/costom_msg/include/costom_msg/msg/detail/wheel_speeds_stamped__functions.c
[0.383s] -- Up-to-date: /home/darragh/formula_trinity/fsai/acceleration_test/install/costom_msg/include/costom_msg/msg/detail/wheel_speeds_stamped__type_support.h
[0.383s] -- Up-to-date: /home/darragh/formula_trinity/fsai/acceleration_test/install/costom_msg/include/costom_msg/msg/detail/wheel_speeds_stamped__struct.h
[0.383s] -- Up-to-date: /home/darragh/formula_trinity/fsai/acceleration_test/install/costom_msg/include/costom_msg/msg/detail/wheel_speeds_stamped__functions.h
[0.383s] -- Up-to-date: /home/darragh/formula_trinity/fsai/acceleration_test/install/costom_msg/include/costom_msg/msg/rosidl_generator_c__visibility_control.h
[0.383s] -- Up-to-date: /home/darragh/formula_trinity/fsai/acceleration_test/install/costom_msg/share/costom_msg/environment/library_path.sh
[0.384s] -- Up-to-date: /home/darragh/formula_trinity/fsai/acceleration_test/install/costom_msg/share/costom_msg/environment/library_path.dsv
[0.384s] -- Up-to-date: /home/darragh/formula_trinity/fsai/acceleration_test/install/costom_msg/lib/libcostom_msg__rosidl_generator_c.so
[0.384s] -- Up-to-date: /home/darragh/formula_trinity/fsai/acceleration_test/install/costom_msg/include/costom_msg
[0.384s] -- Up-to-date: /home/darragh/formula_trinity/fsai/acceleration_test/install/costom_msg/include/costom_msg/msg
[0.384s] -- Up-to-date: /home/darragh/formula_trinity/fsai/acceleration_test/install/costom_msg/include/costom_msg/msg/detail
[0.384s] -- Up-to-date: /home/darragh/formula_trinity/fsai/acceleration_test/install/costom_msg/include/costom_msg/msg/detail/wheel_speeds_stamped__rosidl_typesupport_fastrtps_c.h
[0.384s] -- Up-to-date: /home/darragh/formula_trinity/fsai/acceleration_test/install/costom_msg/include/costom_msg/msg/rosidl_typesupport_fastrtps_c__visibility_control.h
[0.385s] -- Up-to-date: /home/darragh/formula_trinity/fsai/acceleration_test/install/costom_msg/lib/libcostom_msg__rosidl_typesupport_fastrtps_c.so
[0.385s] -- Up-to-date: /home/darragh/formula_trinity/fsai/acceleration_test/install/costom_msg/include/costom_msg
[0.385s] -- Up-to-date: /home/darragh/formula_trinity/fsai/acceleration_test/install/costom_msg/include/costom_msg/msg
[0.385s] -- Up-to-date: /home/darragh/formula_trinity/fsai/acceleration_test/install/costom_msg/include/costom_msg/msg/detail
[0.385s] -- Up-to-date: /home/darragh/formula_trinity/fsai/acceleration_test/install/costom_msg/include/costom_msg/msg/detail/dds_fastrtps
[0.385s] -- Up-to-date: /home/darragh/formula_trinity/fsai/acceleration_test/install/costom_msg/include/costom_msg/msg/detail/wheel_speeds_stamped__rosidl_typesupport_fastrtps_cpp.hpp
[0.385s] -- Up-to-date: /home/darragh/formula_trinity/fsai/acceleration_test/install/costom_msg/include/costom_msg/msg/rosidl_typesupport_fastrtps_cpp__visibility_control.h
[0.386s] -- Up-to-date: /home/darragh/formula_trinity/fsai/acceleration_test/install/costom_msg/lib/libcostom_msg__rosidl_typesupport_fastrtps_cpp.so
[0.386s] -- Up-to-date: /home/darragh/formula_trinity/fsai/acceleration_test/install/costom_msg/include/costom_msg
[0.386s] -- Up-to-date: /home/darragh/formula_trinity/fsai/acceleration_test/install/costom_msg/include/costom_msg/msg
[0.386s] -- Up-to-date: /home/darragh/formula_trinity/fsai/acceleration_test/install/costom_msg/include/costom_msg/msg/detail
[0.386s] -- Up-to-date: /home/darragh/formula_trinity/fsai/acceleration_test/install/costom_msg/include/costom_msg/msg/detail/wheel_speeds_stamped__rosidl_typesupport_introspection_c.h
[0.386s] -- Up-to-date: /home/darragh/formula_trinity/fsai/acceleration_test/install/costom_msg/include/costom_msg/msg/detail/wheel_speeds_stamped__type_support.c
[0.386s] -- Up-to-date: /home/darragh/formula_trinity/fsai/acceleration_test/install/costom_msg/include/costom_msg/msg/rosidl_typesupport_introspection_c__visibility_control.h
[0.386s] -- Up-to-date: /home/darragh/formula_trinity/fsai/acceleration_test/install/costom_msg/lib/libcostom_msg__rosidl_typesupport_introspection_c.so
[0.387s] -- Up-to-date: /home/darragh/formula_trinity/fsai/acceleration_test/install/costom_msg/lib/libcostom_msg__rosidl_typesupport_c.so
[0.387s] -- Up-to-date: /home/darragh/formula_trinity/fsai/acceleration_test/install/costom_msg/include/costom_msg
[0.387s] -- Up-to-date: /home/darragh/formula_trinity/fsai/acceleration_test/install/costom_msg/include/costom_msg/msg
[0.387s] -- Up-to-date: /home/darragh/formula_trinity/fsai/acceleration_test/install/costom_msg/include/costom_msg/msg/wheel_speeds_stamped.hpp
[0.387s] -- Up-to-date: /home/darragh/formula_trinity/fsai/acceleration_test/install/costom_msg/include/costom_msg/msg/detail
[0.387s] -- Up-to-date: /home/darragh/formula_trinity/fsai/acceleration_test/install/costom_msg/include/costom_msg/msg/detail/wheel_speeds_stamped__traits.hpp
[0.387s] -- Up-to-date: /home/darragh/formula_trinity/fsai/acceleration_test/install/costom_msg/include/costom_msg/msg/detail/wheel_speeds_stamped__builder.hpp
[0.387s] -- Up-to-date: /home/darragh/formula_trinity/fsai/acceleration_test/install/costom_msg/include/costom_msg/msg/detail/wheel_speeds_stamped__struct.hpp
[0.388s] -- Up-to-date: /home/darragh/formula_trinity/fsai/acceleration_test/install/costom_msg/include/costom_msg
[0.388s] -- Up-to-date: /home/darragh/formula_trinity/fsai/acceleration_test/install/costom_msg/include/costom_msg/msg
[0.388s] -- Up-to-date: /home/darragh/formula_trinity/fsai/acceleration_test/install/costom_msg/include/costom_msg/msg/detail
[0.388s] -- Up-to-date: /home/darragh/formula_trinity/fsai/acceleration_test/install/costom_msg/include/costom_msg/msg/detail/wheel_speeds_stamped__rosidl_typesupport_introspection_cpp.hpp
[0.388s] -- Up-to-date: /home/darragh/formula_trinity/fsai/acceleration_test/install/costom_msg/include/costom_msg/msg/detail/wheel_speeds_stamped__type_support.cpp
[0.388s] -- Up-to-date: /home/darragh/formula_trinity/fsai/acceleration_test/install/costom_msg/lib/libcostom_msg__rosidl_typesupport_introspection_cpp.so
[0.388s] -- Up-to-date: /home/darragh/formula_trinity/fsai/acceleration_test/install/costom_msg/lib/libcostom_msg__rosidl_typesupport_cpp.so
[0.388s] -- Up-to-date: /home/darragh/formula_trinity/fsai/acceleration_test/install/costom_msg/share/costom_msg/environment/pythonpath.sh
[0.388s] -- Up-to-date: /home/darragh/formula_trinity/fsai/acceleration_test/install/costom_msg/share/costom_msg/environment/pythonpath.dsv
[0.389s] -- Up-to-date: /home/darragh/formula_trinity/fsai/acceleration_test/install/costom_msg/lib/python3.8/site-packages/costom_msg/__init__.py
[0.418s] -- Up-to-date: /home/darragh/formula_trinity/fsai/acceleration_test/install/costom_msg/lib/python3.8/site-packages/costom_msg/msg
[0.418s] -- Up-to-date: /home/darragh/formula_trinity/fsai/acceleration_test/install/costom_msg/lib/python3.8/site-packages/costom_msg/msg/_wheel_speeds_stamped.py
[0.418s] -- Up-to-date: /home/darragh/formula_trinity/fsai/acceleration_test/install/costom_msg/lib/python3.8/site-packages/costom_msg/msg/_wheel_speeds_stamped_s.c
[0.418s] -- Up-to-date: /home/darragh/formula_trinity/fsai/acceleration_test/install/costom_msg/lib/python3.8/site-packages/costom_msg/msg/__init__.py
[0.418s] -- Up-to-date: /home/darragh/formula_trinity/fsai/acceleration_test/install/costom_msg/lib/python3.8/site-packages/costom_msg/costom_msg_s__rosidl_typesupport_fastrtps_c.cpython-38-x86_64-linux-gnu.so
[0.419s] -- Up-to-date: /home/darragh/formula_trinity/fsai/acceleration_test/install/costom_msg/lib/python3.8/site-packages/costom_msg/costom_msg_s__rosidl_typesupport_introspection_c.cpython-38-x86_64-linux-gnu.so
[0.420s] -- Up-to-date: /home/darragh/formula_trinity/fsai/acceleration_test/install/costom_msg/lib/python3.8/site-packages/costom_msg/costom_msg_s__rosidl_typesupport_c.cpython-38-x86_64-linux-gnu.so
[0.421s] -- Up-to-date: /home/darragh/formula_trinity/fsai/acceleration_test/install/costom_msg/lib/libcostom_msg__python.so
[0.422s] -- Up-to-date: /home/darragh/formula_trinity/fsai/acceleration_test/install/costom_msg/share/costom_msg/msg/WheelSpeedsStamped.idl
[0.422s] -- Up-to-date: /home/darragh/formula_trinity/fsai/acceleration_test/install/costom_msg/share/costom_msg/msg/WheelSpeedsStamped.msg
[0.422s] -- Up-to-date: /home/darragh/formula_trinity/fsai/acceleration_test/install/costom_msg/share/ament_index/resource_index/package_run_dependencies/costom_msg
[0.422s] -- Up-to-date: /home/darragh/formula_trinity/fsai/acceleration_test/install/costom_msg/share/ament_index/resource_index/parent_prefix_path/costom_msg
[0.423s] -- Up-to-date: /home/darragh/formula_trinity/fsai/acceleration_test/install/costom_msg/share/costom_msg/environment/ament_prefix_path.sh
[0.423s] -- Up-to-date: /home/darragh/formula_trinity/fsai/acceleration_test/install/costom_msg/share/costom_msg/environment/ament_prefix_path.dsv
[0.423s] -- Up-to-date: /home/darragh/formula_trinity/fsai/acceleration_test/install/costom_msg/share/costom_msg/environment/path.sh
[0.423s] -- Up-to-date: /home/darragh/formula_trinity/fsai/acceleration_test/install/costom_msg/share/costom_msg/environment/path.dsv
[0.423s] -- Up-to-date: /home/darragh/formula_trinity/fsai/acceleration_test/install/costom_msg/share/costom_msg/local_setup.bash
[0.423s] -- Up-to-date: /home/darragh/formula_trinity/fsai/acceleration_test/install/costom_msg/share/costom_msg/local_setup.sh
[0.424s] -- Up-to-date: /home/darragh/formula_trinity/fsai/acceleration_test/install/costom_msg/share/costom_msg/local_setup.zsh
[0.424s] -- Up-to-date: /home/darragh/formula_trinity/fsai/acceleration_test/install/costom_msg/share/costom_msg/local_setup.dsv
[0.424s] -- Installing: /home/darragh/formula_trinity/fsai/acceleration_test/install/costom_msg/share/costom_msg/package.dsv
[0.424s] -- Up-to-date: /home/darragh/formula_trinity/fsai/acceleration_test/install/costom_msg/share/ament_index/resource_index/packages/costom_msg
[0.424s] -- Up-to-date: /home/darragh/formula_trinity/fsai/acceleration_test/install/costom_msg/share/costom_msg/cmake/costom_msg__rosidl_generator_cExport.cmake
[0.424s] -- Up-to-date: /home/darragh/formula_trinity/fsai/acceleration_test/install/costom_msg/share/costom_msg/cmake/costom_msg__rosidl_generator_cExport-noconfig.cmake
[0.425s] -- Up-to-date: /home/darragh/formula_trinity/fsai/acceleration_test/install/costom_msg/share/costom_msg/cmake/costom_msg__rosidl_typesupport_introspection_cExport.cmake
[0.425s] -- Up-to-date: /home/darragh/formula_trinity/fsai/acceleration_test/install/costom_msg/share/costom_msg/cmake/costom_msg__rosidl_typesupport_introspection_cExport-noconfig.cmake
[0.425s] -- Up-to-date: /home/darragh/formula_trinity/fsai/acceleration_test/install/costom_msg/share/costom_msg/cmake/costom_msg__rosidl_typesupport_cExport.cmake
[0.425s] -- Up-to-date: /home/darragh/formula_trinity/fsai/acceleration_test/install/costom_msg/share/costom_msg/cmake/costom_msg__rosidl_typesupport_cExport-noconfig.cmake
[0.425s] -- Up-to-date: /home/darragh/formula_trinity/fsai/acceleration_test/install/costom_msg/share/costom_msg/cmake/costom_msg__rosidl_generator_cppExport.cmake
[0.425s] -- Up-to-date: /home/darragh/formula_trinity/fsai/acceleration_test/install/costom_msg/share/costom_msg/cmake/costom_msg__rosidl_typesupport_introspection_cppExport.cmake
[0.426s] -- Up-to-date: /home/darragh/formula_trinity/fsai/acceleration_test/install/costom_msg/share/costom_msg/cmake/costom_msg__rosidl_typesupport_introspection_cppExport-noconfig.cmake
[0.426s] -- Up-to-date: /home/darragh/formula_trinity/fsai/acceleration_test/install/costom_msg/share/costom_msg/cmake/costom_msg__rosidl_typesupport_cppExport.cmake
[0.426s] -- Up-to-date: /home/darragh/formula_trinity/fsai/acceleration_test/install/costom_msg/share/costom_msg/cmake/costom_msg__rosidl_typesupport_cppExport-noconfig.cmake
[0.426s] -- Up-to-date: /home/darragh/formula_trinity/fsai/acceleration_test/install/costom_msg/share/costom_msg/cmake/rosidl_cmake-extras.cmake
[0.427s] -- Up-to-date: /home/darragh/formula_trinity/fsai/acceleration_test/install/costom_msg/share/costom_msg/cmake/ament_cmake_export_dependencies-extras.cmake
[0.427s] -- Up-to-date: /home/darragh/formula_trinity/fsai/acceleration_test/install/costom_msg/share/costom_msg/cmake/ament_cmake_export_libraries-extras.cmake
[0.427s] -- Up-to-date: /home/darragh/formula_trinity/fsai/acceleration_test/install/costom_msg/share/costom_msg/cmake/ament_cmake_export_targets-extras.cmake
[0.427s] -- Up-to-date: /home/darragh/formula_trinity/fsai/acceleration_test/install/costom_msg/share/costom_msg/cmake/ament_cmake_export_include_directories-extras.cmake
[0.427s] -- Up-to-date: /home/darragh/formula_trinity/fsai/acceleration_test/install/costom_msg/share/costom_msg/cmake/rosidl_cmake_export_typesupport_libraries-extras.cmake
[0.427s] -- Up-to-date: /home/darragh/formula_trinity/fsai/acceleration_test/install/costom_msg/share/costom_msg/cmake/rosidl_cmake_export_typesupport_targets-extras.cmake
[0.427s] -- Up-to-date: /home/darragh/formula_trinity/fsai/acceleration_test/install/costom_msg/share/costom_msg/cmake/costom_msgConfig.cmake
[0.427s] -- Up-to-date: /home/darragh/formula_trinity/fsai/acceleration_test/install/costom_msg/share/costom_msg/cmake/costom_msgConfig-version.cmake
[0.428s] -- Up-to-date: /home/darragh/formula_trinity/fsai/acceleration_test/install/costom_msg/share/costom_msg/package.xml
[0.431s] Invoked command in '/home/darragh/formula_trinity/fsai/acceleration_test/build/costom_msg' returned '0': /usr/bin/cmake --install /home/darragh/formula_trinity/fsai/acceleration_test/build/costom_msg
