-- The C compiler identification is GNU 9.4.0
-- The CXX compiler identification is GNU 9.4.0
-- Check for working C compiler: /usr/bin/cc
-- Check for working C compiler: /usr/bin/cc -- works
-- Detecting C compiler ABI info
-- Detecting C compiler ABI info - done
-- Detecting C compile features
-- Detecting C compile features - done
-- Check for working CXX compiler: /usr/bin/c++
-- Check for working CXX compiler: /usr/bin/c++ -- works
-- Detecting CXX compiler ABI info
-- Detecting CXX compiler ABI info - done
-- Detecting CXX compile features
-- Detecting CXX compile features - done
-- Found ament_cmake: 1.1.6 (/opt/ros/galactic/share/ament_cmake/cmake)
-- Found PythonInterp: /usr/bin/python3 (found suitable version "3.8.10", minimum required is "3") 
-- Using PYTHON_EXECUTABLE: /usr/bin/python3
CMake Error at CMakeLists.txt:9 (find_package):
  By not providing "Findrosidl_generate_interfaces.cmake" in
  CMAKE_MODULE_PATH this project has asked CMake to find a package
  configuration file provided by "rosidl_generate_interfaces", but CMake did
  not find one.

  Could not find a package configuration file provided by
  "rosidl_generate_interfaces" with any of the following names:

    rosidl_generate_interfacesConfig.cmake
    rosidl_generate_interfaces-config.cmake

  Add the installation prefix of "rosidl_generate_interfaces" to
  CMAKE_PREFIX_PATH or set "rosidl_generate_interfaces_DIR" to a directory
  containing one of the above files.  If "rosidl_generate_interfaces"
  provides a separate development package or SDK, be sure it has been
  installed.


-- Configuring incomplete, errors occurred!
See also "/home/darragh/formula_trinity/fsai/acceleration_test/build/costom_msg/CMakeFiles/CMakeOutput.log".
